2022-06-22 14:14:32 URL:http://repo.cybint-linux.com/cybint/dists/cybint/InRelease [9451/9451] -> "/home/coder/Projects/cybint-images/images/netinst/amd64/chroot/var/lib/apt/lists/partial/repo.cybint-linux.com_cybint_dists_cybint_InRelease" [1]
gpgv: Signature made Wed Jun 15 15:50:03 2022 EDT
gpgv:                using RSA key C18F988B0F1E6E4AF1BCBE77CEA109E6617F154F
gpgv: Good signature from "CYBINT (CYBINT Linux) <coder@cybint-linux.com>"
2022-06-22 14:14:42 URL:http://repo.cybint-linux.com/cybint/dists/cybint/main/binary-amd64/Packages.bz2 [14388452/14388452] -> "/home/coder/Projects/cybint-images/images/netinst/amd64/chroot/var/lib/apt/lists/partial/repo.cybint-linux.com_cybint_dists_cybint_main_binary-amd64_Packages.bz2" [1]
2022-06-22 14:15:02 URL:http://repo.cybint-linux.com/cybint/pool/main/a/adduser/adduser_3.121_all.deb [224432/224432] -> "/home/coder/Projects/cybint-images/images/netinst/amd64/chroot//var/cache/apt/archives/partial/adduser_3.121_all.deb" [1]
2022-06-22 14:15:03 URL:http://repo.cybint-linux.com/cybint/pool/main/a/apt/apt_2.5.0_amd64.deb [1500268/1500268] -> "/home/coder/Projects/cybint-images/images/netinst/amd64/chroot//var/cache/apt/archives/partial/apt_2.5.0_amd64.deb" [1]
2022-06-22 14:15:03 URL:http://repo.cybint-linux.com/cybint/pool/main/a/apt/apt-utils_2.5.0_amd64.deb [445608/445608] -> "/home/coder/Projects/cybint-images/images/netinst/amd64/chroot//var/cache/apt/archives/partial/apt-utils_2.5.0_amd64.deb" [1]
2022-06-22 14:15:04 URL:http://repo.cybint-linux.com/cybint/pool/main/b/base-files/base-files_12.2_amd64.deb [70148/70148] -> "/home/coder/Projects/cybint-images/images/netinst/amd64/chroot//var/cache/apt/archives/partial/base-files_12.2_amd64.deb" [1]
2022-06-22 14:15:04 URL:http://repo.cybint-linux.com/cybint/pool/main/b/base-passwd/base-passwd_3.5.52_amd64.deb [58680/58680] -> "/home/coder/Projects/cybint-images/images/netinst/amd64/chroot//var/cache/apt/archives/partial/base-passwd_3.5.52_amd64.deb" [1]
2022-06-22 14:15:06 URL:http://repo.cybint-linux.com/cybint/pool/main/b/bash/bash_5.1-6.1_amd64.deb [1411284/1411284] -> "/home/coder/Projects/cybint-images/images/netinst/amd64/chroot//var/cache/apt/archives/partial/bash_5.1-6.1_amd64.deb" [1]
2022-06-22 14:15:06 URL:http://repo.cybint-linux.com/cybint/pool/main/u/util-linux/bsdutils_2.38-4_amd64.deb [151168/151168] -> "/home/coder/Projects/cybint-images/images/netinst/amd64/chroot//var/cache/apt/archives/partial/bsdutils_1%3a2.38-4_amd64.deb" [1]
2022-06-22 14:15:08 URL:http://repo.cybint-linux.com/cybint/pool/main/c/coreutils/coreutils_8.32-4.1_amd64.deb [2853540/2853540] -> "/home/coder/Projects/cybint-images/images/netinst/amd64/chroot//var/cache/apt/archives/partial/coreutils_8.32-4.1_amd64.deb" [1]
2022-06-22 14:15:09 URL:http://repo.cybint-linux.com/cybint/pool/main/c/cpio/cpio_2.13+dfsg-7_amd64.deb [244476/244476] -> "/home/coder/Projects/cybint-images/images/netinst/amd64/chroot//var/cache/apt/archives/partial/cpio_2.13+dfsg-7_amd64.deb" [1]
2022-06-22 14:15:09 URL:http://repo.cybint-linux.com/cybint/pool/main/c/cron/cron_3.0pl1-139_amd64.deb [99940/99940] -> "/home/coder/Projects/cybint-images/images/netinst/amd64/chroot//var/cache/apt/archives/partial/cron_3.0pl1-139_amd64.deb" [1]
2022-06-22 14:15:09 URL:http://repo.cybint-linux.com/cybint/pool/main/c/cybint-archive-keyring/cybint-archive-keyring_1.0_all.deb [3276/3276] -> "/home/coder/Projects/cybint-images/images/netinst/amd64/chroot//var/cache/apt/archives/partial/cybint-archive-keyring_1.0_all.deb" [1]
2022-06-22 14:15:10 URL:http://repo.cybint-linux.com/cybint/pool/main/d/dash/dash_0.5.11+git20210903+057cd650a4ed-8_amd64.deb [113288/113288] -> "/home/coder/Projects/cybint-images/images/netinst/amd64/chroot//var/cache/apt/archives/partial/dash_0.5.11+git20210903+057cd650a4ed-8_amd64.deb" [1]
2022-06-22 14:15:10 URL:http://repo.cybint-linux.com/cybint/pool/main/d/debconf/debconf_1.5.79_all.deb [142568/142568] -> "/home/coder/Projects/cybint-images/images/netinst/amd64/chroot//var/cache/apt/archives/partial/debconf_1.5.79_all.deb" [1]
2022-06-22 14:15:10 URL:http://repo.cybint-linux.com/cybint/pool/main/d/debconf/debconf-i18n_1.5.79_all.deb [207880/207880] -> "/home/coder/Projects/cybint-images/images/netinst/amd64/chroot//var/cache/apt/archives/partial/debconf-i18n_1.5.79_all.deb" [1]
2022-06-22 14:15:11 URL:http://repo.cybint-linux.com/cybint/pool/main/d/debian-archive-keyring/debian-archive-keyring_2021.1.1_all.deb [93592/93592] -> "/home/coder/Projects/cybint-images/images/netinst/amd64/chroot//var/cache/apt/archives/partial/debian-archive-keyring_2021.1.1_all.deb" [1]
2022-06-22 14:15:11 URL:http://repo.cybint-linux.com/cybint/pool/main/d/debianutils/debianutils_5.7-0.2_amd64.deb [102324/102324] -> "/home/coder/Projects/cybint-images/images/netinst/amd64/chroot//var/cache/apt/archives/partial/debianutils_5.7-0.2_amd64.deb" [1]
2022-06-22 14:15:11 URL:http://repo.cybint-linux.com/cybint/pool/main/d/diffutils/diffutils_3.7-5_amd64.deb [373248/373248] -> "/home/coder/Projects/cybint-images/images/netinst/amd64/chroot//var/cache/apt/archives/partial/diffutils_1%3a3.7-5_amd64.deb" [1]
2022-06-22 14:15:12 URL:http://repo.cybint-linux.com/cybint/pool/main/d/dmidecode/dmidecode_3.3-3_amd64.deb [64692/64692] -> "/home/coder/Projects/cybint-images/images/netinst/amd64/chroot//var/cache/apt/archives/partial/dmidecode_3.3-3_amd64.deb" [1]
2022-06-22 14:15:12 URL:http://repo.cybint-linux.com/cybint/pool/main/l/lvm2/dmsetup_1.02.175-2.1_amd64.deb [92056/92056] -> "/home/coder/Projects/cybint-images/images/netinst/amd64/chroot//var/cache/apt/archives/partial/dmsetup_2%3a1.02.175-2.1_amd64.deb" [1]
2022-06-22 14:15:13 URL:http://repo.cybint-linux.com/cybint/pool/main/d/dpkg/dpkg_1.21.8_amd64.deb [2555788/2555788] -> "/home/coder/Projects/cybint-images/images/netinst/amd64/chroot//var/cache/apt/archives/partial/dpkg_1.21.8_amd64.deb" [1]
2022-06-22 14:15:15 URL:http://repo.cybint-linux.com/cybint/pool/main/e/e2fsprogs/e2fsprogs_1.46.5-2_amd64.deb [621916/621916] -> "/home/coder/Projects/cybint-images/images/netinst/amd64/chroot//var/cache/apt/archives/partial/e2fsprogs_1.46.5-2_amd64.deb" [1]
2022-06-22 14:15:15 URL:http://repo.cybint-linux.com/cybint/pool/main/u/util-linux/fdisk_2.38-4_amd64.deb [198944/198944] -> "/home/coder/Projects/cybint-images/images/netinst/amd64/chroot//var/cache/apt/archives/partial/fdisk_2.38-4_amd64.deb" [1]
2022-06-22 14:15:16 URL:http://repo.cybint-linux.com/cybint/pool/main/f/findutils/findutils_4.9.0-3_amd64.deb [681372/681372] -> "/home/coder/Projects/cybint-images/images/netinst/amd64/chroot//var/cache/apt/archives/partial/findutils_4.9.0-3_amd64.deb" [1]
2022-06-22 14:15:16 URL:http://repo.cybint-linux.com/cybint/pool/main/g/gcc-12/gcc-12-base_12.1.0-2_amd64.deb [206656/206656] -> "/home/coder/Projects/cybint-images/images/netinst/amd64/chroot//var/cache/apt/archives/partial/gcc-12-base_12.1.0-2_amd64.deb" [1]
2022-06-22 14:15:17 URL:http://repo.cybint-linux.com/cybint/pool/main/g/gnupg2/gpgv_2.2.35-2_amd64.deb [660168/660168] -> "/home/coder/Projects/cybint-images/images/netinst/amd64/chroot//var/cache/apt/archives/partial/gpgv_2.2.35-2_amd64.deb" [1]
2022-06-22 14:15:17 URL:http://repo.cybint-linux.com/cybint/pool/main/g/grep/grep_3.7-1_amd64.deb [403956/403956] -> "/home/coder/Projects/cybint-images/images/netinst/amd64/chroot//var/cache/apt/archives/partial/grep_3.7-1_amd64.deb" [1]
2022-06-22 14:15:18 URL:http://repo.cybint-linux.com/cybint/pool/main/g/gzip/gzip_1.12-1_amd64.deb [140364/140364] -> "/home/coder/Projects/cybint-images/images/netinst/amd64/chroot//var/cache/apt/archives/partial/gzip_1.12-1_amd64.deb" [1]
2022-06-22 14:15:18 URL:http://repo.cybint-linux.com/cybint/pool/main/h/hostname/hostname_3.23_amd64.deb [14948/14948] -> "/home/coder/Projects/cybint-images/images/netinst/amd64/chroot//var/cache/apt/archives/partial/hostname_3.23_amd64.deb" [1]
2022-06-22 14:15:18 URL:http://repo.cybint-linux.com/cybint/pool/main/i/ifupdown/ifupdown_0.8.37_amd64.deb [82144/82144] -> "/home/coder/Projects/cybint-images/images/netinst/amd64/chroot//var/cache/apt/archives/partial/ifupdown_0.8.37_amd64.deb" [1]
2022-06-22 14:15:18 URL:http://repo.cybint-linux.com/cybint/pool/main/i/init-system-helpers/init_1.63_amd64.deb [16136/16136] -> "/home/coder/Projects/cybint-images/images/netinst/amd64/chroot//var/cache/apt/archives/partial/init_1.63_amd64.deb" [1]
2022-06-22 14:15:18 URL:http://repo.cybint-linux.com/cybint/pool/main/i/init-system-helpers/init-system-helpers_1.63_all.deb [48940/48940] -> "/home/coder/Projects/cybint-images/images/netinst/amd64/chroot//var/cache/apt/archives/partial/init-system-helpers_1.63_all.deb" [1]
2022-06-22 14:15:19 URL:http://repo.cybint-linux.com/cybint/pool/main/i/iproute2/iproute2_5.18.0-1_amd64.deb [1025584/1025584] -> "/home/coder/Projects/cybint-images/images/netinst/amd64/chroot//var/cache/apt/archives/partial/iproute2_5.18.0-1_amd64.deb" [1]
2022-06-22 14:15:19 URL:http://repo.cybint-linux.com/cybint/pool/main/i/iputils/iputils-ping_20211215-1_amd64.deb [51296/51296] -> "/home/coder/Projects/cybint-images/images/netinst/amd64/chroot//var/cache/apt/archives/partial/iputils-ping_3%3a20211215-1_amd64.deb" [1]
2022-06-22 14:15:20 URL:http://repo.cybint-linux.com/cybint/pool/main/i/isc-dhcp/isc-dhcp-client_4.4.3-2_amd64.deb [1118368/1118368] -> "/home/coder/Projects/cybint-images/images/netinst/amd64/chroot//var/cache/apt/archives/partial/isc-dhcp-client_4.4.3-2_amd64.deb" [1]
2022-06-22 14:15:21 URL:http://repo.cybint-linux.com/cybint/pool/main/i/isc-dhcp/isc-dhcp-common_4.4.3-2_amd64.deb [145256/145256] -> "/home/coder/Projects/cybint-images/images/netinst/amd64/chroot//var/cache/apt/archives/partial/isc-dhcp-common_4.4.3-2_amd64.deb" [1]
2022-06-22 14:15:21 URL:http://repo.cybint-linux.com/cybint/pool/main/k/kmod/kmod_29-1+b1_amd64.deb [92896/92896] -> "/home/coder/Projects/cybint-images/images/netinst/amd64/chroot//var/cache/apt/archives/partial/kmod_29-1+b1_amd64.deb" [1]
2022-06-22 14:15:21 URL:http://repo.cybint-linux.com/cybint/pool/main/l/less/less_590-1_amd64.deb [143176/143176] -> "/home/coder/Projects/cybint-images/images/netinst/amd64/chroot//var/cache/apt/archives/partial/less_590-1_amd64.deb" [1]
2022-06-22 14:15:22 URL:http://repo.cybint-linux.com/cybint/pool/main/a/acl/libacl1_2.3.1-1_amd64.deb [31216/31216] -> "/home/coder/Projects/cybint-images/images/netinst/amd64/chroot//var/cache/apt/archives/partial/libacl1_2.3.1-1_amd64.deb" [1]
2022-06-22 14:15:22 URL:http://repo.cybint-linux.com/cybint/pool/main/a/apparmor/libapparmor1_3.0.4-2_amd64.deb [103852/103852] -> "/home/coder/Projects/cybint-images/images/netinst/amd64/chroot//var/cache/apt/archives/partial/libapparmor1_3.0.4-2_amd64.deb" [1]
2022-06-22 14:15:23 URL:http://repo.cybint-linux.com/cybint/pool/main/a/apt/libapt-pkg6.0_2.5.0_amd64.deb [1027700/1027700] -> "/home/coder/Projects/cybint-images/images/netinst/amd64/chroot//var/cache/apt/archives/partial/libapt-pkg6.0_2.5.0_amd64.deb" [1]
2022-06-22 14:15:23 URL:http://repo.cybint-linux.com/cybint/pool/main/a/argon2/libargon2-1_0~20171227-0.3_amd64.deb [19972/19972] -> "/home/coder/Projects/cybint-images/images/netinst/amd64/chroot//var/cache/apt/archives/partial/libargon2-1_0~20171227-0.3_amd64.deb" [1]
2022-06-22 14:15:23 URL:http://repo.cybint-linux.com/cybint/pool/main/a/attr/libattr1_2.5.1-1_amd64.deb [21740/21740] -> "/home/coder/Projects/cybint-images/images/netinst/amd64/chroot//var/cache/apt/archives/partial/libattr1_1%3a2.5.1-1_amd64.deb" [1]
2022-06-22 14:15:23 URL:http://repo.cybint-linux.com/cybint/pool/main/a/audit/libaudit-common_3.0.7-1_all.deb [16032/16032] -> "/home/coder/Projects/cybint-images/images/netinst/amd64/chroot//var/cache/apt/archives/partial/libaudit-common_1%3a3.0.7-1_all.deb" [1]
2022-06-22 14:15:23 URL:http://repo.cybint-linux.com/cybint/pool/main/a/audit/libaudit1_3.0.7-1+b1_amd64.deb [52472/52472] -> "/home/coder/Projects/cybint-images/images/netinst/amd64/chroot//var/cache/apt/archives/partial/libaudit1_1%3a3.0.7-1+b1_amd64.deb" [1]
2022-06-22 14:15:24 URL:http://repo.cybint-linux.com/cybint/pool/main/u/util-linux/libblkid1_2.38-4_amd64.deb [205148/205148] -> "/home/coder/Projects/cybint-images/images/netinst/amd64/chroot//var/cache/apt/archives/partial/libblkid1_2.38-4_amd64.deb" [1]
2022-06-22 14:15:24 URL:http://repo.cybint-linux.com/cybint/pool/main/libb/libbpf/libbpf0_0.8.0-1_amd64.deb [153364/153364] -> "/home/coder/Projects/cybint-images/images/netinst/amd64/chroot//var/cache/apt/archives/partial/libbpf0_1%3a0.8.0-1_amd64.deb" [1]
2022-06-22 14:15:24 URL:http://repo.cybint-linux.com/cybint/pool/main/libb/libbsd/libbsd0_0.11.6-1_amd64.deb [113640/113640] -> "/home/coder/Projects/cybint-images/images/netinst/amd64/chroot//var/cache/apt/archives/partial/libbsd0_0.11.6-1_amd64.deb" [1]
2022-06-22 14:15:25 URL:http://repo.cybint-linux.com/cybint/pool/main/b/bzip2/libbz2-1.0_1.0.8-5_amd64.deb [46160/46160] -> "/home/coder/Projects/cybint-images/images/netinst/amd64/chroot//var/cache/apt/archives/partial/libbz2-1.0_1.0.8-5_amd64.deb" [1]
2022-06-22 14:15:25 URL:http://repo.cybint-linux.com/cybint/pool/main/g/glibc/libc-bin_2.33-7_amd64.deb [843120/843120] -> "/home/coder/Projects/cybint-images/images/netinst/amd64/chroot//var/cache/apt/archives/partial/libc-bin_2.33-7_amd64.deb" [1]
2022-06-22 14:15:28 URL:http://repo.cybint-linux.com/cybint/pool/main/g/glibc/libc6_2.33-7_amd64.deb [2843204/2843204] -> "/home/coder/Projects/cybint-images/images/netinst/amd64/chroot//var/cache/apt/archives/partial/libc6_2.33-7_amd64.deb" [1]
2022-06-22 14:15:28 URL:http://repo.cybint-linux.com/cybint/pool/main/libc/libcap-ng/libcap-ng0_0.7.9-2.2+b2_amd64.deb [14748/14748] -> "/home/coder/Projects/cybint-images/images/netinst/amd64/chroot//var/cache/apt/archives/partial/libcap-ng0_0.7.9-2.2+b2_amd64.deb" [1]
2022-06-22 14:15:28 URL:http://repo.cybint-linux.com/cybint/pool/main/libc/libcap2/libcap2_2.44-1_amd64.deb [23604/23604] -> "/home/coder/Projects/cybint-images/images/netinst/amd64/chroot//var/cache/apt/archives/partial/libcap2_1%3a2.44-1_amd64.deb" [1]
2022-06-22 14:15:28 URL:http://repo.cybint-linux.com/cybint/pool/main/libc/libcap2/libcap2-bin_2.44-1_amd64.deb [32612/32612] -> "/home/coder/Projects/cybint-images/images/netinst/amd64/chroot//var/cache/apt/archives/partial/libcap2-bin_1%3a2.44-1_amd64.deb" [1]
2022-06-22 14:15:28 URL:http://repo.cybint-linux.com/cybint/pool/main/e/e2fsprogs/libcom-err2_1.46.5-2_amd64.deb [75656/75656] -> "/home/coder/Projects/cybint-images/images/netinst/amd64/chroot//var/cache/apt/archives/partial/libcom-err2_1.46.5-2_amd64.deb" [1]
2022-06-22 14:15:29 URL:http://repo.cybint-linux.com/cybint/pool/main/libx/libxcrypt/libcrypt1_4.4.27-1.1_amd64.deb [89044/89044] -> "/home/coder/Projects/cybint-images/images/netinst/amd64/chroot//var/cache/apt/archives/partial/libcrypt1_1%3a4.4.27-1.1_amd64.deb" [1]
2022-06-22 14:15:29 URL:http://repo.cybint-linux.com/cybint/pool/main/c/cryptsetup/libcryptsetup12_2.4.3-1+b1_amd64.deb [244700/244700] -> "/home/coder/Projects/cybint-images/images/netinst/amd64/chroot//var/cache/apt/archives/partial/libcryptsetup12_2%3a2.4.3-1+b1_amd64.deb" [1]
2022-06-22 14:15:30 URL:http://repo.cybint-linux.com/cybint/pool/main/d/db5.3/libdb5.3_5.3.28+dfsg1-0.9_amd64.deb [682912/682912] -> "/home/coder/Projects/cybint-images/images/netinst/amd64/chroot//var/cache/apt/archives/partial/libdb5.3_5.3.28+dfsg1-0.9_amd64.deb" [1]
2022-06-22 14:15:30 URL:http://repo.cybint-linux.com/cybint/pool/main/c/cdebconf/libdebconfclient0_0.262_amd64.deb [50772/50772] -> "/home/coder/Projects/cybint-images/images/netinst/amd64/chroot//var/cache/apt/archives/partial/libdebconfclient0_0.262_amd64.deb" [1]
2022-06-22 14:15:31 URL:http://repo.cybint-linux.com/cybint/pool/main/l/lvm2/libdevmapper1.02.1_1.02.175-2.1_amd64.deb [142920/142920] -> "/home/coder/Projects/cybint-images/images/netinst/amd64/chroot//var/cache/apt/archives/partial/libdevmapper1.02.1_2%3a1.02.175-2.1_amd64.deb" [1]
2022-06-22 14:15:31 URL:http://repo.cybint-linux.com/cybint/pool/main/libe/libedit/libedit2_3.1-20210910-1_amd64.deb [97496/97496] -> "/home/coder/Projects/cybint-images/images/netinst/amd64/chroot//var/cache/apt/archives/partial/libedit2_3.1-20210910-1_amd64.deb" [1]
2022-06-22 14:15:31 URL:http://repo.cybint-linux.com/cybint/pool/main/e/elfutils/libelf1_0.187-1_amd64.deb [178920/178920] -> "/home/coder/Projects/cybint-images/images/netinst/amd64/chroot//var/cache/apt/archives/partial/libelf1_0.187-1_amd64.deb" [1]
2022-06-22 14:15:31 URL:http://repo.cybint-linux.com/cybint/pool/main/libe/libestr/libestr0_0.1.10-2.1+b1_amd64.deb [9048/9048] -> "/home/coder/Projects/cybint-images/images/netinst/amd64/chroot//var/cache/apt/archives/partial/libestr0_0.1.10-2.1+b1_amd64.deb" [1]
2022-06-22 14:15:32 URL:http://repo.cybint-linux.com/cybint/pool/main/e/e2fsprogs/libext2fs2_1.46.5-2_amd64.deb [257696/257696] -> "/home/coder/Projects/cybint-images/images/netinst/amd64/chroot//var/cache/apt/archives/partial/libext2fs2_1.46.5-2_amd64.deb" [1]
2022-06-22 14:15:32 URL:http://repo.cybint-linux.com/cybint/pool/main/libf/libfastjson/libfastjson4_0.99.9-1_amd64.deb [28432/28432] -> "/home/coder/Projects/cybint-images/images/netinst/amd64/chroot//var/cache/apt/archives/partial/libfastjson4_0.99.9-1_amd64.deb" [1]
2022-06-22 14:15:32 URL:http://repo.cybint-linux.com/cybint/pool/main/u/util-linux/libfdisk1_2.38-4_amd64.deb [249828/249828] -> "/home/coder/Projects/cybint-images/images/netinst/amd64/chroot//var/cache/apt/archives/partial/libfdisk1_2.38-4_amd64.deb" [1]
2022-06-22 14:15:33 URL:http://repo.cybint-linux.com/cybint/pool/main/libf/libffi/libffi8_3.4.2-4_amd64.deb [24744/24744] -> "/home/coder/Projects/cybint-images/images/netinst/amd64/chroot//var/cache/apt/archives/partial/libffi8_3.4.2-4_amd64.deb" [1]
2022-06-22 14:15:33 URL:http://repo.cybint-linux.com/cybint/pool/main/g/gcc-12/libgcc-s1_12.1.0-2_amd64.deb [50236/50236] -> "/home/coder/Projects/cybint-images/images/netinst/amd64/chroot//var/cache/apt/archives/partial/libgcc-s1_12.1.0-2_amd64.deb" [1]
2022-06-22 14:15:34 URL:http://repo.cybint-linux.com/cybint/pool/main/libg/libgcrypt20/libgcrypt20_1.10.1-2_amd64.deb [704080/704080] -> "/home/coder/Projects/cybint-images/images/netinst/amd64/chroot//var/cache/apt/archives/partial/libgcrypt20_1.10.1-2_amd64.deb" [1]
2022-06-22 14:15:34 URL:http://repo.cybint-linux.com/cybint/pool/main/g/gmp/libgmp10_6.2.1+dfsg-3_amd64.deb [559872/559872] -> "/home/coder/Projects/cybint-images/images/netinst/amd64/chroot//var/cache/apt/archives/partial/libgmp10_2%3a6.2.1+dfsg-3_amd64.deb" [1]
2022-06-22 14:15:36 URL:http://repo.cybint-linux.com/cybint/pool/main/g/gnutls28/libgnutls30_3.7.4-2_amd64.deb [1386576/1386576] -> "/home/coder/Projects/cybint-images/images/netinst/amd64/chroot//var/cache/apt/archives/partial/libgnutls30_3.7.4-2_amd64.deb" [1]
2022-06-22 14:15:36 URL:http://repo.cybint-linux.com/cybint/pool/main/libg/libgpg-error/libgpg-error0_1.45-2_amd64.deb [82684/82684] -> "/home/coder/Projects/cybint-images/images/netinst/amd64/chroot//var/cache/apt/archives/partial/libgpg-error0_1.45-2_amd64.deb" [1]
2022-06-22 14:15:36 URL:http://repo.cybint-linux.com/cybint/pool/main/k/krb5/libgssapi-krb5-2_1.19.2-2+b2_amd64.deb [166232/166232] -> "/home/coder/Projects/cybint-images/images/netinst/amd64/chroot//var/cache/apt/archives/partial/libgssapi-krb5-2_1.19.2-2+b2_amd64.deb" [1]
2022-06-22 14:15:37 URL:http://repo.cybint-linux.com/cybint/pool/main/n/nettle/libhogweed6_3.7.3-1_amd64.deb [320468/320468] -> "/home/coder/Projects/cybint-images/images/netinst/amd64/chroot//var/cache/apt/archives/partial/libhogweed6_3.7.3-1_amd64.deb" [1]
2022-06-22 14:15:37 URL:http://repo.cybint-linux.com/cybint/pool/main/libi/libidn2/libidn2-0_2.3.2-2_amd64.deb [95268/95268] -> "/home/coder/Projects/cybint-images/images/netinst/amd64/chroot//var/cache/apt/archives/partial/libidn2-0_2.3.2-2_amd64.deb" [1]
2022-06-22 14:15:37 URL:http://repo.cybint-linux.com/cybint/pool/main/i/iptables/libip4tc2_1.8.8-1_amd64.deb [34860/34860] -> "/home/coder/Projects/cybint-images/images/netinst/amd64/chroot//var/cache/apt/archives/partial/libip4tc2_1.8.8-1_amd64.deb" [1]
2022-06-22 14:15:37 URL:http://repo.cybint-linux.com/cybint/pool/main/j/jansson/libjansson4_2.14-2_amd64.deb [40788/40788] -> "/home/coder/Projects/cybint-images/images/netinst/amd64/chroot//var/cache/apt/archives/partial/libjansson4_2.14-2_amd64.deb" [1]
2022-06-22 14:15:37 URL:http://repo.cybint-linux.com/cybint/pool/main/j/json-c/libjson-c5_0.16-1_amd64.deb [44008/44008] -> "/home/coder/Projects/cybint-images/images/netinst/amd64/chroot//var/cache/apt/archives/partial/libjson-c5_0.16-1_amd64.deb" [1]
2022-06-22 14:15:38 URL:http://repo.cybint-linux.com/cybint/pool/main/k/krb5/libk5crypto3_1.19.2-2+b2_amd64.deb [113644/113644] -> "/home/coder/Projects/cybint-images/images/netinst/amd64/chroot//var/cache/apt/archives/partial/libk5crypto3_1.19.2-2+b2_amd64.deb" [1]
2022-06-22 14:15:38 URL:http://repo.cybint-linux.com/cybint/pool/main/k/keyutils/libkeyutils1_1.6.1-3_amd64.deb [15520/15520] -> "/home/coder/Projects/cybint-images/images/netinst/amd64/chroot//var/cache/apt/archives/partial/libkeyutils1_1.6.1-3_amd64.deb" [1]
2022-06-22 14:15:38 URL:http://repo.cybint-linux.com/cybint/pool/main/k/kmod/libkmod2_29-1+b1_amd64.deb [56636/56636] -> "/home/coder/Projects/cybint-images/images/netinst/amd64/chroot//var/cache/apt/archives/partial/libkmod2_29-1+b1_amd64.deb" [1]
2022-06-22 14:15:39 URL:http://repo.cybint-linux.com/cybint/pool/main/k/krb5/libkrb5-3_1.19.2-2+b2_amd64.deb [362704/362704] -> "/home/coder/Projects/cybint-images/images/netinst/amd64/chroot//var/cache/apt/archives/partial/libkrb5-3_1.19.2-2+b2_amd64.deb" [1]
2022-06-22 14:15:39 URL:http://repo.cybint-linux.com/cybint/pool/main/k/krb5/libkrb5support0_1.19.2-2+b2_amd64.deb [65864/65864] -> "/home/coder/Projects/cybint-images/images/netinst/amd64/chroot//var/cache/apt/archives/partial/libkrb5support0_1.19.2-2+b2_amd64.deb" [1]
2022-06-22 14:15:39 URL:http://repo.cybint-linux.com/cybint/pool/main/libl/liblocale-gettext-perl/liblocale-gettext-perl_1.07-4+b2_amd64.deb [19180/19180] -> "/home/coder/Projects/cybint-images/images/netinst/amd64/chroot//var/cache/apt/archives/partial/liblocale-gettext-perl_1.07-4+b2_amd64.deb" [1]
2022-06-22 14:15:39 URL:http://repo.cybint-linux.com/cybint/pool/main/libl/liblognorm/liblognorm5_2.0.5-1.1_amd64.deb [64512/64512] -> "/home/coder/Projects/cybint-images/images/netinst/amd64/chroot//var/cache/apt/archives/partial/liblognorm5_2.0.5-1.1_amd64.deb" [1]
2022-06-22 14:15:39 URL:http://repo.cybint-linux.com/cybint/pool/main/l/lz4/liblz4-1_1.9.3-2_amd64.deb [57492/57492] -> "/home/coder/Projects/cybint-images/images/netinst/amd64/chroot//var/cache/apt/archives/partial/liblz4-1_1.9.3-2_amd64.deb" [1]
2022-06-22 14:15:40 URL:http://repo.cybint-linux.com/cybint/pool/main/x/xz-utils/liblzma5_5.2.5-2.1_amd64.deb [168336/168336] -> "/home/coder/Projects/cybint-images/images/netinst/amd64/chroot//var/cache/apt/archives/partial/liblzma5_5.2.5-2.1_amd64.deb" [1]
2022-06-22 14:15:40 URL:http://repo.cybint-linux.com/cybint/pool/main/libm/libmd/libmd0_1.0.4-1_amd64.deb [29636/29636] -> "/home/coder/Projects/cybint-images/images/netinst/amd64/chroot//var/cache/apt/archives/partial/libmd0_1.0.4-1_amd64.deb" [1]
2022-06-22 14:15:40 URL:http://repo.cybint-linux.com/cybint/pool/main/libm/libmnl/libmnl0_1.0.4-3_amd64.deb [12476/12476] -> "/home/coder/Projects/cybint-images/images/netinst/amd64/chroot//var/cache/apt/archives/partial/libmnl0_1.0.4-3_amd64.deb" [1]
2022-06-22 14:15:40 URL:http://repo.cybint-linux.com/cybint/pool/main/u/util-linux/libmount1_2.38-4_amd64.deb [223120/223120] -> "/home/coder/Projects/cybint-images/images/netinst/amd64/chroot//var/cache/apt/archives/partial/libmount1_2.38-4_amd64.deb" [1]
2022-06-22 14:15:41 URL:http://repo.cybint-linux.com/cybint/pool/main/n/ncurses/libncurses6_6.3+20220423-2_amd64.deb [101776/101776] -> "/home/coder/Projects/cybint-images/images/netinst/amd64/chroot//var/cache/apt/archives/partial/libncurses6_6.3+20220423-2_amd64.deb" [1]
2022-06-22 14:15:41 URL:http://repo.cybint-linux.com/cybint/pool/main/n/ncurses/libncursesw6_6.3+20220423-2_amd64.deb [132876/132876] -> "/home/coder/Projects/cybint-images/images/netinst/amd64/chroot//var/cache/apt/archives/partial/libncursesw6_6.3+20220423-2_amd64.deb" [1]
2022-06-22 14:15:41 URL:http://repo.cybint-linux.com/cybint/pool/main/n/nettle/libnettle8_3.7.3-1_amd64.deb [270376/270376] -> "/home/coder/Projects/cybint-images/images/netinst/amd64/chroot//var/cache/apt/archives/partial/libnettle8_3.7.3-1_amd64.deb" [1]
2022-06-22 14:15:41 URL:http://repo.cybint-linux.com/cybint/pool/main/n/newt/libnewt0.52_0.52.21-5+b1_amd64.deb [74660/74660] -> "/home/coder/Projects/cybint-images/images/netinst/amd64/chroot//var/cache/apt/archives/partial/libnewt0.52_0.52.21-5+b1_amd64.deb" [1]
2022-06-22 14:15:42 URL:http://repo.cybint-linux.com/cybint/pool/main/n/nftables/libnftables1_1.0.2-1_amd64.deb [286456/286456] -> "/home/coder/Projects/cybint-images/images/netinst/amd64/chroot//var/cache/apt/archives/partial/libnftables1_1.0.2-1_amd64.deb" [1]
2022-06-22 14:15:42 URL:http://repo.cybint-linux.com/cybint/pool/main/libn/libnftnl/libnftnl11_1.2.2-1_amd64.deb [63112/63112] -> "/home/coder/Projects/cybint-images/images/netinst/amd64/chroot//var/cache/apt/archives/partial/libnftnl11_1.2.2-1_amd64.deb" [1]
2022-06-22 14:15:43 URL:http://repo.cybint-linux.com/cybint/pool/main/p/p11-kit/libp11-kit0_0.24.1-1_amd64.deb [351996/351996] -> "/home/coder/Projects/cybint-images/images/netinst/amd64/chroot//var/cache/apt/archives/partial/libp11-kit0_0.24.1-1_amd64.deb" [1]
2022-06-22 14:15:44 URL:http://repo.cybint-linux.com/cybint/pool/main/p/pam/libpam-modules_1.4.0-13_amd64.deb [324584/324584] -> "/home/coder/Projects/cybint-images/images/netinst/amd64/chroot//var/cache/apt/archives/partial/libpam-modules_1.4.0-13_amd64.deb" [1]
2022-06-22 14:15:44 URL:http://repo.cybint-linux.com/cybint/pool/main/p/pam/libpam-modules-bin_1.4.0-13_amd64.deb [108176/108176] -> "/home/coder/Projects/cybint-images/images/netinst/amd64/chroot//var/cache/apt/archives/partial/libpam-modules-bin_1.4.0-13_amd64.deb" [1]
2022-06-22 14:15:44 URL:http://repo.cybint-linux.com/cybint/pool/main/p/pam/libpam-runtime_1.4.0-13_all.deb [207844/207844] -> "/home/coder/Projects/cybint-images/images/netinst/amd64/chroot//var/cache/apt/archives/partial/libpam-runtime_1.4.0-13_all.deb" [1]
2022-06-22 14:15:45 URL:http://repo.cybint-linux.com/cybint/pool/main/p/pam/libpam0g_1.4.0-13_amd64.deb [129884/129884] -> "/home/coder/Projects/cybint-images/images/netinst/amd64/chroot//var/cache/apt/archives/partial/libpam0g_1.4.0-13_amd64.deb" [1]
2022-06-22 14:15:45 URL:http://repo.cybint-linux.com/cybint/pool/main/p/pcre2/libpcre2-8-0_10.40-1_amd64.deb [259432/259432] -> "/home/coder/Projects/cybint-images/images/netinst/amd64/chroot//var/cache/apt/archives/partial/libpcre2-8-0_10.40-1_amd64.deb" [1]
2022-06-22 14:15:45 URL:http://repo.cybint-linux.com/cybint/pool/main/p/pcre3/libpcre3_8.39-14_amd64.deb [344884/344884] -> "/home/coder/Projects/cybint-images/images/netinst/amd64/chroot//var/cache/apt/archives/partial/libpcre3_2%3a8.39-14_amd64.deb" [1]
2022-06-22 14:15:46 URL:http://repo.cybint-linux.com/cybint/pool/main/p/popt/libpopt0_1.18-3_amd64.deb [49704/49704] -> "/home/coder/Projects/cybint-images/images/netinst/amd64/chroot//var/cache/apt/archives/partial/libpopt0_1.18-3_amd64.deb" [1]
2022-06-22 14:15:46 URL:http://repo.cybint-linux.com/cybint/pool/main/p/procps/libprocps8_3.3.17-7+b1_amd64.deb [64188/64188] -> "/home/coder/Projects/cybint-images/images/netinst/amd64/chroot//var/cache/apt/archives/partial/libprocps8_2%3a3.3.17-7+b1_amd64.deb" [1]
2022-06-22 14:15:46 URL:http://repo.cybint-linux.com/cybint/pool/main/r/readline/libreadline8_8.1.2-1.2_amd64.deb [168412/168412] -> "/home/coder/Projects/cybint-images/images/netinst/amd64/chroot//var/cache/apt/archives/partial/libreadline8_8.1.2-1.2_amd64.deb" [1]
2022-06-22 14:15:47 URL:http://repo.cybint-linux.com/cybint/pool/main/libs/libseccomp/libseccomp2_2.5.4-1_amd64.deb [48456/48456] -> "/home/coder/Projects/cybint-images/images/netinst/amd64/chroot//var/cache/apt/archives/partial/libseccomp2_2.5.4-1_amd64.deb" [1]
2022-06-22 14:15:47 URL:http://repo.cybint-linux.com/cybint/pool/main/libs/libselinux/libselinux1_3.3-1+b2_amd64.deb [88532/88532] -> "/home/coder/Projects/cybint-images/images/netinst/amd64/chroot//var/cache/apt/archives/partial/libselinux1_3.3-1+b2_amd64.deb" [1]
2022-06-22 14:15:47 URL:http://repo.cybint-linux.com/cybint/pool/main/libs/libsemanage/libsemanage-common_3.3-1_all.deb [21564/21564] -> "/home/coder/Projects/cybint-images/images/netinst/amd64/chroot//var/cache/apt/archives/partial/libsemanage-common_3.3-1_all.deb" [1]
2022-06-22 14:15:47 URL:http://repo.cybint-linux.com/cybint/pool/main/libs/libsemanage/libsemanage2_3.3-1+b2_amd64.deb [98888/98888] -> "/home/coder/Projects/cybint-images/images/netinst/amd64/chroot//var/cache/apt/archives/partial/libsemanage2_3.3-1+b2_amd64.deb" [1]
2022-06-22 14:15:48 URL:http://repo.cybint-linux.com/cybint/pool/main/libs/libsepol/libsepol2_3.3-1_amd64.deb [278304/278304] -> "/home/coder/Projects/cybint-images/images/netinst/amd64/chroot//var/cache/apt/archives/partial/libsepol2_3.3-1_amd64.deb" [1]
2022-06-22 14:15:49 URL:http://repo.cybint-linux.com/cybint/pool/main/s/slang2/libslang2_2.3.2-5+b1_amd64.deb [510104/510104] -> "/home/coder/Projects/cybint-images/images/netinst/amd64/chroot//var/cache/apt/archives/partial/libslang2_2.3.2-5+b1_amd64.deb" [1]
2022-06-22 14:15:49 URL:http://repo.cybint-linux.com/cybint/pool/main/u/util-linux/libsmartcols1_2.38-4_amd64.deb [164128/164128] -> "/home/coder/Projects/cybint-images/images/netinst/amd64/chroot//var/cache/apt/archives/partial/libsmartcols1_2.38-4_amd64.deb" [1]
2022-06-22 14:15:49 URL:http://repo.cybint-linux.com/cybint/pool/main/e/e2fsprogs/libss2_1.46.5-2_amd64.deb [80284/80284] -> "/home/coder/Projects/cybint-images/images/netinst/amd64/chroot//var/cache/apt/archives/partial/libss2_1.46.5-2_amd64.deb" [1]
2022-06-22 14:15:51 URL:http://repo.cybint-linux.com/cybint/pool/main/o/openssl/libssl3_3.0.3-7_amd64.deb [2031616/2031616] -> "/home/coder/Projects/cybint-images/images/netinst/amd64/chroot//var/cache/apt/archives/partial/libssl3_3.0.3-7_amd64.deb" [1]
2022-06-22 14:15:52 URL:http://repo.cybint-linux.com/cybint/pool/main/g/gcc-12/libstdc++6_12.1.0-2_amd64.deb [613612/613612] -> "/home/coder/Projects/cybint-images/images/netinst/amd64/chroot//var/cache/apt/archives/partial/libstdc++6_12.1.0-2_amd64.deb" [1]
2022-06-22 14:15:52 URL:http://repo.cybint-linux.com/cybint/pool/main/s/systemd/libsystemd0_250.4-1_amd64.deb [404056/404056] -> "/home/coder/Projects/cybint-images/images/netinst/amd64/chroot//var/cache/apt/archives/partial/libsystemd0_250.4-1_amd64.deb" [1]
2022-06-22 14:15:52 URL:http://repo.cybint-linux.com/cybint/pool/main/libt/libtasn1-6/libtasn1-6_4.18.0-4_amd64.deb [55944/55944] -> "/home/coder/Projects/cybint-images/images/netinst/amd64/chroot//var/cache/apt/archives/partial/libtasn1-6_4.18.0-4_amd64.deb" [1]
2022-06-22 14:15:52 URL:http://repo.cybint-linux.com/cybint/pool/main/libt/libtext-charwidth-perl/libtext-charwidth-perl_0.04-10+b2_amd64.deb [10740/10740] -> "/home/coder/Projects/cybint-images/images/netinst/amd64/chroot//var/cache/apt/archives/partial/libtext-charwidth-perl_0.04-10+b2_amd64.deb" [1]
2022-06-22 14:15:53 URL:http://repo.cybint-linux.com/cybint/pool/main/libt/libtext-iconv-perl/libtext-iconv-perl_1.7-7+b2_amd64.deb [16212/16212] -> "/home/coder/Projects/cybint-images/images/netinst/amd64/chroot//var/cache/apt/archives/partial/libtext-iconv-perl_1.7-7+b2_amd64.deb" [1]
2022-06-22 14:15:53 URL:http://repo.cybint-linux.com/cybint/pool/main/libt/libtext-wrapi18n-perl/libtext-wrapi18n-perl_0.06-9_all.deb [8700/8700] -> "/home/coder/Projects/cybint-images/images/netinst/amd64/chroot//var/cache/apt/archives/partial/libtext-wrapi18n-perl_0.06-9_all.deb" [1]
2022-06-22 14:15:54 URL:http://repo.cybint-linux.com/cybint/pool/main/n/ncurses/libtinfo6_6.3+20220423-2_amd64.deb [350836/350836] -> "/home/coder/Projects/cybint-images/images/netinst/amd64/chroot//var/cache/apt/archives/partial/libtinfo6_6.3+20220423-2_amd64.deb" [1]
2022-06-22 14:15:54 URL:http://repo.cybint-linux.com/cybint/pool/main/libt/libtirpc/libtirpc-common_1.3.2-2_all.deb [13752/13752] -> "/home/coder/Projects/cybint-images/images/netinst/amd64/chroot//var/cache/apt/archives/partial/libtirpc-common_1.3.2-2_all.deb" [1]
2022-06-22 14:15:54 URL:http://repo.cybint-linux.com/cybint/pool/main/libt/libtirpc/libtirpc3_1.3.2-2_amd64.deb [83880/83880] -> "/home/coder/Projects/cybint-images/images/netinst/amd64/chroot//var/cache/apt/archives/partial/libtirpc3_1.3.2-2_amd64.deb" [1]
2022-06-22 14:15:54 URL:http://repo.cybint-linux.com/cybint/pool/main/s/systemd/libudev1_250.4-1_amd64.deb [177740/177740] -> "/home/coder/Projects/cybint-images/images/netinst/amd64/chroot//var/cache/apt/archives/partial/libudev1_250.4-1_amd64.deb" [1]
2022-06-22 14:15:55 URL:http://repo.cybint-linux.com/cybint/pool/main/libu/libunistring/libunistring2_1.0-1_amd64.deb [415736/415736] -> "/home/coder/Projects/cybint-images/images/netinst/amd64/chroot//var/cache/apt/archives/partial/libunistring2_1.0-1_amd64.deb" [1]
2022-06-22 14:15:55 URL:http://repo.cybint-linux.com/cybint/pool/main/u/util-linux/libuuid1_2.38-4_amd64.deb [85580/85580] -> "/home/coder/Projects/cybint-images/images/netinst/amd64/chroot//var/cache/apt/archives/partial/libuuid1_2.38-4_amd64.deb" [1]
2022-06-22 14:15:55 URL:http://repo.cybint-linux.com/cybint/pool/main/i/iptables/libxtables12_1.8.8-1_amd64.deb [46080/46080] -> "/home/coder/Projects/cybint-images/images/netinst/amd64/chroot//var/cache/apt/archives/partial/libxtables12_1.8.8-1_amd64.deb" [1]
2022-06-22 14:15:55 URL:http://repo.cybint-linux.com/cybint/pool/main/x/xxhash/libxxhash0_0.8.1-1_amd64.deb [27584/27584] -> "/home/coder/Projects/cybint-images/images/netinst/amd64/chroot//var/cache/apt/archives/partial/libxxhash0_0.8.1-1_amd64.deb" [1]
2022-06-22 14:15:56 URL:http://repo.cybint-linux.com/cybint/pool/main/libz/libzstd/libzstd1_1.5.2+dfsg-1_amd64.deb [275396/275396] -> "/home/coder/Projects/cybint-images/images/netinst/amd64/chroot//var/cache/apt/archives/partial/libzstd1_1.5.2+dfsg-1_amd64.deb" [1]
2022-06-22 14:15:56 URL:http://repo.cybint-linux.com/cybint/pool/main/s/shadow/login_4.11.1+dfsg1-2_amd64.deb [615904/615904] -> "/home/coder/Projects/cybint-images/images/netinst/amd64/chroot//var/cache/apt/archives/partial/login_1%3a4.11.1+dfsg1-2_amd64.deb" [1]
2022-06-22 14:15:57 URL:http://repo.cybint-linux.com/cybint/pool/main/l/logrotate/logrotate_3.20.1-1_amd64.deb [73728/73728] -> "/home/coder/Projects/cybint-images/images/netinst/amd64/chroot//var/cache/apt/archives/partial/logrotate_3.20.1-1_amd64.deb" [1]
2022-06-22 14:15:57 URL:http://repo.cybint-linux.com/cybint/pool/main/e/e2fsprogs/logsave_1.46.5-2_amd64.deb [76396/76396] -> "/home/coder/Projects/cybint-images/images/netinst/amd64/chroot//var/cache/apt/archives/partial/logsave_1.46.5-2_amd64.deb" [1]
2022-06-22 14:15:57 URL:http://repo.cybint-linux.com/cybint/pool/main/l/lsb/lsb-base_11.2_all.deb [29112/29112] -> "/home/coder/Projects/cybint-images/images/netinst/amd64/chroot//var/cache/apt/archives/partial/lsb-base_11.2_all.deb" [1]
2022-06-22 14:15:57 URL:http://repo.cybint-linux.com/cybint/pool/main/m/mawk/mawk_1.3.4.20200120-3+b1_amd64.deb [112796/112796] -> "/home/coder/Projects/cybint-images/images/netinst/amd64/chroot//var/cache/apt/archives/partial/mawk_1.3.4.20200120-3+b1_amd64.deb" [1]
2022-06-22 14:15:57 URL:http://repo.cybint-linux.com/cybint/pool/main/u/util-linux/mount_2.38-4_amd64.deb [192392/192392] -> "/home/coder/Projects/cybint-images/images/netinst/amd64/chroot//var/cache/apt/archives/partial/mount_2.38-4_amd64.deb" [1]
2022-06-22 14:15:58 URL:http://repo.cybint-linux.com/cybint/pool/main/n/nano/nano_6.3-1_amd64.deb [728208/728208] -> "/home/coder/Projects/cybint-images/images/netinst/amd64/chroot//var/cache/apt/archives/partial/nano_6.3-1_amd64.deb" [1]
2022-06-22 14:15:59 URL:http://repo.cybint-linux.com/cybint/pool/main/n/ncurses/ncurses-base_6.3+20220423-2_all.deb [281860/281860] -> "/home/coder/Projects/cybint-images/images/netinst/amd64/chroot//var/cache/apt/archives/partial/ncurses-base_6.3+20220423-2_all.deb" [1]
2022-06-22 14:15:59 URL:http://repo.cybint-linux.com/cybint/pool/main/n/ncurses/ncurses-bin_6.3+20220423-2_amd64.deb [441048/441048] -> "/home/coder/Projects/cybint-images/images/netinst/amd64/chroot//var/cache/apt/archives/partial/ncurses-bin_6.3+20220423-2_amd64.deb" [1]
2022-06-22 14:16:00 URL:http://repo.cybint-linux.com/cybint/pool/main/n/netbase/netbase_6.3_all.deb [19924/19924] -> "/home/coder/Projects/cybint-images/images/netinst/amd64/chroot//var/cache/apt/archives/partial/netbase_6.3_all.deb" [1]
2022-06-22 14:16:00 URL:http://repo.cybint-linux.com/cybint/pool/main/n/nftables/nftables_1.0.2-1_amd64.deb [71712/71712] -> "/home/coder/Projects/cybint-images/images/netinst/amd64/chroot//var/cache/apt/archives/partial/nftables_1.0.2-1_amd64.deb" [1]
2022-06-22 14:16:01 URL:http://repo.cybint-linux.com/cybint/pool/main/s/shadow/passwd_4.11.1+dfsg1-2_amd64.deb [947092/947092] -> "/home/coder/Projects/cybint-images/images/netinst/amd64/chroot//var/cache/apt/archives/partial/passwd_1%3a4.11.1+dfsg1-2_amd64.deb" [1]
2022-06-22 14:16:02 URL:http://repo.cybint-linux.com/cybint/pool/main/p/perl/perl-base_5.34.0-4_amd64.deb [1639524/1639524] -> "/home/coder/Projects/cybint-images/images/netinst/amd64/chroot//var/cache/apt/archives/partial/perl-base_5.34.0-4_amd64.deb" [1]
2022-06-22 14:16:03 URL:http://repo.cybint-linux.com/cybint/pool/main/p/procps/procps_3.3.17-7+b1_amd64.deb [501516/501516] -> "/home/coder/Projects/cybint-images/images/netinst/amd64/chroot//var/cache/apt/archives/partial/procps_2%3a3.3.17-7+b1_amd64.deb" [1]
2022-06-22 14:16:03 URL:http://repo.cybint-linux.com/cybint/pool/main/r/readline/readline-common_8.1.2-1.2_all.deb [73888/73888] -> "/home/coder/Projects/cybint-images/images/netinst/amd64/chroot//var/cache/apt/archives/partial/readline-common_8.1.2-1.2_all.deb" [1]
2022-06-22 14:16:04 URL:http://repo.cybint-linux.com/cybint/pool/main/r/rsyslog/rsyslog_8.2204.1-1+b1_amd64.deb [728028/728028] -> "/home/coder/Projects/cybint-images/images/netinst/amd64/chroot//var/cache/apt/archives/partial/rsyslog_8.2204.1-1+b1_amd64.deb" [1]
2022-06-22 14:16:05 URL:http://repo.cybint-linux.com/cybint/pool/main/s/sed/sed_4.8-1_amd64.deb [316376/316376] -> "/home/coder/Projects/cybint-images/images/netinst/amd64/chroot//var/cache/apt/archives/partial/sed_4.8-1_amd64.deb" [1]
2022-06-22 14:16:05 URL:http://repo.cybint-linux.com/cybint/pool/main/s/sensible-utils/sensible-utils_0.0.17_all.deb [21492/21492] -> "/home/coder/Projects/cybint-images/images/netinst/amd64/chroot//var/cache/apt/archives/partial/sensible-utils_0.0.17_all.deb" [1]
2022-06-22 14:16:08 URL:http://repo.cybint-linux.com/cybint/pool/main/s/systemd/systemd_250.4-1_amd64.deb [4768332/4768332] -> "/home/coder/Projects/cybint-images/images/netinst/amd64/chroot//var/cache/apt/archives/partial/systemd_250.4-1_amd64.deb" [1]
2022-06-22 14:16:09 URL:http://repo.cybint-linux.com/cybint/pool/main/s/systemd/systemd-sysv_250.4-1_amd64.deb [120204/120204] -> "/home/coder/Projects/cybint-images/images/netinst/amd64/chroot//var/cache/apt/archives/partial/systemd-sysv_250.4-1_amd64.deb" [1]
2022-06-22 14:16:09 URL:http://repo.cybint-linux.com/cybint/pool/main/s/sysvinit/sysvinit-utils_3.03-1_amd64.deb [26660/26660] -> "/home/coder/Projects/cybint-images/images/netinst/amd64/chroot//var/cache/apt/archives/partial/sysvinit-utils_3.03-1_amd64.deb" [1]
2022-06-22 14:16:09 URL:http://repo.cybint-linux.com/cybint/pool/main/t/tar/tar_1.34+dfsg-1_amd64.deb [846756/846756] -> "/home/coder/Projects/cybint-images/images/netinst/amd64/chroot//var/cache/apt/archives/partial/tar_1.34+dfsg-1_amd64.deb" [1]
2022-06-22 14:16:10 URL:http://repo.cybint-linux.com/cybint/pool/main/t/tasksel/tasksel_3.69+rebuild_all.deb [100996/100996] -> "/home/coder/Projects/cybint-images/images/netinst/amd64/chroot//var/cache/apt/archives/partial/tasksel_3.69+rebuild_all.deb" [1]
2022-06-22 14:16:10 URL:http://repo.cybint-linux.com/cybint/pool/main/t/tasksel/tasksel-data_3.69+rebuild_all.deb [18004/18004] -> "/home/coder/Projects/cybint-images/images/netinst/amd64/chroot//var/cache/apt/archives/partial/tasksel-data_3.69+rebuild_all.deb" [1]
2022-06-22 14:16:10 URL:http://repo.cybint-linux.com/cybint/pool/main/t/tzdata/tzdata_2022a-1_all.deb [291976/291976] -> "/home/coder/Projects/cybint-images/images/netinst/amd64/chroot//var/cache/apt/archives/partial/tzdata_2022a-1_all.deb" [1]
2022-06-22 14:16:12 URL:http://repo.cybint-linux.com/cybint/pool/main/s/systemd/udev_250.4-1_amd64.deb [1602300/1602300] -> "/home/coder/Projects/cybint-images/images/netinst/amd64/chroot//var/cache/apt/archives/partial/udev_250.4-1_amd64.deb" [1]
2022-06-22 14:16:13 URL:http://repo.cybint-linux.com/cybint/pool/main/u/util-linux/util-linux_2.38-4_amd64.deb [1225984/1225984] -> "/home/coder/Projects/cybint-images/images/netinst/amd64/chroot//var/cache/apt/archives/partial/util-linux_2.38-4_amd64.deb" [1]
2022-06-22 14:16:14 URL:http://repo.cybint-linux.com/cybint/pool/main/u/util-linux/util-linux-extra_2.38-4_amd64.deb [167952/167952] -> "/home/coder/Projects/cybint-images/images/netinst/amd64/chroot//var/cache/apt/archives/partial/util-linux-extra_2.38-4_amd64.deb" [1]
2022-06-22 14:16:14 URL:http://repo.cybint-linux.com/cybint/pool/main/v/vim/vim-common_8.2.4793-1_all.deb [273044/273044] -> "/home/coder/Projects/cybint-images/images/netinst/amd64/chroot//var/cache/apt/archives/partial/vim-common_2%3a8.2.4793-1_all.deb" [1]
2022-06-22 14:16:15 URL:http://repo.cybint-linux.com/cybint/pool/main/v/vim/vim-tiny_8.2.4793-1_amd64.deb [808912/808912] -> "/home/coder/Projects/cybint-images/images/netinst/amd64/chroot//var/cache/apt/archives/partial/vim-tiny_2%3a8.2.4793-1_amd64.deb" [1]
2022-06-22 14:16:15 URL:http://repo.cybint-linux.com/cybint/pool/main/n/newt/whiptail_0.52.21-5+b1_amd64.deb [39996/39996] -> "/home/coder/Projects/cybint-images/images/netinst/amd64/chroot//var/cache/apt/archives/partial/whiptail_0.52.21-5+b1_amd64.deb" [1]
2022-06-22 14:16:15 URL:http://repo.cybint-linux.com/cybint/pool/main/v/vim/xxd_8.2.4793-1_amd64.deb [238796/238796] -> "/home/coder/Projects/cybint-images/images/netinst/amd64/chroot//var/cache/apt/archives/partial/xxd_2%3a8.2.4793-1_amd64.deb" [1]
2022-06-22 14:16:15 URL:http://repo.cybint-linux.com/cybint/pool/main/z/zlib/zlib1g_1.2.11.dfsg-4_amd64.deb [91632/91632] -> "/home/coder/Projects/cybint-images/images/netinst/amd64/chroot//var/cache/apt/archives/partial/zlib1g_1%3a1.2.11.dfsg-4_amd64.deb" [1]
amd64: ok
gpgv: Signature made Wed Jun 15 15:50:03 2022 EDT
gpgv:                using RSA key C18F988B0F1E6E4AF1BCBE77CEA109E6617F154F
gpgv: Good signature from "CYBINT (CYBINT Linux) <coder@cybint-linux.com>"
dpkg: warning: parsing file '/var/lib/dpkg/status' near line 5 package 'dpkg':
 missing 'Description' field
dpkg: warning: parsing file '/var/lib/dpkg/status' near line 5 package 'dpkg':
 missing 'Architecture' field
Selecting previously unselected package base-passwd.
(Reading database ... 0 files and directories currently installed.)
Preparing to unpack .../base-passwd_3.5.52_amd64.deb ...
Unpacking base-passwd (3.5.52) ...
dpkg: base-passwd: dependency problems, but configuring anyway as you requested:
 base-passwd depends on libc6 (>= 2.8); however:
  Package libc6 is not installed.
 base-passwd depends on libdebconfclient0 (>= 0.145); however:
  Package libdebconfclient0 is not installed.

Setting up base-passwd (3.5.52) ...
dpkg: warning: parsing file '/var/lib/dpkg/status' near line 24 package 'dpkg':
 missing 'Description' field
dpkg: warning: parsing file '/var/lib/dpkg/status' near line 24 package 'dpkg':
 missing 'Architecture' field
Selecting previously unselected package base-files.
dpkg: regarding .../base-files_12.2_amd64.deb containing base-files, pre-dependency problem:
 base-files pre-depends on awk
  awk is not installed.

dpkg: warning: ignoring pre-dependency problem!
(Reading database ... 41 files and directories currently installed.)
Preparing to unpack .../base-files_12.2_amd64.deb ...
Unpacking base-files (12.2) ...
dpkg: base-files: dependency problems, but configuring anyway as you requested:
 base-files depends on awk; however:
  Package awk is not installed.

Setting up base-files (12.2) ...
dpkg: warning: parsing file '/var/lib/dpkg/status' near line 51 package 'dpkg':
 missing 'Description' field
dpkg: warning: parsing file '/var/lib/dpkg/status' near line 51 package 'dpkg':
 missing 'Architecture' field
dpkg: regarding .../archives/dpkg_1.21.8_amd64.deb containing dpkg, pre-dependency problem:
 dpkg pre-depends on libbz2-1.0
  libbz2-1.0 is not installed.

dpkg: warning: ignoring pre-dependency problem!
dpkg: regarding .../archives/dpkg_1.21.8_amd64.deb containing dpkg, pre-dependency problem:
 dpkg pre-depends on libc6 (>= 2.33)
  libc6 is not installed.

dpkg: warning: ignoring pre-dependency problem!
dpkg: regarding .../archives/dpkg_1.21.8_amd64.deb containing dpkg, pre-dependency problem:
 dpkg pre-depends on liblzma5 (>= 5.2.2)
  liblzma5 is not installed.

dpkg: warning: ignoring pre-dependency problem!
dpkg: regarding .../archives/dpkg_1.21.8_amd64.deb containing dpkg, pre-dependency problem:
 dpkg pre-depends on libselinux1 (>= 3.1~)
  libselinux1 is not installed.

dpkg: warning: ignoring pre-dependency problem!
dpkg: regarding .../archives/dpkg_1.21.8_amd64.deb containing dpkg, pre-dependency problem:
 dpkg pre-depends on zlib1g (>= 1:1.1.4)
  zlib1g is not installed.

dpkg: warning: ignoring pre-dependency problem!
(Reading database ... 121 files and directories currently installed.)
Preparing to unpack .../archives/dpkg_1.21.8_amd64.deb ...
Unpacking dpkg (1.21.8) over (1.21.8) ...
dpkg: dpkg: dependency problems, but configuring anyway as you requested:
 dpkg depends on libbz2-1.0; however:
  Package libbz2-1.0 is not installed.
 dpkg depends on libc6 (>= 2.33); however:
  Package libc6 is not installed.
 dpkg depends on liblzma5 (>= 5.2.2); however:
  Package liblzma5 is not installed.
 dpkg depends on libselinux1 (>= 3.1~); however:
  Package libselinux1 is not installed.
 dpkg depends on zlib1g (>= 1:1.1.4); however:
  Package zlib1g is not installed.
 dpkg depends on tar (>= 1.28-1); however:
  Package tar is not installed.

Setting up dpkg (1.21.8) ...
Selecting previously unselected package libc6:amd64.
(Reading database ... 418 files and directories currently installed.)
Preparing to unpack .../libc6_2.33-7_amd64.deb ...
Unpacking libc6:amd64 (2.33-7) ...
dpkg: libc6:amd64: dependency problems, but configuring anyway as you requested:
 libc6:amd64 depends on libgcc-s1; however:
  Package libgcc-s1 is not installed.

Setting up libc6:amd64 (2.33-7) ...
Selecting previously unselected package perl-base.
dpkg: regarding .../perl-base_5.34.0-4_amd64.deb containing perl-base, pre-dependency problem:
 perl-base pre-depends on libcrypt1 (>= 1:4.1.0)
  libcrypt1 is not installed.

dpkg: warning: ignoring pre-dependency problem!
(Reading database ... 726 files and directories currently installed.)
Preparing to unpack .../perl-base_5.34.0-4_amd64.deb ...
Unpacking perl-base (5.34.0-4) ...
dpkg: perl-base: dependency problems, but configuring anyway as you requested:
 perl-base depends on libcrypt1 (>= 1:4.1.0); however:
  Package libcrypt1 is not installed.

Setting up perl-base (5.34.0-4) ...
Selecting previously unselected package mawk.
(Reading database ... 1451 files and directories currently installed.)
Preparing to unpack .../mawk_1.3.4.20200120-3+b1_amd64.deb ...
Unpacking mawk (1.3.4.20200120-3+b1) ...
Setting up mawk (1.3.4.20200120-3+b1) ...
update-alternatives: using /usr/bin/mawk to provide /usr/bin/awk (awk) in auto mode
Selecting previously unselected package debconf.
(Reading database ... 1471 files and directories currently installed.)
Preparing to unpack .../debconf_1.5.79_all.deb ...
Unpacking debconf (1.5.79) ...
Setting up debconf (1.5.79) ...
Selecting previously unselected package adduser.
(Reading database ... 1631 files and directories currently installed.)
Preparing to unpack .../archives/adduser_3.121_all.deb ...
Unpacking adduser (3.121) ...
Selecting previously unselected package apt.
Preparing to unpack .../archives/apt_2.5.0_amd64.deb ...
Unpacking apt (2.5.0) ...
Preparing to unpack .../base-files_12.2_amd64.deb ...
Unpacking base-files (12.2) over (12.2) ...
Preparing to unpack .../base-passwd_3.5.52_amd64.deb ...
Unpacking base-passwd (3.5.52) over (3.5.52) ...
Selecting previously unselected package bash.
dpkg: regarding .../bash_5.1-6.1_amd64.deb containing bash, pre-dependency problem:
 bash pre-depends on libtinfo6 (>= 6)
  libtinfo6 is not installed.

dpkg: warning: ignoring pre-dependency problem!
Preparing to unpack .../bash_5.1-6.1_amd64.deb ...
Unpacking bash (5.1-6.1) ...
Selecting previously unselected package bsdutils.
dpkg: regarding .../bsdutils_1%3a2.38-4_amd64.deb containing bsdutils, pre-dependency problem:
 bsdutils pre-depends on libsystemd0
  libsystemd0 is not installed.

dpkg: warning: ignoring pre-dependency problem!
Preparing to unpack .../bsdutils_1%3a2.38-4_amd64.deb ...
Unpacking bsdutils (1:2.38-4) ...
Selecting previously unselected package coreutils.
dpkg: regarding .../coreutils_8.32-4.1_amd64.deb containing coreutils, pre-dependency problem:
 coreutils pre-depends on libacl1 (>= 2.2.23)
  libacl1 is not installed.

dpkg: warning: ignoring pre-dependency problem!
dpkg: regarding .../coreutils_8.32-4.1_amd64.deb containing coreutils, pre-dependency problem:
 coreutils pre-depends on libattr1 (>= 1:2.4.44)
  libattr1 is not installed.

dpkg: warning: ignoring pre-dependency problem!
dpkg: regarding .../coreutils_8.32-4.1_amd64.deb containing coreutils, pre-dependency problem:
 coreutils pre-depends on libgmp10 (>= 2:6.2.1+dfsg)
  libgmp10 is not installed.

dpkg: warning: ignoring pre-dependency problem!
dpkg: regarding .../coreutils_8.32-4.1_amd64.deb containing coreutils, pre-dependency problem:
 coreutils pre-depends on libselinux1 (>= 3.1~)
  libselinux1 is not installed.

dpkg: warning: ignoring pre-dependency problem!
Preparing to unpack .../coreutils_8.32-4.1_amd64.deb ...
Unpacking coreutils (8.32-4.1) ...
Selecting previously unselected package dash.
Preparing to unpack .../dash_0.5.11+git20210903+057cd650a4ed-8_amd64.deb ...
Unpacking dash (0.5.11+git20210903+057cd650a4ed-8) ...
Preparing to unpack .../debconf_1.5.79_all.deb ...
Unpacking debconf (1.5.79) over (1.5.79) ...
Selecting previously unselected package debian-archive-keyring.
Preparing to unpack .../debian-archive-keyring_2021.1.1_all.deb ...
Unpacking debian-archive-keyring (2021.1.1) ...
Selecting previously unselected package debianutils.
Preparing to unpack .../debianutils_5.7-0.2_amd64.deb ...
Unpacking debianutils (5.7-0.2) ...
Selecting previously unselected package diffutils.
Preparing to unpack .../diffutils_1%3a3.7-5_amd64.deb ...
Unpacking diffutils (1:3.7-5) ...
dpkg: regarding .../archives/dpkg_1.21.8_amd64.deb containing dpkg, pre-dependency problem:
 dpkg pre-depends on libbz2-1.0
  libbz2-1.0 is not installed.

dpkg: warning: ignoring pre-dependency problem!
dpkg: regarding .../archives/dpkg_1.21.8_amd64.deb containing dpkg, pre-dependency problem:
 dpkg pre-depends on liblzma5 (>= 5.2.2)
  liblzma5 is not installed.

dpkg: warning: ignoring pre-dependency problem!
dpkg: regarding .../archives/dpkg_1.21.8_amd64.deb containing dpkg, pre-dependency problem:
 dpkg pre-depends on libselinux1 (>= 3.1~)
  libselinux1 is not installed.

dpkg: warning: ignoring pre-dependency problem!
dpkg: regarding .../archives/dpkg_1.21.8_amd64.deb containing dpkg, pre-dependency problem:
 dpkg pre-depends on zlib1g (>= 1:1.1.4)
  zlib1g is not installed.

dpkg: warning: ignoring pre-dependency problem!
Preparing to unpack .../archives/dpkg_1.21.8_amd64.deb ...
Unpacking dpkg (1.21.8) over (1.21.8) ...
Selecting previously unselected package e2fsprogs.
dpkg: regarding .../e2fsprogs_1.46.5-2_amd64.deb containing e2fsprogs, pre-dependency problem:
 e2fsprogs pre-depends on libblkid1 (>= 2.36)
  libblkid1 is not installed.

dpkg: warning: ignoring pre-dependency problem!
dpkg: regarding .../e2fsprogs_1.46.5-2_amd64.deb containing e2fsprogs, pre-dependency problem:
 e2fsprogs pre-depends on libcom-err2 (>= 1.43.9)
  libcom-err2 is not installed.

dpkg: warning: ignoring pre-dependency problem!
dpkg: regarding .../e2fsprogs_1.46.5-2_amd64.deb containing e2fsprogs, pre-dependency problem:
 e2fsprogs pre-depends on libext2fs2 (= 1.46.5-2)
  libext2fs2 is not installed.

dpkg: warning: ignoring pre-dependency problem!
dpkg: regarding .../e2fsprogs_1.46.5-2_amd64.deb containing e2fsprogs, pre-dependency problem:
 e2fsprogs pre-depends on libss2 (>= 1.38)
  libss2 is not installed.

dpkg: warning: ignoring pre-dependency problem!
dpkg: regarding .../e2fsprogs_1.46.5-2_amd64.deb containing e2fsprogs, pre-dependency problem:
 e2fsprogs pre-depends on libuuid1 (>= 2.16)
  libuuid1 is not installed.

dpkg: warning: ignoring pre-dependency problem!
Preparing to unpack .../e2fsprogs_1.46.5-2_amd64.deb ...
Unpacking e2fsprogs (1.46.5-2) ...
Selecting previously unselected package findutils.
dpkg: regarding .../findutils_4.9.0-3_amd64.deb containing findutils, pre-dependency problem:
 findutils pre-depends on libselinux1 (>= 3.1~)
  libselinux1 is not installed.

dpkg: warning: ignoring pre-dependency problem!
Preparing to unpack .../findutils_4.9.0-3_amd64.deb ...
Unpacking findutils (4.9.0-3) ...
Selecting previously unselected package gcc-12-base:amd64.
Preparing to unpack .../gcc-12-base_12.1.0-2_amd64.deb ...
Unpacking gcc-12-base:amd64 (12.1.0-2) ...
Selecting previously unselected package gpgv.
Preparing to unpack .../gpgv_2.2.35-2_amd64.deb ...
Unpacking gpgv (2.2.35-2) ...
Selecting previously unselected package grep.
dpkg: regarding .../archives/grep_3.7-1_amd64.deb containing grep, pre-dependency problem:
 grep pre-depends on libpcre3
  libpcre3 is not installed.

dpkg: warning: ignoring pre-dependency problem!
Preparing to unpack .../archives/grep_3.7-1_amd64.deb ...
Unpacking grep (3.7-1) ...
Selecting previously unselected package gzip.
Preparing to unpack .../archives/gzip_1.12-1_amd64.deb ...
Unpacking gzip (1.12-1) ...
Selecting previously unselected package hostname.
Preparing to unpack .../hostname_3.23_amd64.deb ...
Unpacking hostname (3.23) ...
Selecting previously unselected package init-system-helpers.
Preparing to unpack .../init-system-helpers_1.63_all.deb ...
Unpacking init-system-helpers (1.63) ...
Selecting previously unselected package libacl1:amd64.
Preparing to unpack .../libacl1_2.3.1-1_amd64.deb ...
Unpacking libacl1:amd64 (2.3.1-1) ...
Selecting previously unselected package libapt-pkg6.0:amd64.
Preparing to unpack .../libapt-pkg6.0_2.5.0_amd64.deb ...
Unpacking libapt-pkg6.0:amd64 (2.5.0) ...
Selecting previously unselected package libattr1:amd64.
Preparing to unpack .../libattr1_1%3a2.5.1-1_amd64.deb ...
Unpacking libattr1:amd64 (1:2.5.1-1) ...
Selecting previously unselected package libaudit-common.
Preparing to unpack .../libaudit-common_1%3a3.0.7-1_all.deb ...
Unpacking libaudit-common (1:3.0.7-1) ...
Selecting previously unselected package libaudit1:amd64.
Preparing to unpack .../libaudit1_1%3a3.0.7-1+b1_amd64.deb ...
Unpacking libaudit1:amd64 (1:3.0.7-1+b1) ...
Selecting previously unselected package libblkid1:amd64.
Preparing to unpack .../libblkid1_2.38-4_amd64.deb ...
Unpacking libblkid1:amd64 (2.38-4) ...
Selecting previously unselected package libbz2-1.0:amd64.
Preparing to unpack .../libbz2-1.0_1.0.8-5_amd64.deb ...
Unpacking libbz2-1.0:amd64 (1.0.8-5) ...
Selecting previously unselected package libc-bin.
Preparing to unpack .../libc-bin_2.33-7_amd64.deb ...
Unpacking libc-bin (2.33-7) ...
Preparing to unpack .../libc6_2.33-7_amd64.deb ...
Unpacking libc6:amd64 (2.33-7) over (2.33-7) ...
Selecting previously unselected package libcap-ng0:amd64.
Preparing to unpack .../libcap-ng0_0.7.9-2.2+b2_amd64.deb ...
Unpacking libcap-ng0:amd64 (0.7.9-2.2+b2) ...
Selecting previously unselected package libcap2:amd64.
Preparing to unpack .../libcap2_1%3a2.44-1_amd64.deb ...
Unpacking libcap2:amd64 (1:2.44-1) ...
Selecting previously unselected package libcom-err2:amd64.
Preparing to unpack .../libcom-err2_1.46.5-2_amd64.deb ...
Unpacking libcom-err2:amd64 (1.46.5-2) ...
Selecting previously unselected package libcrypt1:amd64.
Preparing to unpack .../libcrypt1_1%3a4.4.27-1.1_amd64.deb ...
Unpacking libcrypt1:amd64 (1:4.4.27-1.1) ...
Selecting previously unselected package libdb5.3:amd64.
Preparing to unpack .../libdb5.3_5.3.28+dfsg1-0.9_amd64.deb ...
Unpacking libdb5.3:amd64 (5.3.28+dfsg1-0.9) ...
Selecting previously unselected package libdebconfclient0:amd64.
Preparing to unpack .../libdebconfclient0_0.262_amd64.deb ...
Unpacking libdebconfclient0:amd64 (0.262) ...
Selecting previously unselected package libext2fs2:amd64.
Preparing to unpack .../libext2fs2_1.46.5-2_amd64.deb ...
Unpacking libext2fs2:amd64 (1.46.5-2) ...
Selecting previously unselected package libffi8:amd64.
Preparing to unpack .../libffi8_3.4.2-4_amd64.deb ...
Unpacking libffi8:amd64 (3.4.2-4) ...
Selecting previously unselected package libgcc-s1:amd64.
Preparing to unpack .../libgcc-s1_12.1.0-2_amd64.deb ...
Unpacking libgcc-s1:amd64 (12.1.0-2) ...
Selecting previously unselected package libgcrypt20:amd64.
Preparing to unpack .../libgcrypt20_1.10.1-2_amd64.deb ...
Unpacking libgcrypt20:amd64 (1.10.1-2) ...
Selecting previously unselected package libgmp10:amd64.
Preparing to unpack .../libgmp10_2%3a6.2.1+dfsg-3_amd64.deb ...
Unpacking libgmp10:amd64 (2:6.2.1+dfsg-3) ...
Selecting previously unselected package libgnutls30:amd64.
Preparing to unpack .../libgnutls30_3.7.4-2_amd64.deb ...
Unpacking libgnutls30:amd64 (3.7.4-2) ...
Selecting previously unselected package libgpg-error0:amd64.
Preparing to unpack .../libgpg-error0_1.45-2_amd64.deb ...
Unpacking libgpg-error0:amd64 (1.45-2) ...
Selecting previously unselected package libhogweed6:amd64.
Preparing to unpack .../libhogweed6_3.7.3-1_amd64.deb ...
Unpacking libhogweed6:amd64 (3.7.3-1) ...
Selecting previously unselected package libidn2-0:amd64.
Preparing to unpack .../libidn2-0_2.3.2-2_amd64.deb ...
Unpacking libidn2-0:amd64 (2.3.2-2) ...
Selecting previously unselected package liblz4-1:amd64.
Preparing to unpack .../liblz4-1_1.9.3-2_amd64.deb ...
Unpacking liblz4-1:amd64 (1.9.3-2) ...
Selecting previously unselected package liblzma5:amd64.
Preparing to unpack .../liblzma5_5.2.5-2.1_amd64.deb ...
Unpacking liblzma5:amd64 (5.2.5-2.1) ...
Selecting previously unselected package libmount1:amd64.
Preparing to unpack .../libmount1_2.38-4_amd64.deb ...
Unpacking libmount1:amd64 (2.38-4) ...
Selecting previously unselected package libnettle8:amd64.
Preparing to unpack .../libnettle8_3.7.3-1_amd64.deb ...
Unpacking libnettle8:amd64 (3.7.3-1) ...
Selecting previously unselected package libp11-kit0:amd64.
Preparing to unpack .../libp11-kit0_0.24.1-1_amd64.deb ...
Unpacking libp11-kit0:amd64 (0.24.1-1) ...
Selecting previously unselected package libpam-modules:amd64.
dpkg: regarding .../libpam-modules_1.4.0-13_amd64.deb containing libpam-modules:amd64, pre-dependency problem:
 libpam-modules pre-depends on libaudit1 (>= 1:2.2.1)
  libaudit1:amd64 is unpacked, but has never been configured.

dpkg: warning: ignoring pre-dependency problem!
dpkg: regarding .../libpam-modules_1.4.0-13_amd64.deb containing libpam-modules:amd64, pre-dependency problem:
 libpam-modules pre-depends on libcrypt1 (>= 1:4.3.0)
  libcrypt1:amd64 is unpacked, but has never been configured.

dpkg: warning: ignoring pre-dependency problem!
dpkg: regarding .../libpam-modules_1.4.0-13_amd64.deb containing libpam-modules:amd64, pre-dependency problem:
 libpam-modules pre-depends on libdb5.3
  libdb5.3:amd64 is unpacked, but has never been configured.

dpkg: warning: ignoring pre-dependency problem!
dpkg: regarding .../libpam-modules_1.4.0-13_amd64.deb containing libpam-modules:amd64, pre-dependency problem:
 libpam-modules pre-depends on libpam0g (>= 1.3.2)
  libpam0g is not installed.

dpkg: warning: ignoring pre-dependency problem!
dpkg: regarding .../libpam-modules_1.4.0-13_amd64.deb containing libpam-modules:amd64, pre-dependency problem:
 libpam-modules pre-depends on libselinux1 (>= 3.1~)
  libselinux1 is not installed.

dpkg: warning: ignoring pre-dependency problem!
dpkg: regarding .../libpam-modules_1.4.0-13_amd64.deb containing libpam-modules:amd64, pre-dependency problem:
 libpam-modules pre-depends on libpam-modules-bin (= 1.4.0-13)
  libpam-modules-bin is not installed.

dpkg: warning: ignoring pre-dependency problem!
Preparing to unpack .../libpam-modules_1.4.0-13_amd64.deb ...
Unpacking libpam-modules:amd64 (1.4.0-13) ...
Selecting previously unselected package libpam-modules-bin.
Preparing to unpack .../libpam-modules-bin_1.4.0-13_amd64.deb ...
Unpacking libpam-modules-bin (1.4.0-13) ...
Selecting previously unselected package libpam-runtime.
Preparing to unpack .../libpam-runtime_1.4.0-13_all.deb ...
Unpacking libpam-runtime (1.4.0-13) ...
Selecting previously unselected package libpam0g:amd64.
Preparing to unpack .../libpam0g_1.4.0-13_amd64.deb ...
Unpacking libpam0g:amd64 (1.4.0-13) ...
Selecting previously unselected package libpcre2-8-0:amd64.
Preparing to unpack .../libpcre2-8-0_10.40-1_amd64.deb ...
Unpacking libpcre2-8-0:amd64 (10.40-1) ...
Selecting previously unselected package libpcre3:amd64.
Preparing to unpack .../libpcre3_2%3a8.39-14_amd64.deb ...
Unpacking libpcre3:amd64 (2:8.39-14) ...
Selecting previously unselected package libseccomp2:amd64.
Preparing to unpack .../libseccomp2_2.5.4-1_amd64.deb ...
Unpacking libseccomp2:amd64 (2.5.4-1) ...
Selecting previously unselected package libselinux1:amd64.
Preparing to unpack .../libselinux1_3.3-1+b2_amd64.deb ...
Unpacking libselinux1:amd64 (3.3-1+b2) ...
Selecting previously unselected package libsemanage-common.
Preparing to unpack .../libsemanage-common_3.3-1_all.deb ...
Unpacking libsemanage-common (3.3-1) ...
Selecting previously unselected package libsemanage2:amd64.
Preparing to unpack .../libsemanage2_3.3-1+b2_amd64.deb ...
Unpacking libsemanage2:amd64 (3.3-1+b2) ...
Selecting previously unselected package libsepol2:amd64.
Preparing to unpack .../libsepol2_3.3-1_amd64.deb ...
Unpacking libsepol2:amd64 (3.3-1) ...
Selecting previously unselected package libsmartcols1:amd64.
Preparing to unpack .../libsmartcols1_2.38-4_amd64.deb ...
Unpacking libsmartcols1:amd64 (2.38-4) ...
Selecting previously unselected package libss2:amd64.
Preparing to unpack .../libss2_1.46.5-2_amd64.deb ...
Unpacking libss2:amd64 (1.46.5-2) ...
Selecting previously unselected package libstdc++6:amd64.
Preparing to unpack .../libstdc++6_12.1.0-2_amd64.deb ...
Unpacking libstdc++6:amd64 (12.1.0-2) ...
Selecting previously unselected package libsystemd0:amd64.
dpkg: regarding .../libsystemd0_250.4-1_amd64.deb containing libsystemd0:amd64, pre-dependency problem:
 libsystemd0 pre-depends on libcap2 (>= 1:2.24-9~)
  libcap2:amd64 is unpacked, but has never been configured.

dpkg: warning: ignoring pre-dependency problem!
dpkg: regarding .../libsystemd0_250.4-1_amd64.deb containing libsystemd0:amd64, pre-dependency problem:
 libsystemd0 pre-depends on libgcrypt20 (>= 1.9.0)
  libgcrypt20:amd64 is unpacked, but has never been configured.

dpkg: warning: ignoring pre-dependency problem!
dpkg: regarding .../libsystemd0_250.4-1_amd64.deb containing libsystemd0:amd64, pre-dependency problem:
 libsystemd0 pre-depends on liblz4-1 (>= 0.0~r122)
  liblz4-1:amd64 is unpacked, but has never been configured.

dpkg: warning: ignoring pre-dependency problem!
dpkg: regarding .../libsystemd0_250.4-1_amd64.deb containing libsystemd0:amd64, pre-dependency problem:
 libsystemd0 pre-depends on liblzma5 (>= 5.1.1alpha+20120614)
  liblzma5:amd64 is unpacked, but has never been configured.

dpkg: warning: ignoring pre-dependency problem!
dpkg: regarding .../libsystemd0_250.4-1_amd64.deb containing libsystemd0:amd64, pre-dependency problem:
 libsystemd0 pre-depends on libzstd1 (>= 1.4.0)
  libzstd1 is not installed.

dpkg: warning: ignoring pre-dependency problem!
Preparing to unpack .../libsystemd0_250.4-1_amd64.deb ...
Unpacking libsystemd0:amd64 (250.4-1) ...
Selecting previously unselected package libtasn1-6:amd64.
Preparing to unpack .../libtasn1-6_4.18.0-4_amd64.deb ...
Unpacking libtasn1-6:amd64 (4.18.0-4) ...
Selecting previously unselected package libtinfo6:amd64.
Preparing to unpack .../libtinfo6_6.3+20220423-2_amd64.deb ...
Unpacking libtinfo6:amd64 (6.3+20220423-2) ...
Selecting previously unselected package libudev1:amd64.
Preparing to unpack .../libudev1_250.4-1_amd64.deb ...
Unpacking libudev1:amd64 (250.4-1) ...
Selecting previously unselected package libunistring2:amd64.
Preparing to unpack .../libunistring2_1.0-1_amd64.deb ...
Unpacking libunistring2:amd64 (1.0-1) ...
Selecting previously unselected package libuuid1:amd64.
Preparing to unpack .../libuuid1_2.38-4_amd64.deb ...
Unpacking libuuid1:amd64 (2.38-4) ...
Selecting previously unselected package libxxhash0:amd64.
Preparing to unpack .../libxxhash0_0.8.1-1_amd64.deb ...
Unpacking libxxhash0:amd64 (0.8.1-1) ...
Selecting previously unselected package libzstd1:amd64.
Preparing to unpack .../libzstd1_1.5.2+dfsg-1_amd64.deb ...
Unpacking libzstd1:amd64 (1.5.2+dfsg-1) ...
Selecting previously unselected package login.
dpkg: regarding .../login_1%3a4.11.1+dfsg1-2_amd64.deb containing login, pre-dependency problem:
 login pre-depends on libaudit1 (>= 1:2.2.1)
  libaudit1:amd64 is unpacked, but has never been configured.

dpkg: warning: ignoring pre-dependency problem!
dpkg: regarding .../login_1%3a4.11.1+dfsg1-2_amd64.deb containing login, pre-dependency problem:
 login pre-depends on libcrypt1 (>= 1:4.1.0)
  libcrypt1:amd64 is unpacked, but has never been configured.

dpkg: warning: ignoring pre-dependency problem!
dpkg: regarding .../login_1%3a4.11.1+dfsg1-2_amd64.deb containing login, pre-dependency problem:
 login pre-depends on libpam0g (>= 0.99.7.1)
  libpam0g:amd64 is unpacked, but has never been configured.

dpkg: warning: ignoring pre-dependency problem!
dpkg: regarding .../login_1%3a4.11.1+dfsg1-2_amd64.deb containing login, pre-dependency problem:
 login pre-depends on libpam-runtime
  libpam-runtime is unpacked, but has never been configured.

dpkg: warning: ignoring pre-dependency problem!
dpkg: regarding .../login_1%3a4.11.1+dfsg1-2_amd64.deb containing login, pre-dependency problem:
 login pre-depends on libpam-modules
  libpam-modules:amd64 is unpacked, but has never been configured.

dpkg: warning: ignoring pre-dependency problem!
Preparing to unpack .../login_1%3a4.11.1+dfsg1-2_amd64.deb ...
Unpacking login (1:4.11.1+dfsg1-2) ...
Selecting previously unselected package logsave.
Preparing to unpack .../logsave_1.46.5-2_amd64.deb ...
Unpacking logsave (1.46.5-2) ...
Selecting previously unselected package lsb-base.
Preparing to unpack .../archives/lsb-base_11.2_all.deb ...
Unpacking lsb-base (11.2) ...
Preparing to unpack .../mawk_1.3.4.20200120-3+b1_amd64.deb ...
Unpacking mawk (1.3.4.20200120-3+b1) over (1.3.4.20200120-3+b1) ...
Selecting previously unselected package mount.
dpkg: regarding .../mount_2.38-4_amd64.deb containing mount, pre-dependency problem:
 mount pre-depends on libblkid1 (>= 2.17.2)
  libblkid1:amd64 is unpacked, but has never been configured.

dpkg: warning: ignoring pre-dependency problem!
dpkg: regarding .../mount_2.38-4_amd64.deb containing mount, pre-dependency problem:
 mount pre-depends on libmount1 (>= 2.38)
  libmount1:amd64 is unpacked, but has never been configured.

dpkg: warning: ignoring pre-dependency problem!
dpkg: regarding .../mount_2.38-4_amd64.deb containing mount, pre-dependency problem:
 mount pre-depends on libselinux1 (>= 3.1~)
  libselinux1:amd64 is unpacked, but has never been configured.

dpkg: warning: ignoring pre-dependency problem!
dpkg: regarding .../mount_2.38-4_amd64.deb containing mount, pre-dependency problem:
 mount pre-depends on libsmartcols1 (>= 2.33)
  libsmartcols1:amd64 is unpacked, but has never been configured.

dpkg: warning: ignoring pre-dependency problem!
Preparing to unpack .../mount_2.38-4_amd64.deb ...
Unpacking mount (2.38-4) ...
Selecting previously unselected package ncurses-base.
Preparing to unpack .../ncurses-base_6.3+20220423-2_all.deb ...
Unpacking ncurses-base (6.3+20220423-2) ...
Selecting previously unselected package ncurses-bin.
dpkg: regarding .../ncurses-bin_6.3+20220423-2_amd64.deb containing ncurses-bin, pre-dependency problem:
 ncurses-bin pre-depends on libtinfo6 (>= 6.3)
  libtinfo6:amd64 is unpacked, but has never been configured.

dpkg: warning: ignoring pre-dependency problem!
Preparing to unpack .../ncurses-bin_6.3+20220423-2_amd64.deb ...
Unpacking ncurses-bin (6.3+20220423-2) ...
Selecting previously unselected package passwd.
Preparing to unpack .../passwd_1%3a4.11.1+dfsg1-2_amd64.deb ...
Unpacking passwd (1:4.11.1+dfsg1-2) ...
dpkg: regarding .../perl-base_5.34.0-4_amd64.deb containing perl-base, pre-dependency problem:
 perl-base pre-depends on libcrypt1 (>= 1:4.1.0)
  libcrypt1:amd64 is unpacked, but has never been configured.

dpkg: warning: ignoring pre-dependency problem!
Preparing to unpack .../perl-base_5.34.0-4_amd64.deb ...
Unpacking perl-base (5.34.0-4) over (5.34.0-4) ...
Selecting previously unselected package sed.
dpkg: regarding .../archives/sed_4.8-1_amd64.deb containing sed, pre-dependency problem:
 sed pre-depends on libacl1 (>= 2.2.23)
  libacl1:amd64 is unpacked, but has never been configured.

dpkg: warning: ignoring pre-dependency problem!
dpkg: regarding .../archives/sed_4.8-1_amd64.deb containing sed, pre-dependency problem:
 sed pre-depends on libselinux1 (>= 3.1~)
  libselinux1:amd64 is unpacked, but has never been configured.

dpkg: warning: ignoring pre-dependency problem!
Preparing to unpack .../archives/sed_4.8-1_amd64.deb ...
Unpacking sed (4.8-1) ...
Selecting previously unselected package sysvinit-utils.
Preparing to unpack .../sysvinit-utils_3.03-1_amd64.deb ...
Unpacking sysvinit-utils (3.03-1) ...
Selecting previously unselected package tar.
dpkg: regarding .../tar_1.34+dfsg-1_amd64.deb containing tar, pre-dependency problem:
 tar pre-depends on libacl1 (>= 2.2.23)
  libacl1:amd64 is unpacked, but has never been configured.

dpkg: warning: ignoring pre-dependency problem!
dpkg: regarding .../tar_1.34+dfsg-1_amd64.deb containing tar, pre-dependency problem:
 tar pre-depends on libselinux1 (>= 3.1~)
  libselinux1:amd64 is unpacked, but has never been configured.

dpkg: warning: ignoring pre-dependency problem!
Preparing to unpack .../tar_1.34+dfsg-1_amd64.deb ...
Unpacking tar (1.34+dfsg-1) ...
Selecting previously unselected package tzdata.
Preparing to unpack .../tzdata_2022a-1_all.deb ...
Unpacking tzdata (2022a-1) ...
Selecting previously unselected package util-linux.
dpkg: regarding .../util-linux_2.38-4_amd64.deb containing util-linux, pre-dependency problem:
 util-linux pre-depends on libblkid1 (>= 2.37.2)
  libblkid1:amd64 is unpacked, but has never been configured.

dpkg: warning: ignoring pre-dependency problem!
dpkg: regarding .../util-linux_2.38-4_amd64.deb containing util-linux, pre-dependency problem:
 util-linux pre-depends on libcap-ng0 (>= 0.7.9)
  libcap-ng0:amd64 is unpacked, but has never been configured.

dpkg: warning: ignoring pre-dependency problem!
dpkg: regarding .../util-linux_2.38-4_amd64.deb containing util-linux, pre-dependency problem:
 util-linux pre-depends on libcrypt1 (>= 1:4.1.0)
  libcrypt1:amd64 is unpacked, but has never been configured.

dpkg: warning: ignoring pre-dependency problem!
dpkg: regarding .../util-linux_2.38-4_amd64.deb containing util-linux, pre-dependency problem:
 util-linux pre-depends on libmount1 (>= 2.38)
  libmount1:amd64 is unpacked, but has never been configured.

dpkg: warning: ignoring pre-dependency problem!
dpkg: regarding .../util-linux_2.38-4_amd64.deb containing util-linux, pre-dependency problem:
 util-linux pre-depends on libpam0g (>= 0.99.7.1)
  libpam0g:amd64 is unpacked, but has never been configured.

dpkg: warning: ignoring pre-dependency problem!
dpkg: regarding .../util-linux_2.38-4_amd64.deb containing util-linux, pre-dependency problem:
 util-linux pre-depends on libselinux1 (>= 3.1~)
  libselinux1:amd64 is unpacked, but has never been configured.

dpkg: warning: ignoring pre-dependency problem!
dpkg: regarding .../util-linux_2.38-4_amd64.deb containing util-linux, pre-dependency problem:
 util-linux pre-depends on libsmartcols1 (>= 2.38)
  libsmartcols1:amd64 is unpacked, but has never been configured.

dpkg: warning: ignoring pre-dependency problem!
dpkg: regarding .../util-linux_2.38-4_amd64.deb containing util-linux, pre-dependency problem:
 util-linux pre-depends on libsystemd0
  libsystemd0:amd64 is unpacked, but has never been configured.

dpkg: warning: ignoring pre-dependency problem!
dpkg: regarding .../util-linux_2.38-4_amd64.deb containing util-linux, pre-dependency problem:
 util-linux pre-depends on libtinfo6 (>= 6)
  libtinfo6:amd64 is unpacked, but has never been configured.

dpkg: warning: ignoring pre-dependency problem!
dpkg: regarding .../util-linux_2.38-4_amd64.deb containing util-linux, pre-dependency problem:
 util-linux pre-depends on libudev1 (>= 183)
  libudev1:amd64 is unpacked, but has never been configured.

dpkg: warning: ignoring pre-dependency problem!
dpkg: regarding .../util-linux_2.38-4_amd64.deb containing util-linux, pre-dependency problem:
 util-linux pre-depends on libuuid1 (>= 2.16)
  libuuid1:amd64 is unpacked, but has never been configured.

dpkg: warning: ignoring pre-dependency problem!
dpkg: regarding .../util-linux_2.38-4_amd64.deb containing util-linux, pre-dependency problem:
 util-linux pre-depends on zlib1g (>= 1:1.1.4)
  zlib1g is not installed.

dpkg: warning: ignoring pre-dependency problem!
Preparing to unpack .../util-linux_2.38-4_amd64.deb ...
Unpacking util-linux (2.38-4) ...
Selecting previously unselected package util-linux-extra.
Preparing to unpack .../util-linux-extra_2.38-4_amd64.deb ...
Unpacking util-linux-extra (2.38-4) ...
Selecting previously unselected package zlib1g:amd64.
Preparing to unpack .../zlib1g_1%3a1.2.11.dfsg-4_amd64.deb ...
Unpacking zlib1g:amd64 (1:1.2.11.dfsg-4) ...
Setting up lsb-base (11.2) ...
Setting up debian-archive-keyring (2021.1.1) ...
Setting up libaudit-common (1:3.0.7-1) ...
Setting up libsemanage-common (3.3-1) ...
Setting up gcc-12-base:amd64 (12.1.0-2) ...
Setting up ncurses-base (6.3+20220423-2) ...
Setting up init-system-helpers (1.63) ...
Setting up libgcc-s1:amd64 (12.1.0-2) ...
Setting up libc6:amd64 (2.33-7) ...
Setting up libudev1:amd64 (250.4-1) ...
Setting up libffi8:amd64 (3.4.2-4) ...
Setting up libxxhash0:amd64 (0.8.1-1) ...
Setting up libattr1:amd64 (1:2.5.1-1) ...
Setting up sysvinit-utils (3.03-1) ...
Setting up libtasn1-6:amd64 (4.18.0-4) ...
Setting up debianutils (5.7-0.2) ...
update-alternatives: using /usr/bin/which.debianutils to provide /usr/bin/which (which) in auto mode
Setting up mawk (1.3.4.20200120-3+b1) ...
Setting up libdebconfclient0:amd64 (0.262) ...
Setting up base-files (12.2) ...
Setting up libbz2-1.0:amd64 (1.0.8-5) ...
Setting up base-passwd (3.5.52) ...
Setting up libdb5.3:amd64 (5.3.28+dfsg1-0.9) ...
Setting up libblkid1:amd64 (2.38-4) ...
Setting up libstdc++6:amd64 (12.1.0-2) ...
Setting up libtinfo6:amd64 (6.3+20220423-2) ...
Setting up bash (5.1-6.1) ...
update-alternatives: using /usr/share/man/man7/bash-builtins.7.gz to provide /usr/share/man/man7/builtins.7.gz (builtins.7.gz) in auto mode
Setting up libzstd1:amd64 (1.5.2+dfsg-1) ...
Setting up liblzma5:amd64 (5.2.5-2.1) ...
Setting up libgpg-error0:amd64 (1.45-2) ...
Setting up liblz4-1:amd64 (1.9.3-2) ...
Setting up libc-bin (2.33-7) ...
Setting up ncurses-bin (6.3+20220423-2) ...
Setting up libacl1:amd64 (2.3.1-1) ...
Setting up libunistring2:amd64 (1.0-1) ...
Setting up libsmartcols1:amd64 (2.38-4) ...
Setting up libgcrypt20:amd64 (1.10.1-2) ...
Setting up zlib1g:amd64 (1:1.2.11.dfsg-4) ...
Setting up libcrypt1:amd64 (1:4.4.27-1.1) ...
Setting up libidn2-0:amd64 (2.3.2-2) ...
Setting up libcom-err2:amd64 (1.46.5-2) ...
Setting up diffutils (1:3.7-5) ...
Setting up libseccomp2:amd64 (2.5.4-1) ...
Setting up libcap2:amd64 (1:2.44-1) ...
Setting up hostname (3.23) ...
Setting up libpcre3:amd64 (2:8.39-14) ...
Setting up libcap-ng0:amd64 (0.7.9-2.2+b2) ...
Setting up libext2fs2:amd64 (1.46.5-2) ...
Setting up libnettle8:amd64 (3.7.3-1) ...
Setting up libgmp10:amd64 (2:6.2.1+dfsg-3) ...
Setting up libp11-kit0:amd64 (0.24.1-1) ...
Setting up libaudit1:amd64 (1:3.0.7-1+b1) ...
Setting up libuuid1:amd64 (2.38-4) ...
Setting up libss2:amd64 (1.46.5-2) ...
Setting up libsepol2:amd64 (3.3-1) ...
Setting up libpcre2-8-0:amd64 (10.40-1) ...
Setting up logsave (1.46.5-2) ...
Setting up gpgv (2.2.35-2) ...
Setting up util-linux-extra (2.38-4) ...
Setting up libhogweed6:amd64 (3.7.3-1) ...
Setting up e2fsprogs (1.46.5-2) ...
Setting up libsystemd0:amd64 (250.4-1) ...
Setting up libselinux1:amd64 (3.3-1+b2) ...
Setting up libgnutls30:amd64 (3.7.4-2) ...
Setting up libapt-pkg6.0:amd64 (2.5.0) ...
Setting up sed (4.8-1) ...
Setting up findutils (4.9.0-3) ...
Setting up libmount1:amd64 (2.38-4) ...
Setting up libsemanage2:amd64 (3.3-1+b2) ...
Setting up bsdutils (1:2.38-4) ...
Setting up tar (1.34+dfsg-1) ...
update-alternatives: using /usr/sbin/rmt-tar to provide /usr/sbin/rmt (rmt) in auto mode
Setting up coreutils (8.32-4.1) ...
Setting up dpkg (1.21.8) ...
Setting up mount (2.38-4) ...
Setting up dash (0.5.11+git20210903+057cd650a4ed-8) ...
No diversion 'diversion of /bin/sh by bash', none removed.
Adding 'diversion of /bin/sh to /bin/sh.distrib by dash'
No diversion 'diversion of /usr/share/man/man1/sh.1.gz by bash', none removed.
Adding 'diversion of /usr/share/man/man1/sh.1.gz to /usr/share/man/man1/sh.distrib.1.gz by dash'
Setting up grep (3.7-1) ...
Setting up perl-base (5.34.0-4) ...
Setting up gzip (1.12-1) ...
Setting up debconf (1.5.79) ...
Setting up tzdata (2022a-1) ...

Current default time zone: 'Etc/UTC'
Local time is now:      Wed Jun 22 18:17:22 UTC 2022.
Universal Time is now:  Wed Jun 22 18:17:22 UTC 2022.
Run 'dpkg-reconfigure tzdata' if you wish to change it.

Setting up libpam0g:amd64 (1.4.0-13) ...
Setting up util-linux (2.38-4) ...
update-alternatives: using /bin/more to provide /usr/bin/pager (pager) in auto mode
Setting up libpam-modules-bin (1.4.0-13) ...
Setting up libpam-modules:amd64 (1.4.0-13) ...
Setting up passwd (1:4.11.1+dfsg1-2) ...
Shadow passwords are now on.
Setting up libpam-runtime (1.4.0-13) ...
Setting up login (1:4.11.1+dfsg1-2) ...
Setting up adduser (3.121) ...
Setting up apt (2.5.0) ...
Processing triggers for libc-bin (2.33-7) ...
(Reading database ... 6618 files and directories currently installed.)
Preparing to unpack .../dmsetup_2%3a1.02.175-2.1_amd64.deb ...
Unpacking dmsetup (2:1.02.175-2.1) ...
Preparing to unpack .../libapparmor1_3.0.4-2_amd64.deb ...
Unpacking libapparmor1:amd64 (3.0.4-2) ...
Preparing to unpack .../libargon2-1_0~20171227-0.3_amd64.deb ...
Unpacking libargon2-1:amd64 (0~20171227-0.3) ...
Preparing to unpack .../libcryptsetup12_2%3a2.4.3-1+b1_amd64.deb ...
Unpacking libcryptsetup12:amd64 (2:2.4.3-1+b1) ...
Preparing to unpack .../libdevmapper1.02.1_2%3a1.02.175-2.1_amd64.deb ...
Unpacking libdevmapper1.02.1:amd64 (2:1.02.175-2.1) ...
Preparing to unpack .../libfdisk1_2.38-4_amd64.deb ...
Unpacking libfdisk1:amd64 (2.38-4) ...
Preparing to unpack .../libip4tc2_1.8.8-1_amd64.deb ...
Unpacking libip4tc2:amd64 (1.8.8-1) ...
Preparing to unpack .../libjson-c5_0.16-1_amd64.deb ...
Unpacking libjson-c5:amd64 (0.16-1) ...
Preparing to unpack .../libkmod2_29-1+b1_amd64.deb ...
Unpacking libkmod2:amd64 (29-1+b1) ...
Preparing to unpack .../libssl3_3.0.3-7_amd64.deb ...
Unpacking libssl3:amd64 (3.0.3-7) ...
Preparing to unpack .../systemd_250.4-1_amd64.deb ...
Unpacking systemd (250.4-1) ...
Setting up libapparmor1:amd64 (3.0.4-2) ...
Setting up libargon2-1:amd64 (0~20171227-0.3) ...
Setting up libfdisk1:amd64 (2.38-4) ...
Setting up libip4tc2:amd64 (1.8.8-1) ...
Setting up libjson-c5:amd64 (0.16-1) ...
Setting up libssl3:amd64 (3.0.3-7) ...
Setting up libkmod2:amd64 (29-1+b1) ...
Setting up libdevmapper1.02.1:amd64 (2:1.02.175-2.1) ...
Setting up dmsetup (2:1.02.175-2.1) ...
Setting up libcryptsetup12:amd64 (2:2.4.3-1+b1) ...
Setting up systemd (250.4-1) ...
Created symlink /etc/systemd/system/getty.target.wants/getty@tty1.service -> /lib/systemd/system/getty@.service.
Created symlink /etc/systemd/system/multi-user.target.wants/remote-fs.target -> /lib/systemd/system/remote-fs.target.
Created symlink /etc/systemd/system/sysinit.target.wants/systemd-pstore.service -> /lib/systemd/system/systemd-pstore.service.
Initializing machine ID from random generator.
Processing triggers for libc-bin (2.33-7) ...
(Reading database ... 7546 files and directories currently installed.)
Preparing to unpack .../systemd-sysv_250.4-1_amd64.deb ...
Unpacking systemd-sysv (250.4-1) ...
Setting up systemd-sysv (250.4-1) ...
(Reading database ... 7563 files and directories currently installed.)
Preparing to unpack .../apt-utils_2.5.0_amd64.deb ...
Unpacking apt-utils (2.5.0) ...
Preparing to unpack .../cpio_2.13+dfsg-7_amd64.deb ...
Unpacking cpio (2.13+dfsg-7) ...
Preparing to unpack .../cron_3.0pl1-139_amd64.deb ...
Unpacking cron (3.0pl1-139) ...
Preparing to unpack .../cybint-archive-keyring_1.0_all.deb ...
Unpacking cybint-archive-keyring (1.0) ...
Preparing to unpack .../debconf-i18n_1.5.79_all.deb ...
Unpacking debconf-i18n (1.5.79) ...
Preparing to unpack .../dmidecode_3.3-3_amd64.deb ...
Unpacking dmidecode (3.3-3) ...
Preparing to unpack .../fdisk_2.38-4_amd64.deb ...
Unpacking fdisk (2.38-4) ...
Preparing to unpack .../ifupdown_0.8.37_amd64.deb ...
Unpacking ifupdown (0.8.37) ...
Preparing to unpack .../archives/init_1.63_amd64.deb ...
Unpacking init (1.63) ...
Preparing to unpack .../iproute2_5.18.0-1_amd64.deb ...
Unpacking iproute2 (5.18.0-1) ...
Preparing to unpack .../iputils-ping_3%3a20211215-1_amd64.deb ...
Unpacking iputils-ping (3:20211215-1) ...
Preparing to unpack .../isc-dhcp-client_4.4.3-2_amd64.deb ...
Unpacking isc-dhcp-client (4.4.3-2) ...
Preparing to unpack .../isc-dhcp-common_4.4.3-2_amd64.deb ...
Unpacking isc-dhcp-common (4.4.3-2) ...
Preparing to unpack .../kmod_29-1+b1_amd64.deb ...
Unpacking kmod (29-1+b1) ...
Preparing to unpack .../archives/less_590-1_amd64.deb ...
Unpacking less (590-1) ...
Preparing to unpack .../libbpf0_1%3a0.8.0-1_amd64.deb ...
Unpacking libbpf0:amd64 (1:0.8.0-1) ...
Preparing to unpack .../libbsd0_0.11.6-1_amd64.deb ...
Unpacking libbsd0:amd64 (0.11.6-1) ...
Preparing to unpack .../libcap2-bin_1%3a2.44-1_amd64.deb ...
Unpacking libcap2-bin (1:2.44-1) ...
Preparing to unpack .../libedit2_3.1-20210910-1_amd64.deb ...
Unpacking libedit2:amd64 (3.1-20210910-1) ...
Preparing to unpack .../libelf1_0.187-1_amd64.deb ...
Unpacking libelf1:amd64 (0.187-1) ...
Preparing to unpack .../libestr0_0.1.10-2.1+b1_amd64.deb ...
Unpacking libestr0:amd64 (0.1.10-2.1+b1) ...
Preparing to unpack .../libfastjson4_0.99.9-1_amd64.deb ...
Unpacking libfastjson4:amd64 (0.99.9-1) ...
Preparing to unpack .../libgssapi-krb5-2_1.19.2-2+b2_amd64.deb ...
Unpacking libgssapi-krb5-2:amd64 (1.19.2-2+b2) ...
Preparing to unpack .../libjansson4_2.14-2_amd64.deb ...
Unpacking libjansson4:amd64 (2.14-2) ...
Preparing to unpack .../libk5crypto3_1.19.2-2+b2_amd64.deb ...
Unpacking libk5crypto3:amd64 (1.19.2-2+b2) ...
Preparing to unpack .../libkeyutils1_1.6.1-3_amd64.deb ...
Unpacking libkeyutils1:amd64 (1.6.1-3) ...
Preparing to unpack .../libkrb5-3_1.19.2-2+b2_amd64.deb ...
Unpacking libkrb5-3:amd64 (1.19.2-2+b2) ...
Preparing to unpack .../libkrb5support0_1.19.2-2+b2_amd64.deb ...
Unpacking libkrb5support0:amd64 (1.19.2-2+b2) ...
Preparing to unpack .../liblocale-gettext-perl_1.07-4+b2_amd64.deb ...
Unpacking liblocale-gettext-perl (1.07-4+b2) ...
Preparing to unpack .../liblognorm5_2.0.5-1.1_amd64.deb ...
Unpacking liblognorm5:amd64 (2.0.5-1.1) ...
Preparing to unpack .../libmd0_1.0.4-1_amd64.deb ...
Unpacking libmd0:amd64 (1.0.4-1) ...
Preparing to unpack .../libmnl0_1.0.4-3_amd64.deb ...
Unpacking libmnl0:amd64 (1.0.4-3) ...
Preparing to unpack .../libncurses6_6.3+20220423-2_amd64.deb ...
Unpacking libncurses6:amd64 (6.3+20220423-2) ...
Preparing to unpack .../libncursesw6_6.3+20220423-2_amd64.deb ...
Unpacking libncursesw6:amd64 (6.3+20220423-2) ...
Preparing to unpack .../libnewt0.52_0.52.21-5+b1_amd64.deb ...
Unpacking libnewt0.52:amd64 (0.52.21-5+b1) ...
Preparing to unpack .../libnftables1_1.0.2-1_amd64.deb ...
Unpacking libnftables1:amd64 (1.0.2-1) ...
Preparing to unpack .../libnftnl11_1.2.2-1_amd64.deb ...
Unpacking libnftnl11:amd64 (1.2.2-1) ...
Preparing to unpack .../libpopt0_1.18-3_amd64.deb ...
Unpacking libpopt0:amd64 (1.18-3) ...
Preparing to unpack .../libprocps8_2%3a3.3.17-7+b1_amd64.deb ...
Unpacking libprocps8:amd64 (2:3.3.17-7+b1) ...
Preparing to unpack .../libreadline8_8.1.2-1.2_amd64.deb ...
Unpacking libreadline8:amd64 (8.1.2-1.2) ...
Preparing to unpack .../libslang2_2.3.2-5+b1_amd64.deb ...
Unpacking libslang2:amd64 (2.3.2-5+b1) ...
Preparing to unpack .../libtext-charwidth-perl_0.04-10+b2_amd64.deb ...
Unpacking libtext-charwidth-perl (0.04-10+b2) ...
Preparing to unpack .../libtext-iconv-perl_1.7-7+b2_amd64.deb ...
Unpacking libtext-iconv-perl (1.7-7+b2) ...
Preparing to unpack .../libtext-wrapi18n-perl_0.06-9_all.deb ...
Unpacking libtext-wrapi18n-perl (0.06-9) ...
Preparing to unpack .../libtirpc-common_1.3.2-2_all.deb ...
Unpacking libtirpc-common (1.3.2-2) ...
Preparing to unpack .../libtirpc3_1.3.2-2_amd64.deb ...
Unpacking libtirpc3:amd64 (1.3.2-2) ...
Preparing to unpack .../libxtables12_1.8.8-1_amd64.deb ...
Unpacking libxtables12:amd64 (1.8.8-1) ...
Preparing to unpack .../logrotate_3.20.1-1_amd64.deb ...
Unpacking logrotate (3.20.1-1) ...
Preparing to unpack .../archives/nano_6.3-1_amd64.deb ...
Unpacking nano (6.3-1) ...
Preparing to unpack .../archives/netbase_6.3_all.deb ...
Unpacking netbase (6.3) ...
Preparing to unpack .../nftables_1.0.2-1_amd64.deb ...
Unpacking nftables (1.0.2-1) ...
Preparing to unpack .../procps_2%3a3.3.17-7+b1_amd64.deb ...
Unpacking procps (2:3.3.17-7+b1) ...
Preparing to unpack .../readline-common_8.1.2-1.2_all.deb ...
Unpacking readline-common (8.1.2-1.2) ...
Preparing to unpack .../rsyslog_8.2204.1-1+b1_amd64.deb ...
Unpacking rsyslog (8.2204.1-1+b1) ...
Preparing to unpack .../sensible-utils_0.0.17_all.deb ...
Unpacking sensible-utils (0.0.17) ...
Preparing to unpack .../tasksel_3.69+rebuild_all.deb ...
Unpacking tasksel (3.69+rebuild) ...
Preparing to unpack .../tasksel-data_3.69+rebuild_all.deb ...
Unpacking tasksel-data (3.69+rebuild) ...
Preparing to unpack .../udev_250.4-1_amd64.deb ...
Unpacking udev (250.4-1) ...
Preparing to unpack .../vim-common_2%3a8.2.4793-1_all.deb ...
Unpacking vim-common (2:8.2.4793-1) ...
Preparing to unpack .../vim-tiny_2%3a8.2.4793-1_amd64.deb ...
Unpacking vim-tiny (2:8.2.4793-1) ...
Preparing to unpack .../whiptail_0.52.21-5+b1_amd64.deb ...
Unpacking whiptail (0.52.21-5+b1) ...
Preparing to unpack .../xxd_2%3a8.2.4793-1_amd64.deb ...
Unpacking xxd (2:8.2.4793-1) ...
Processing triggers for libc-bin (2.33-7) ...
Setting up cpio (2.13+dfsg-7) ...
update-alternatives: using /bin/mt-gnu to provide /bin/mt (mt) in auto mode
Setting up libtext-iconv-perl (1.7-7+b2) ...
Setting up cybint-archive-keyring (1.0) ...
Installed cybint-archive-keyring as a trusted APT keyring.
Setting up libtext-charwidth-perl (0.04-10+b2) ...
Setting up libkeyutils1:amd64 (1.6.1-3) ...
Setting up apt-utils (2.5.0) ...
Setting up init (1.63) ...
Setting up libestr0:amd64 (0.1.10-2.1+b1) ...
Setting up libfastjson4:amd64 (0.99.9-1) ...
Setting up libtirpc-common (1.3.2-2) ...
Setting up less (590-1) ...
Setting up kmod (29-1+b1) ...
Setting up libtext-wrapi18n-perl (0.06-9) ...
Setting up xxd (2:8.2.4793-1) ...
Setting up libjansson4:amd64 (2.14-2) ...
Setting up libkrb5support0:amd64 (1.19.2-2+b2) ...
Setting up libcap2-bin (1:2.44-1) ...
Setting up vim-common (2:8.2.4793-1) ...
Setting up libslang2:amd64 (2.3.2-5+b1) ...
Setting up libncurses6:amd64 (6.3+20220423-2) ...
Setting up libmnl0:amd64 (1.0.4-3) ...
Setting up udev (250.4-1) ...
A chroot environment has been detected, udev not started.
Setting up libncursesw6:amd64 (6.3+20220423-2) ...
Setting up libk5crypto3:amd64 (1.19.2-2+b2) ...
Setting up libxtables12:amd64 (1.8.8-1) ...
Setting up liblognorm5:amd64 (2.0.5-1.1) ...
Setting up nano (6.3-1) ...
update-alternatives: using /bin/nano to provide /usr/bin/editor (editor) in auto mode
update-alternatives: using /bin/nano to provide /usr/bin/pico (pico) in auto mode
Setting up libmd0:amd64 (1.0.4-1) ...
Setting up sensible-utils (0.0.17) ...
Setting up netbase (6.3) ...
Setting up isc-dhcp-common (4.4.3-2) ...
Setting up libkrb5-3:amd64 (1.19.2-2+b2) ...
Setting up dmidecode (3.3-3) ...
Setting up libbsd0:amd64 (0.11.6-1) ...
Setting up libelf1:amd64 (0.187-1) ...
Setting up iputils-ping (3:20211215-1) ...
Setting up readline-common (8.1.2-1.2) ...
Setting up liblocale-gettext-perl (1.07-4+b2) ...
Setting up libprocps8:amd64 (2:3.3.17-7+b1) ...
Setting up libpopt0:amd64 (1.18-3) ...
Setting up logrotate (3.20.1-1) ...
Created symlink /etc/systemd/system/timers.target.wants/logrotate.timer -> /lib/systemd/system/logrotate.timer.
Setting up libnewt0.52:amd64 (0.52.21-5+b1) ...
Setting up libedit2:amd64 (3.1-20210910-1) ...
Setting up libreadline8:amd64 (8.1.2-1.2) ...
Setting up cron (3.0pl1-139) ...
Adding group `crontab' (GID 108) ...
Done.
Running in chroot, ignoring request.
invoke-rc.d: policy-rc.d denied execution of start.
Created symlink /etc/systemd/system/multi-user.target.wants/cron.service -> /lib/systemd/system/cron.service.
Setting up rsyslog (8.2204.1-1+b1) ...
Created symlink /etc/systemd/system/syslog.service -> /lib/systemd/system/rsyslog.service.
Created symlink /etc/systemd/system/multi-user.target.wants/rsyslog.service -> /lib/systemd/system/rsyslog.service.
Setting up debconf-i18n (1.5.79) ...
Setting up libnftnl11:amd64 (1.2.2-1) ...
Setting up vim-tiny (2:8.2.4793-1) ...
update-alternatives: using /usr/bin/vim.tiny to provide /usr/bin/rview (rview) in auto mode
update-alternatives: using /usr/bin/vim.tiny to provide /usr/bin/vi (vi) in auto mode
update-alternatives: using /usr/bin/vim.tiny to provide /usr/bin/view (view) in auto mode
update-alternatives: using /usr/bin/vim.tiny to provide /usr/bin/ex (ex) in auto mode
Setting up fdisk (2.38-4) ...
Setting up libgssapi-krb5-2:amd64 (1.19.2-2+b2) ...
Setting up whiptail (0.52.21-5+b1) ...
Setting up procps (2:3.3.17-7+b1) ...
Setting up libbpf0:amd64 (1:0.8.0-1) ...
Setting up libtirpc3:amd64 (1.3.2-2) ...
Setting up libnftables1:amd64 (1.0.2-1) ...
Setting up nftables (1.0.2-1) ...
Setting up iproute2 (5.18.0-1) ...
Setting up isc-dhcp-client (4.4.3-2) ...
Setting up ifupdown (0.8.37) ...
Creating /etc/network/interfaces.
Created symlink /etc/systemd/system/multi-user.target.wants/networking.service -> /lib/systemd/system/networking.service.
Created symlink /etc/systemd/system/network-online.target.wants/networking.service -> /lib/systemd/system/networking.service.
Setting up tasksel (3.69+rebuild) ...
Setting up tasksel-data (3.69+rebuild) ...
Processing triggers for libc-bin (2.33-7) ...
