2022-06-22 18:16:39 startup archives install
2022-06-22 18:16:39 install base-passwd:amd64 <none> 3.5.52
2022-06-22 18:16:39 status half-installed base-passwd:amd64 3.5.52
2022-06-22 18:16:39 status unpacked base-passwd:amd64 3.5.52
2022-06-22 18:16:39 configure base-passwd:amd64 3.5.52 3.5.52
2022-06-22 18:16:39 status half-configured base-passwd:amd64 3.5.52
2022-06-22 18:16:39 status installed base-passwd:amd64 3.5.52
2022-06-22 18:16:39 startup archives install
2022-06-22 18:16:39 install base-files:amd64 <none> 12.2
2022-06-22 18:16:39 status half-installed base-files:amd64 12.2
2022-06-22 18:16:39 status unpacked base-files:amd64 12.2
2022-06-22 18:16:39 configure base-files:amd64 12.2 12.2
2022-06-22 18:16:39 status half-configured base-files:amd64 12.2
2022-06-22 18:16:39 status installed base-files:amd64 12.2
2022-06-22 18:16:39 startup archives install
2022-06-22 18:16:39 upgrade dpkg 1.21.8 1.21.8
2022-06-22 18:16:39 status half-configured dpkg 1.21.8
2022-06-22 18:16:39 status unpacked dpkg 1.21.8
2022-06-22 18:16:39 status half-installed dpkg 1.21.8
2022-06-22 18:16:40 status unpacked dpkg:amd64 1.21.8
2022-06-22 18:16:40 configure dpkg:amd64 1.21.8 1.21.8
2022-06-22 18:16:40 status half-configured dpkg:amd64 1.21.8
2022-06-22 18:16:40 status installed dpkg:amd64 1.21.8
2022-06-22 18:16:40 startup archives install
2022-06-22 18:16:40 install libc6:amd64 <none> 2.33-7
2022-06-22 18:16:40 status half-installed libc6:amd64 2.33-7
2022-06-22 18:16:41 status unpacked libc6:amd64 2.33-7
2022-06-22 18:16:41 configure libc6:amd64 2.33-7 2.33-7
2022-06-22 18:16:41 status half-configured libc6:amd64 2.33-7
2022-06-22 18:16:41 status installed libc6:amd64 2.33-7
2022-06-22 18:16:41 startup archives install
2022-06-22 18:16:41 install perl-base:amd64 <none> 5.34.0-4
2022-06-22 18:16:41 status half-installed perl-base:amd64 5.34.0-4
2022-06-22 18:16:42 status unpacked perl-base:amd64 5.34.0-4
2022-06-22 18:16:42 configure perl-base:amd64 5.34.0-4 5.34.0-4
2022-06-22 18:16:42 status half-configured perl-base:amd64 5.34.0-4
2022-06-22 18:16:42 status installed perl-base:amd64 5.34.0-4
2022-06-22 18:16:42 startup archives install
2022-06-22 18:16:43 install mawk:amd64 <none> 1.3.4.20200120-3+b1
2022-06-22 18:16:43 status half-installed mawk:amd64 1.3.4.20200120-3+b1
2022-06-22 18:16:43 status unpacked mawk:amd64 1.3.4.20200120-3+b1
2022-06-22 18:16:43 configure mawk:amd64 1.3.4.20200120-3+b1 1.3.4.20200120-3+b1
2022-06-22 18:16:43 status half-configured mawk:amd64 1.3.4.20200120-3+b1
2022-06-22 18:16:43 status installed mawk:amd64 1.3.4.20200120-3+b1
2022-06-22 18:16:43 startup archives install
2022-06-22 18:16:43 install debconf:all <none> 1.5.79
2022-06-22 18:16:43 status half-installed debconf:all 1.5.79
2022-06-22 18:16:43 status unpacked debconf:all 1.5.79
2022-06-22 18:16:44 configure debconf:all 1.5.79 1.5.79
2022-06-22 18:16:44 status half-configured debconf:all 1.5.79
2022-06-22 18:16:44 status installed debconf:all 1.5.79
2022-06-22 18:16:44 startup archives unpack
2022-06-22 18:16:44 install adduser:all <none> 3.121
2022-06-22 18:16:44 status half-installed adduser:all 3.121
2022-06-22 18:16:45 status unpacked adduser:all 3.121
2022-06-22 18:16:45 install apt:amd64 <none> 2.5.0
2022-06-22 18:16:45 status half-installed apt:amd64 2.5.0
2022-06-22 18:16:45 status unpacked apt:amd64 2.5.0
2022-06-22 18:16:45 upgrade base-files:amd64 12.2 12.2
2022-06-22 18:16:45 status half-configured base-files:amd64 12.2
2022-06-22 18:16:45 status unpacked base-files:amd64 12.2
2022-06-22 18:16:45 status half-installed base-files:amd64 12.2
2022-06-22 18:16:45 status unpacked base-files:amd64 12.2
2022-06-22 18:16:45 upgrade base-passwd:amd64 3.5.52 3.5.52
2022-06-22 18:16:45 status half-configured base-passwd:amd64 3.5.52
2022-06-22 18:16:45 status unpacked base-passwd:amd64 3.5.52
2022-06-22 18:16:45 status half-installed base-passwd:amd64 3.5.52
2022-06-22 18:16:45 status unpacked base-passwd:amd64 3.5.52
2022-06-22 18:16:45 install bash:amd64 <none> 5.1-6.1
2022-06-22 18:16:45 status half-installed bash:amd64 5.1-6.1
2022-06-22 18:16:46 status unpacked bash:amd64 5.1-6.1
2022-06-22 18:16:46 install bsdutils:amd64 <none> 1:2.38-4
2022-06-22 18:16:46 status half-installed bsdutils:amd64 1:2.38-4
2022-06-22 18:16:46 status unpacked bsdutils:amd64 1:2.38-4
2022-06-22 18:16:46 install coreutils:amd64 <none> 8.32-4.1
2022-06-22 18:16:46 status half-installed coreutils:amd64 8.32-4.1
2022-06-22 18:16:46 status unpacked coreutils:amd64 8.32-4.1
2022-06-22 18:16:46 install dash:amd64 <none> 0.5.11+git20210903+057cd650a4ed-8
2022-06-22 18:16:46 status half-installed dash:amd64 0.5.11+git20210903+057cd650a4ed-8
2022-06-22 18:16:46 status unpacked dash:amd64 0.5.11+git20210903+057cd650a4ed-8
2022-06-22 18:16:46 upgrade debconf:all 1.5.79 1.5.79
2022-06-22 18:16:46 status half-configured debconf:all 1.5.79
2022-06-22 18:16:46 status unpacked debconf:all 1.5.79
2022-06-22 18:16:46 status half-installed debconf:all 1.5.79
2022-06-22 18:16:46 status unpacked debconf:all 1.5.79
2022-06-22 18:16:46 install debian-archive-keyring:all <none> 2021.1.1
2022-06-22 18:16:46 status half-installed debian-archive-keyring:all 2021.1.1
2022-06-22 18:16:46 status unpacked debian-archive-keyring:all 2021.1.1
2022-06-22 18:16:46 install debianutils:amd64 <none> 5.7-0.2
2022-06-22 18:16:46 status half-installed debianutils:amd64 5.7-0.2
2022-06-22 18:16:46 status unpacked debianutils:amd64 5.7-0.2
2022-06-22 18:16:46 install diffutils:amd64 <none> 1:3.7-5
2022-06-22 18:16:46 status half-installed diffutils:amd64 1:3.7-5
2022-06-22 18:16:47 status unpacked diffutils:amd64 1:3.7-5
2022-06-22 18:16:47 upgrade dpkg:amd64 1.21.8 1.21.8
2022-06-22 18:16:47 status half-configured dpkg:amd64 1.21.8
2022-06-22 18:16:47 status unpacked dpkg:amd64 1.21.8
2022-06-22 18:16:47 status half-installed dpkg:amd64 1.21.8
2022-06-22 18:16:47 status unpacked dpkg:amd64 1.21.8
2022-06-22 18:16:47 install e2fsprogs:amd64 <none> 1.46.5-2
2022-06-22 18:16:47 status half-installed e2fsprogs:amd64 1.46.5-2
2022-06-22 18:16:47 status unpacked e2fsprogs:amd64 1.46.5-2
2022-06-22 18:16:47 install findutils:amd64 <none> 4.9.0-3
2022-06-22 18:16:47 status half-installed findutils:amd64 4.9.0-3
2022-06-22 18:16:47 status unpacked findutils:amd64 4.9.0-3
2022-06-22 18:16:47 install gcc-12-base:amd64 <none> 12.1.0-2
2022-06-22 18:16:47 status half-installed gcc-12-base:amd64 12.1.0-2
2022-06-22 18:16:47 status unpacked gcc-12-base:amd64 12.1.0-2
2022-06-22 18:16:47 install gpgv:amd64 <none> 2.2.35-2
2022-06-22 18:16:47 status half-installed gpgv:amd64 2.2.35-2
2022-06-22 18:16:47 status unpacked gpgv:amd64 2.2.35-2
2022-06-22 18:16:47 install grep:amd64 <none> 3.7-1
2022-06-22 18:16:47 status half-installed grep:amd64 3.7-1
2022-06-22 18:16:47 status unpacked grep:amd64 3.7-1
2022-06-22 18:16:47 install gzip:amd64 <none> 1.12-1
2022-06-22 18:16:47 status half-installed gzip:amd64 1.12-1
2022-06-22 18:16:47 status unpacked gzip:amd64 1.12-1
2022-06-22 18:16:47 install hostname:amd64 <none> 3.23
2022-06-22 18:16:47 status half-installed hostname:amd64 3.23
2022-06-22 18:16:47 status unpacked hostname:amd64 3.23
2022-06-22 18:16:47 install init-system-helpers:all <none> 1.63
2022-06-22 18:16:47 status half-installed init-system-helpers:all 1.63
2022-06-22 18:16:47 status unpacked init-system-helpers:all 1.63
2022-06-22 18:16:47 install libacl1:amd64 <none> 2.3.1-1
2022-06-22 18:16:47 status half-installed libacl1:amd64 2.3.1-1
2022-06-22 18:16:47 status unpacked libacl1:amd64 2.3.1-1
2022-06-22 18:16:47 install libapt-pkg6.0:amd64 <none> 2.5.0
2022-06-22 18:16:47 status half-installed libapt-pkg6.0:amd64 2.5.0
2022-06-22 18:16:52 status unpacked libapt-pkg6.0:amd64 2.5.0
2022-06-22 18:16:52 install libattr1:amd64 <none> 1:2.5.1-1
2022-06-22 18:16:52 status half-installed libattr1:amd64 1:2.5.1-1
2022-06-22 18:16:52 status unpacked libattr1:amd64 1:2.5.1-1
2022-06-22 18:16:52 install libaudit-common:all <none> 1:3.0.7-1
2022-06-22 18:16:52 status half-installed libaudit-common:all 1:3.0.7-1
2022-06-22 18:16:52 status unpacked libaudit-common:all 1:3.0.7-1
2022-06-22 18:16:52 install libaudit1:amd64 <none> 1:3.0.7-1+b1
2022-06-22 18:16:52 status half-installed libaudit1:amd64 1:3.0.7-1+b1
2022-06-22 18:16:52 status unpacked libaudit1:amd64 1:3.0.7-1+b1
2022-06-22 18:16:52 install libblkid1:amd64 <none> 2.38-4
2022-06-22 18:16:52 status half-installed libblkid1:amd64 2.38-4
2022-06-22 18:16:52 status unpacked libblkid1:amd64 2.38-4
2022-06-22 18:16:52 install libbz2-1.0:amd64 <none> 1.0.8-5
2022-06-22 18:16:52 status half-installed libbz2-1.0:amd64 1.0.8-5
2022-06-22 18:16:52 status unpacked libbz2-1.0:amd64 1.0.8-5
2022-06-22 18:16:52 install libc-bin:amd64 <none> 2.33-7
2022-06-22 18:16:52 status half-installed libc-bin:amd64 2.33-7
2022-06-22 18:16:52 status unpacked libc-bin:amd64 2.33-7
2022-06-22 18:16:52 upgrade libc6:amd64 2.33-7 2.33-7
2022-06-22 18:16:52 status half-configured libc6:amd64 2.33-7
2022-06-22 18:16:52 status unpacked libc6:amd64 2.33-7
2022-06-22 18:16:52 status half-installed libc6:amd64 2.33-7
2022-06-22 18:16:54 status unpacked libc6:amd64 2.33-7
2022-06-22 18:16:54 install libcap-ng0:amd64 <none> 0.7.9-2.2+b2
2022-06-22 18:16:54 status half-installed libcap-ng0:amd64 0.7.9-2.2+b2
2022-06-22 18:16:54 status unpacked libcap-ng0:amd64 0.7.9-2.2+b2
2022-06-22 18:16:55 install libcap2:amd64 <none> 1:2.44-1
2022-06-22 18:16:55 status half-installed libcap2:amd64 1:2.44-1
2022-06-22 18:16:55 status unpacked libcap2:amd64 1:2.44-1
2022-06-22 18:16:55 install libcom-err2:amd64 <none> 1.46.5-2
2022-06-22 18:16:55 status half-installed libcom-err2:amd64 1.46.5-2
2022-06-22 18:16:55 status unpacked libcom-err2:amd64 1.46.5-2
2022-06-22 18:16:55 install libcrypt1:amd64 <none> 1:4.4.27-1.1
2022-06-22 18:16:55 status half-installed libcrypt1:amd64 1:4.4.27-1.1
2022-06-22 18:16:55 status unpacked libcrypt1:amd64 1:4.4.27-1.1
2022-06-22 18:16:56 install libdb5.3:amd64 <none> 5.3.28+dfsg1-0.9
2022-06-22 18:16:56 status half-installed libdb5.3:amd64 5.3.28+dfsg1-0.9
2022-06-22 18:16:56 status unpacked libdb5.3:amd64 5.3.28+dfsg1-0.9
2022-06-22 18:16:56 install libdebconfclient0:amd64 <none> 0.262
2022-06-22 18:16:56 status half-installed libdebconfclient0:amd64 0.262
2022-06-22 18:16:56 status unpacked libdebconfclient0:amd64 0.262
2022-06-22 18:16:56 install libext2fs2:amd64 <none> 1.46.5-2
2022-06-22 18:16:56 status half-installed libext2fs2:amd64 1.46.5-2
2022-06-22 18:16:57 status unpacked libext2fs2:amd64 1.46.5-2
2022-06-22 18:16:57 install libffi8:amd64 <none> 3.4.2-4
2022-06-22 18:16:57 status half-installed libffi8:amd64 3.4.2-4
2022-06-22 18:16:57 status unpacked libffi8:amd64 3.4.2-4
2022-06-22 18:16:57 install libgcc-s1:amd64 <none> 12.1.0-2
2022-06-22 18:16:57 status half-installed libgcc-s1:amd64 12.1.0-2
2022-06-22 18:16:57 status unpacked libgcc-s1:amd64 12.1.0-2
2022-06-22 18:16:57 install libgcrypt20:amd64 <none> 1.10.1-2
2022-06-22 18:16:57 status half-installed libgcrypt20:amd64 1.10.1-2
2022-06-22 18:16:57 status unpacked libgcrypt20:amd64 1.10.1-2
2022-06-22 18:16:57 install libgmp10:amd64 <none> 2:6.2.1+dfsg-3
2022-06-22 18:16:57 status half-installed libgmp10:amd64 2:6.2.1+dfsg-3
2022-06-22 18:16:57 status unpacked libgmp10:amd64 2:6.2.1+dfsg-3
2022-06-22 18:16:57 install libgnutls30:amd64 <none> 3.7.4-2
2022-06-22 18:16:57 status half-installed libgnutls30:amd64 3.7.4-2
2022-06-22 18:16:57 status unpacked libgnutls30:amd64 3.7.4-2
2022-06-22 18:16:58 install libgpg-error0:amd64 <none> 1.45-2
2022-06-22 18:16:58 status half-installed libgpg-error0:amd64 1.45-2
2022-06-22 18:16:58 status unpacked libgpg-error0:amd64 1.45-2
2022-06-22 18:16:58 install libhogweed6:amd64 <none> 3.7.3-1
2022-06-22 18:16:58 status half-installed libhogweed6:amd64 3.7.3-1
2022-06-22 18:16:58 status unpacked libhogweed6:amd64 3.7.3-1
2022-06-22 18:16:58 install libidn2-0:amd64 <none> 2.3.2-2
2022-06-22 18:16:58 status half-installed libidn2-0:amd64 2.3.2-2
2022-06-22 18:16:59 status unpacked libidn2-0:amd64 2.3.2-2
2022-06-22 18:16:59 install liblz4-1:amd64 <none> 1.9.3-2
2022-06-22 18:16:59 status half-installed liblz4-1:amd64 1.9.3-2
2022-06-22 18:16:59 status unpacked liblz4-1:amd64 1.9.3-2
2022-06-22 18:17:00 install liblzma5:amd64 <none> 5.2.5-2.1
2022-06-22 18:17:00 status half-installed liblzma5:amd64 5.2.5-2.1
2022-06-22 18:17:00 status unpacked liblzma5:amd64 5.2.5-2.1
2022-06-22 18:17:00 install libmount1:amd64 <none> 2.38-4
2022-06-22 18:17:00 status half-installed libmount1:amd64 2.38-4
2022-06-22 18:17:00 status unpacked libmount1:amd64 2.38-4
2022-06-22 18:17:00 install libnettle8:amd64 <none> 3.7.3-1
2022-06-22 18:17:00 status half-installed libnettle8:amd64 3.7.3-1
2022-06-22 18:17:00 status unpacked libnettle8:amd64 3.7.3-1
2022-06-22 18:17:01 install libp11-kit0:amd64 <none> 0.24.1-1
2022-06-22 18:17:01 status half-installed libp11-kit0:amd64 0.24.1-1
2022-06-22 18:17:01 status unpacked libp11-kit0:amd64 0.24.1-1
2022-06-22 18:17:01 install libpam-modules:amd64 <none> 1.4.0-13
2022-06-22 18:17:01 status half-installed libpam-modules:amd64 1.4.0-13
2022-06-22 18:17:02 status unpacked libpam-modules:amd64 1.4.0-13
2022-06-22 18:17:03 install libpam-modules-bin:amd64 <none> 1.4.0-13
2022-06-22 18:17:03 status half-installed libpam-modules-bin:amd64 1.4.0-13
2022-06-22 18:17:04 status unpacked libpam-modules-bin:amd64 1.4.0-13
2022-06-22 18:17:05 install libpam-runtime:all <none> 1.4.0-13
2022-06-22 18:17:05 status half-installed libpam-runtime:all 1.4.0-13
2022-06-22 18:17:05 status unpacked libpam-runtime:all 1.4.0-13
2022-06-22 18:17:05 install libpam0g:amd64 <none> 1.4.0-13
2022-06-22 18:17:05 status half-installed libpam0g:amd64 1.4.0-13
2022-06-22 18:17:05 status unpacked libpam0g:amd64 1.4.0-13
2022-06-22 18:17:05 install libpcre2-8-0:amd64 <none> 10.40-1
2022-06-22 18:17:05 status half-installed libpcre2-8-0:amd64 10.40-1
2022-06-22 18:17:05 status unpacked libpcre2-8-0:amd64 10.40-1
2022-06-22 18:17:05 install libpcre3:amd64 <none> 2:8.39-14
2022-06-22 18:17:05 status half-installed libpcre3:amd64 2:8.39-14
2022-06-22 18:17:05 status unpacked libpcre3:amd64 2:8.39-14
2022-06-22 18:17:06 install libseccomp2:amd64 <none> 2.5.4-1
2022-06-22 18:17:06 status half-installed libseccomp2:amd64 2.5.4-1
2022-06-22 18:17:06 status unpacked libseccomp2:amd64 2.5.4-1
2022-06-22 18:17:06 install libselinux1:amd64 <none> 3.3-1+b2
2022-06-22 18:17:06 status half-installed libselinux1:amd64 3.3-1+b2
2022-06-22 18:17:06 status unpacked libselinux1:amd64 3.3-1+b2
2022-06-22 18:17:06 install libsemanage-common:all <none> 3.3-1
2022-06-22 18:17:06 status half-installed libsemanage-common:all 3.3-1
2022-06-22 18:17:06 status unpacked libsemanage-common:all 3.3-1
2022-06-22 18:17:06 install libsemanage2:amd64 <none> 3.3-1+b2
2022-06-22 18:17:06 status half-installed libsemanage2:amd64 3.3-1+b2
2022-06-22 18:17:06 status unpacked libsemanage2:amd64 3.3-1+b2
2022-06-22 18:17:06 install libsepol2:amd64 <none> 3.3-1
2022-06-22 18:17:06 status half-installed libsepol2:amd64 3.3-1
2022-06-22 18:17:06 status unpacked libsepol2:amd64 3.3-1
2022-06-22 18:17:06 install libsmartcols1:amd64 <none> 2.38-4
2022-06-22 18:17:06 status half-installed libsmartcols1:amd64 2.38-4
2022-06-22 18:17:06 status unpacked libsmartcols1:amd64 2.38-4
2022-06-22 18:17:06 install libss2:amd64 <none> 1.46.5-2
2022-06-22 18:17:06 status half-installed libss2:amd64 1.46.5-2
2022-06-22 18:17:06 status unpacked libss2:amd64 1.46.5-2
2022-06-22 18:17:06 install libstdc++6:amd64 <none> 12.1.0-2
2022-06-22 18:17:06 status half-installed libstdc++6:amd64 12.1.0-2
2022-06-22 18:17:06 status unpacked libstdc++6:amd64 12.1.0-2
2022-06-22 18:17:06 install libsystemd0:amd64 <none> 250.4-1
2022-06-22 18:17:06 status half-installed libsystemd0:amd64 250.4-1
2022-06-22 18:17:06 status unpacked libsystemd0:amd64 250.4-1
2022-06-22 18:17:06 install libtasn1-6:amd64 <none> 4.18.0-4
2022-06-22 18:17:06 status half-installed libtasn1-6:amd64 4.18.0-4
2022-06-22 18:17:06 status unpacked libtasn1-6:amd64 4.18.0-4
2022-06-22 18:17:06 install libtinfo6:amd64 <none> 6.3+20220423-2
2022-06-22 18:17:06 status half-installed libtinfo6:amd64 6.3+20220423-2
2022-06-22 18:17:06 status unpacked libtinfo6:amd64 6.3+20220423-2
2022-06-22 18:17:06 install libudev1:amd64 <none> 250.4-1
2022-06-22 18:17:06 status half-installed libudev1:amd64 250.4-1
2022-06-22 18:17:06 status unpacked libudev1:amd64 250.4-1
2022-06-22 18:17:06 install libunistring2:amd64 <none> 1.0-1
2022-06-22 18:17:06 status half-installed libunistring2:amd64 1.0-1
2022-06-22 18:17:06 status unpacked libunistring2:amd64 1.0-1
2022-06-22 18:17:06 install libuuid1:amd64 <none> 2.38-4
2022-06-22 18:17:06 status half-installed libuuid1:amd64 2.38-4
2022-06-22 18:17:06 status unpacked libuuid1:amd64 2.38-4
2022-06-22 18:17:06 install libxxhash0:amd64 <none> 0.8.1-1
2022-06-22 18:17:06 status half-installed libxxhash0:amd64 0.8.1-1
2022-06-22 18:17:06 status unpacked libxxhash0:amd64 0.8.1-1
2022-06-22 18:17:06 install libzstd1:amd64 <none> 1.5.2+dfsg-1
2022-06-22 18:17:06 status half-installed libzstd1:amd64 1.5.2+dfsg-1
2022-06-22 18:17:06 status unpacked libzstd1:amd64 1.5.2+dfsg-1
2022-06-22 18:17:06 install login:amd64 <none> 1:4.11.1+dfsg1-2
2022-06-22 18:17:06 status half-installed login:amd64 1:4.11.1+dfsg1-2
2022-06-22 18:17:07 status unpacked login:amd64 1:4.11.1+dfsg1-2
2022-06-22 18:17:07 install logsave:amd64 <none> 1.46.5-2
2022-06-22 18:17:07 status half-installed logsave:amd64 1.46.5-2
2022-06-22 18:17:07 status unpacked logsave:amd64 1.46.5-2
2022-06-22 18:17:07 install lsb-base:all <none> 11.2
2022-06-22 18:17:07 status half-installed lsb-base:all 11.2
2022-06-22 18:17:07 status unpacked lsb-base:all 11.2
2022-06-22 18:17:07 upgrade mawk:amd64 1.3.4.20200120-3+b1 1.3.4.20200120-3+b1
2022-06-22 18:17:07 status half-configured mawk:amd64 1.3.4.20200120-3+b1
2022-06-22 18:17:07 status unpacked mawk:amd64 1.3.4.20200120-3+b1
2022-06-22 18:17:07 status half-installed mawk:amd64 1.3.4.20200120-3+b1
2022-06-22 18:17:07 status unpacked mawk:amd64 1.3.4.20200120-3+b1
2022-06-22 18:17:07 install mount:amd64 <none> 2.38-4
2022-06-22 18:17:07 status half-installed mount:amd64 2.38-4
2022-06-22 18:17:07 status unpacked mount:amd64 2.38-4
2022-06-22 18:17:07 install ncurses-base:all <none> 6.3+20220423-2
2022-06-22 18:17:07 status half-installed ncurses-base:all 6.3+20220423-2
2022-06-22 18:17:07 status unpacked ncurses-base:all 6.3+20220423-2
2022-06-22 18:17:07 install ncurses-bin:amd64 <none> 6.3+20220423-2
2022-06-22 18:17:07 status half-installed ncurses-bin:amd64 6.3+20220423-2
2022-06-22 18:17:07 status unpacked ncurses-bin:amd64 6.3+20220423-2
2022-06-22 18:17:07 install passwd:amd64 <none> 1:4.11.1+dfsg1-2
2022-06-22 18:17:07 status half-installed passwd:amd64 1:4.11.1+dfsg1-2
2022-06-22 18:17:07 status unpacked passwd:amd64 1:4.11.1+dfsg1-2
2022-06-22 18:17:07 upgrade perl-base:amd64 5.34.0-4 5.34.0-4
2022-06-22 18:17:07 status half-configured perl-base:amd64 5.34.0-4
2022-06-22 18:17:07 status unpacked perl-base:amd64 5.34.0-4
2022-06-22 18:17:07 status half-installed perl-base:amd64 5.34.0-4
2022-06-22 18:17:08 status unpacked perl-base:amd64 5.34.0-4
2022-06-22 18:17:08 install sed:amd64 <none> 4.8-1
2022-06-22 18:17:08 status half-installed sed:amd64 4.8-1
2022-06-22 18:17:08 status unpacked sed:amd64 4.8-1
2022-06-22 18:17:09 install sysvinit-utils:amd64 <none> 3.03-1
2022-06-22 18:17:09 status half-installed sysvinit-utils:amd64 3.03-1
2022-06-22 18:17:09 status unpacked sysvinit-utils:amd64 3.03-1
2022-06-22 18:17:09 install tar:amd64 <none> 1.34+dfsg-1
2022-06-22 18:17:09 status half-installed tar:amd64 1.34+dfsg-1
2022-06-22 18:17:10 status unpacked tar:amd64 1.34+dfsg-1
2022-06-22 18:17:11 install tzdata:all <none> 2022a-1
2022-06-22 18:17:11 status half-installed tzdata:all 2022a-1
2022-06-22 18:17:11 status unpacked tzdata:all 2022a-1
2022-06-22 18:17:11 install util-linux:amd64 <none> 2.38-4
2022-06-22 18:17:11 status half-installed util-linux:amd64 2.38-4
2022-06-22 18:17:12 status unpacked util-linux:amd64 2.38-4
2022-06-22 18:17:12 install util-linux-extra:amd64 <none> 2.38-4
2022-06-22 18:17:12 status half-installed util-linux-extra:amd64 2.38-4
2022-06-22 18:17:12 status unpacked util-linux-extra:amd64 2.38-4
2022-06-22 18:17:12 install zlib1g:amd64 <none> 1:1.2.11.dfsg-4
2022-06-22 18:17:12 status half-installed zlib1g:amd64 1:1.2.11.dfsg-4
2022-06-22 18:17:12 status unpacked zlib1g:amd64 1:1.2.11.dfsg-4
2022-06-22 18:17:12 startup packages configure
2022-06-22 18:17:12 configure lsb-base:all 11.2 <none>
2022-06-22 18:17:12 status unpacked lsb-base:all 11.2
2022-06-22 18:17:12 status half-configured lsb-base:all 11.2
2022-06-22 18:17:12 status installed lsb-base:all 11.2
2022-06-22 18:17:12 configure debian-archive-keyring:all 2021.1.1 <none>
2022-06-22 18:17:12 status unpacked debian-archive-keyring:all 2021.1.1
2022-06-22 18:17:12 status half-configured debian-archive-keyring:all 2021.1.1
2022-06-22 18:17:12 status installed debian-archive-keyring:all 2021.1.1
2022-06-22 18:17:12 configure libaudit-common:all 1:3.0.7-1 <none>
2022-06-22 18:17:12 status unpacked libaudit-common:all 1:3.0.7-1
2022-06-22 18:17:12 status half-configured libaudit-common:all 1:3.0.7-1
2022-06-22 18:17:12 status installed libaudit-common:all 1:3.0.7-1
2022-06-22 18:17:12 configure libsemanage-common:all 3.3-1 <none>
2022-06-22 18:17:12 status unpacked libsemanage-common:all 3.3-1
2022-06-22 18:17:12 status half-configured libsemanage-common:all 3.3-1
2022-06-22 18:17:12 status installed libsemanage-common:all 3.3-1
2022-06-22 18:17:12 configure gcc-12-base:amd64 12.1.0-2 <none>
2022-06-22 18:17:12 status unpacked gcc-12-base:amd64 12.1.0-2
2022-06-22 18:17:12 status half-configured gcc-12-base:amd64 12.1.0-2
2022-06-22 18:17:12 status installed gcc-12-base:amd64 12.1.0-2
2022-06-22 18:17:12 configure ncurses-base:all 6.3+20220423-2 <none>
2022-06-22 18:17:12 status unpacked ncurses-base:all 6.3+20220423-2
2022-06-22 18:17:12 status half-configured ncurses-base:all 6.3+20220423-2
2022-06-22 18:17:12 status installed ncurses-base:all 6.3+20220423-2
2022-06-22 18:17:12 configure init-system-helpers:all 1.63 <none>
2022-06-22 18:17:12 status unpacked init-system-helpers:all 1.63
2022-06-22 18:17:12 status half-configured init-system-helpers:all 1.63
2022-06-22 18:17:12 status installed init-system-helpers:all 1.63
2022-06-22 18:17:12 configure libgcc-s1:amd64 12.1.0-2 <none>
2022-06-22 18:17:12 status unpacked libgcc-s1:amd64 12.1.0-2
2022-06-22 18:17:12 status half-configured libgcc-s1:amd64 12.1.0-2
2022-06-22 18:17:12 status installed libgcc-s1:amd64 12.1.0-2
2022-06-22 18:17:12 configure libc6:amd64 2.33-7 <none>
2022-06-22 18:17:12 status unpacked libc6:amd64 2.33-7
2022-06-22 18:17:12 status half-configured libc6:amd64 2.33-7
2022-06-22 18:17:13 status installed libc6:amd64 2.33-7
2022-06-22 18:17:13 configure libudev1:amd64 250.4-1 <none>
2022-06-22 18:17:13 status unpacked libudev1:amd64 250.4-1
2022-06-22 18:17:13 status half-configured libudev1:amd64 250.4-1
2022-06-22 18:17:14 status installed libudev1:amd64 250.4-1
2022-06-22 18:17:14 configure libffi8:amd64 3.4.2-4 <none>
2022-06-22 18:17:14 status unpacked libffi8:amd64 3.4.2-4
2022-06-22 18:17:14 status half-configured libffi8:amd64 3.4.2-4
2022-06-22 18:17:15 status installed libffi8:amd64 3.4.2-4
2022-06-22 18:17:15 configure libxxhash0:amd64 0.8.1-1 <none>
2022-06-22 18:17:15 status unpacked libxxhash0:amd64 0.8.1-1
2022-06-22 18:17:15 status half-configured libxxhash0:amd64 0.8.1-1
2022-06-22 18:17:15 status installed libxxhash0:amd64 0.8.1-1
2022-06-22 18:17:16 configure libattr1:amd64 1:2.5.1-1 <none>
2022-06-22 18:17:16 status unpacked libattr1:amd64 1:2.5.1-1
2022-06-22 18:17:16 status half-configured libattr1:amd64 1:2.5.1-1
2022-06-22 18:17:17 status installed libattr1:amd64 1:2.5.1-1
2022-06-22 18:17:17 configure sysvinit-utils:amd64 3.03-1 <none>
2022-06-22 18:17:17 status unpacked sysvinit-utils:amd64 3.03-1
2022-06-22 18:17:17 status half-configured sysvinit-utils:amd64 3.03-1
2022-06-22 18:17:17 status installed sysvinit-utils:amd64 3.03-1
2022-06-22 18:17:17 configure libtasn1-6:amd64 4.18.0-4 <none>
2022-06-22 18:17:17 status unpacked libtasn1-6:amd64 4.18.0-4
2022-06-22 18:17:17 status half-configured libtasn1-6:amd64 4.18.0-4
2022-06-22 18:17:17 status installed libtasn1-6:amd64 4.18.0-4
2022-06-22 18:17:17 configure debianutils:amd64 5.7-0.2 <none>
2022-06-22 18:17:17 status unpacked debianutils:amd64 5.7-0.2
2022-06-22 18:17:17 status half-configured debianutils:amd64 5.7-0.2
2022-06-22 18:17:17 status installed debianutils:amd64 5.7-0.2
2022-06-22 18:17:17 configure mawk:amd64 1.3.4.20200120-3+b1 <none>
2022-06-22 18:17:17 status unpacked mawk:amd64 1.3.4.20200120-3+b1
2022-06-22 18:17:17 status half-configured mawk:amd64 1.3.4.20200120-3+b1
2022-06-22 18:17:17 status installed mawk:amd64 1.3.4.20200120-3+b1
2022-06-22 18:17:17 configure libdebconfclient0:amd64 0.262 <none>
2022-06-22 18:17:17 status unpacked libdebconfclient0:amd64 0.262
2022-06-22 18:17:17 status half-configured libdebconfclient0:amd64 0.262
2022-06-22 18:17:17 status installed libdebconfclient0:amd64 0.262
2022-06-22 18:17:17 configure base-files:amd64 12.2 <none>
2022-06-22 18:17:17 status unpacked base-files:amd64 12.2
2022-06-22 18:17:17 status half-configured base-files:amd64 12.2
2022-06-22 18:17:17 status installed base-files:amd64 12.2
2022-06-22 18:17:17 configure libbz2-1.0:amd64 1.0.8-5 <none>
2022-06-22 18:17:17 status unpacked libbz2-1.0:amd64 1.0.8-5
2022-06-22 18:17:17 status half-configured libbz2-1.0:amd64 1.0.8-5
2022-06-22 18:17:17 status installed libbz2-1.0:amd64 1.0.8-5
2022-06-22 18:17:17 configure base-passwd:amd64 3.5.52 <none>
2022-06-22 18:17:17 status unpacked base-passwd:amd64 3.5.52
2022-06-22 18:17:17 status half-configured base-passwd:amd64 3.5.52
2022-06-22 18:17:17 status installed base-passwd:amd64 3.5.52
2022-06-22 18:17:17 configure libdb5.3:amd64 5.3.28+dfsg1-0.9 <none>
2022-06-22 18:17:17 status unpacked libdb5.3:amd64 5.3.28+dfsg1-0.9
2022-06-22 18:17:17 status half-configured libdb5.3:amd64 5.3.28+dfsg1-0.9
2022-06-22 18:17:17 status installed libdb5.3:amd64 5.3.28+dfsg1-0.9
2022-06-22 18:17:17 configure libblkid1:amd64 2.38-4 <none>
2022-06-22 18:17:17 status unpacked libblkid1:amd64 2.38-4
2022-06-22 18:17:17 status half-configured libblkid1:amd64 2.38-4
2022-06-22 18:17:17 status installed libblkid1:amd64 2.38-4
2022-06-22 18:17:18 configure libstdc++6:amd64 12.1.0-2 <none>
2022-06-22 18:17:18 status unpacked libstdc++6:amd64 12.1.0-2
2022-06-22 18:17:18 status half-configured libstdc++6:amd64 12.1.0-2
2022-06-22 18:17:18 status installed libstdc++6:amd64 12.1.0-2
2022-06-22 18:17:18 configure libtinfo6:amd64 6.3+20220423-2 <none>
2022-06-22 18:17:18 status unpacked libtinfo6:amd64 6.3+20220423-2
2022-06-22 18:17:18 status half-configured libtinfo6:amd64 6.3+20220423-2
2022-06-22 18:17:18 status installed libtinfo6:amd64 6.3+20220423-2
2022-06-22 18:17:18 configure bash:amd64 5.1-6.1 <none>
2022-06-22 18:17:18 status unpacked bash:amd64 5.1-6.1
2022-06-22 18:17:18 status half-configured bash:amd64 5.1-6.1
2022-06-22 18:17:18 status installed bash:amd64 5.1-6.1
2022-06-22 18:17:18 configure libzstd1:amd64 1.5.2+dfsg-1 <none>
2022-06-22 18:17:18 status unpacked libzstd1:amd64 1.5.2+dfsg-1
2022-06-22 18:17:18 status half-configured libzstd1:amd64 1.5.2+dfsg-1
2022-06-22 18:17:18 status installed libzstd1:amd64 1.5.2+dfsg-1
2022-06-22 18:17:18 configure liblzma5:amd64 5.2.5-2.1 <none>
2022-06-22 18:17:18 status unpacked liblzma5:amd64 5.2.5-2.1
2022-06-22 18:17:18 status half-configured liblzma5:amd64 5.2.5-2.1
2022-06-22 18:17:19 status installed liblzma5:amd64 5.2.5-2.1
2022-06-22 18:17:19 configure libgpg-error0:amd64 1.45-2 <none>
2022-06-22 18:17:19 status unpacked libgpg-error0:amd64 1.45-2
2022-06-22 18:17:19 status half-configured libgpg-error0:amd64 1.45-2
2022-06-22 18:17:19 status installed libgpg-error0:amd64 1.45-2
2022-06-22 18:17:19 configure liblz4-1:amd64 1.9.3-2 <none>
2022-06-22 18:17:19 status unpacked liblz4-1:amd64 1.9.3-2
2022-06-22 18:17:19 status half-configured liblz4-1:amd64 1.9.3-2
2022-06-22 18:17:19 status installed liblz4-1:amd64 1.9.3-2
2022-06-22 18:17:19 configure libc-bin:amd64 2.33-7 <none>
2022-06-22 18:17:19 status unpacked libc-bin:amd64 2.33-7
2022-06-22 18:17:19 status half-configured libc-bin:amd64 2.33-7
2022-06-22 18:17:19 status installed libc-bin:amd64 2.33-7
2022-06-22 18:17:19 configure ncurses-bin:amd64 6.3+20220423-2 <none>
2022-06-22 18:17:19 status unpacked ncurses-bin:amd64 6.3+20220423-2
2022-06-22 18:17:19 status half-configured ncurses-bin:amd64 6.3+20220423-2
2022-06-22 18:17:19 status installed ncurses-bin:amd64 6.3+20220423-2
2022-06-22 18:17:19 configure libacl1:amd64 2.3.1-1 <none>
2022-06-22 18:17:19 status triggers-pending libc-bin:amd64 2.33-7
2022-06-22 18:17:19 status unpacked libacl1:amd64 2.3.1-1
2022-06-22 18:17:20 status half-configured libacl1:amd64 2.3.1-1
2022-06-22 18:17:20 status installed libacl1:amd64 2.3.1-1
2022-06-22 18:17:20 configure libunistring2:amd64 1.0-1 <none>
2022-06-22 18:17:20 status unpacked libunistring2:amd64 1.0-1
2022-06-22 18:17:20 status half-configured libunistring2:amd64 1.0-1
2022-06-22 18:17:20 status installed libunistring2:amd64 1.0-1
2022-06-22 18:17:20 configure libsmartcols1:amd64 2.38-4 <none>
2022-06-22 18:17:20 status unpacked libsmartcols1:amd64 2.38-4
2022-06-22 18:17:20 status half-configured libsmartcols1:amd64 2.38-4
2022-06-22 18:17:20 status installed libsmartcols1:amd64 2.38-4
2022-06-22 18:17:20 configure libgcrypt20:amd64 1.10.1-2 <none>
2022-06-22 18:17:20 status unpacked libgcrypt20:amd64 1.10.1-2
2022-06-22 18:17:20 status half-configured libgcrypt20:amd64 1.10.1-2
2022-06-22 18:17:20 status installed libgcrypt20:amd64 1.10.1-2
2022-06-22 18:17:20 configure zlib1g:amd64 1:1.2.11.dfsg-4 <none>
2022-06-22 18:17:20 status unpacked zlib1g:amd64 1:1.2.11.dfsg-4
2022-06-22 18:17:20 status half-configured zlib1g:amd64 1:1.2.11.dfsg-4
2022-06-22 18:17:20 status installed zlib1g:amd64 1:1.2.11.dfsg-4
2022-06-22 18:17:20 configure libcrypt1:amd64 1:4.4.27-1.1 <none>
2022-06-22 18:17:20 status unpacked libcrypt1:amd64 1:4.4.27-1.1
2022-06-22 18:17:20 status half-configured libcrypt1:amd64 1:4.4.27-1.1
2022-06-22 18:17:20 status installed libcrypt1:amd64 1:4.4.27-1.1
2022-06-22 18:17:20 configure libidn2-0:amd64 2.3.2-2 <none>
2022-06-22 18:17:20 status unpacked libidn2-0:amd64 2.3.2-2
2022-06-22 18:17:20 status half-configured libidn2-0:amd64 2.3.2-2
2022-06-22 18:17:20 status installed libidn2-0:amd64 2.3.2-2
2022-06-22 18:17:20 configure libcom-err2:amd64 1.46.5-2 <none>
2022-06-22 18:17:20 status unpacked libcom-err2:amd64 1.46.5-2
2022-06-22 18:17:20 status half-configured libcom-err2:amd64 1.46.5-2
2022-06-22 18:17:20 status installed libcom-err2:amd64 1.46.5-2
2022-06-22 18:17:20 configure diffutils:amd64 1:3.7-5 <none>
2022-06-22 18:17:20 status unpacked diffutils:amd64 1:3.7-5
2022-06-22 18:17:20 status half-configured diffutils:amd64 1:3.7-5
2022-06-22 18:17:21 status installed diffutils:amd64 1:3.7-5
2022-06-22 18:17:21 configure libseccomp2:amd64 2.5.4-1 <none>
2022-06-22 18:17:21 status unpacked libseccomp2:amd64 2.5.4-1
2022-06-22 18:17:21 status half-configured libseccomp2:amd64 2.5.4-1
2022-06-22 18:17:21 status installed libseccomp2:amd64 2.5.4-1
2022-06-22 18:17:21 configure libcap2:amd64 1:2.44-1 <none>
2022-06-22 18:17:21 status unpacked libcap2:amd64 1:2.44-1
2022-06-22 18:17:21 status half-configured libcap2:amd64 1:2.44-1
2022-06-22 18:17:21 status installed libcap2:amd64 1:2.44-1
2022-06-22 18:17:21 configure hostname:amd64 3.23 <none>
2022-06-22 18:17:21 status unpacked hostname:amd64 3.23
2022-06-22 18:17:21 status half-configured hostname:amd64 3.23
2022-06-22 18:17:21 status installed hostname:amd64 3.23
2022-06-22 18:17:21 configure libpcre3:amd64 2:8.39-14 <none>
2022-06-22 18:17:21 status unpacked libpcre3:amd64 2:8.39-14
2022-06-22 18:17:21 status half-configured libpcre3:amd64 2:8.39-14
2022-06-22 18:17:21 status installed libpcre3:amd64 2:8.39-14
2022-06-22 18:17:21 configure libcap-ng0:amd64 0.7.9-2.2+b2 <none>
2022-06-22 18:17:21 status unpacked libcap-ng0:amd64 0.7.9-2.2+b2
2022-06-22 18:17:21 status half-configured libcap-ng0:amd64 0.7.9-2.2+b2
2022-06-22 18:17:21 status installed libcap-ng0:amd64 0.7.9-2.2+b2
2022-06-22 18:17:21 configure libext2fs2:amd64 1.46.5-2 <none>
2022-06-22 18:17:21 status unpacked libext2fs2:amd64 1.46.5-2
2022-06-22 18:17:21 status half-configured libext2fs2:amd64 1.46.5-2
2022-06-22 18:17:21 status installed libext2fs2:amd64 1.46.5-2
2022-06-22 18:17:21 configure libnettle8:amd64 3.7.3-1 <none>
2022-06-22 18:17:21 status unpacked libnettle8:amd64 3.7.3-1
2022-06-22 18:17:21 status half-configured libnettle8:amd64 3.7.3-1
2022-06-22 18:17:21 status installed libnettle8:amd64 3.7.3-1
2022-06-22 18:17:21 configure libgmp10:amd64 2:6.2.1+dfsg-3 <none>
2022-06-22 18:17:21 status unpacked libgmp10:amd64 2:6.2.1+dfsg-3
2022-06-22 18:17:21 status half-configured libgmp10:amd64 2:6.2.1+dfsg-3
2022-06-22 18:17:21 status installed libgmp10:amd64 2:6.2.1+dfsg-3
2022-06-22 18:17:21 configure libp11-kit0:amd64 0.24.1-1 <none>
2022-06-22 18:17:21 status unpacked libp11-kit0:amd64 0.24.1-1
2022-06-22 18:17:21 status half-configured libp11-kit0:amd64 0.24.1-1
2022-06-22 18:17:21 status installed libp11-kit0:amd64 0.24.1-1
2022-06-22 18:17:21 configure libaudit1:amd64 1:3.0.7-1+b1 <none>
2022-06-22 18:17:21 status unpacked libaudit1:amd64 1:3.0.7-1+b1
2022-06-22 18:17:21 status half-configured libaudit1:amd64 1:3.0.7-1+b1
2022-06-22 18:17:21 status installed libaudit1:amd64 1:3.0.7-1+b1
2022-06-22 18:17:21 configure libuuid1:amd64 2.38-4 <none>
2022-06-22 18:17:21 status unpacked libuuid1:amd64 2.38-4
2022-06-22 18:17:21 status half-configured libuuid1:amd64 2.38-4
2022-06-22 18:17:21 status installed libuuid1:amd64 2.38-4
2022-06-22 18:17:21 configure libss2:amd64 1.46.5-2 <none>
2022-06-22 18:17:21 status unpacked libss2:amd64 1.46.5-2
2022-06-22 18:17:21 status half-configured libss2:amd64 1.46.5-2
2022-06-22 18:17:21 status installed libss2:amd64 1.46.5-2
2022-06-22 18:17:21 configure libsepol2:amd64 3.3-1 <none>
2022-06-22 18:17:21 status unpacked libsepol2:amd64 3.3-1
2022-06-22 18:17:21 status half-configured libsepol2:amd64 3.3-1
2022-06-22 18:17:21 status installed libsepol2:amd64 3.3-1
2022-06-22 18:17:21 configure libpcre2-8-0:amd64 10.40-1 <none>
2022-06-22 18:17:21 status unpacked libpcre2-8-0:amd64 10.40-1
2022-06-22 18:17:21 status half-configured libpcre2-8-0:amd64 10.40-1
2022-06-22 18:17:21 status installed libpcre2-8-0:amd64 10.40-1
2022-06-22 18:17:21 configure logsave:amd64 1.46.5-2 <none>
2022-06-22 18:17:21 status unpacked logsave:amd64 1.46.5-2
2022-06-22 18:17:21 status half-configured logsave:amd64 1.46.5-2
2022-06-22 18:17:21 status installed logsave:amd64 1.46.5-2
2022-06-22 18:17:21 configure gpgv:amd64 2.2.35-2 <none>
2022-06-22 18:17:21 status unpacked gpgv:amd64 2.2.35-2
2022-06-22 18:17:21 status half-configured gpgv:amd64 2.2.35-2
2022-06-22 18:17:21 status installed gpgv:amd64 2.2.35-2
2022-06-22 18:17:21 configure util-linux-extra:amd64 2.38-4 <none>
2022-06-22 18:17:21 status unpacked util-linux-extra:amd64 2.38-4
2022-06-22 18:17:21 status half-configured util-linux-extra:amd64 2.38-4
2022-06-22 18:17:21 status installed util-linux-extra:amd64 2.38-4
2022-06-22 18:17:21 configure libhogweed6:amd64 3.7.3-1 <none>
2022-06-22 18:17:21 status unpacked libhogweed6:amd64 3.7.3-1
2022-06-22 18:17:21 status half-configured libhogweed6:amd64 3.7.3-1
2022-06-22 18:17:21 status installed libhogweed6:amd64 3.7.3-1
2022-06-22 18:17:21 configure e2fsprogs:amd64 1.46.5-2 <none>
2022-06-22 18:17:21 status unpacked e2fsprogs:amd64 1.46.5-2
2022-06-22 18:17:21 status half-configured e2fsprogs:amd64 1.46.5-2
2022-06-22 18:17:21 status installed e2fsprogs:amd64 1.46.5-2
2022-06-22 18:17:21 configure libsystemd0:amd64 250.4-1 <none>
2022-06-22 18:17:21 status unpacked libsystemd0:amd64 250.4-1
2022-06-22 18:17:21 status half-configured libsystemd0:amd64 250.4-1
2022-06-22 18:17:21 status installed libsystemd0:amd64 250.4-1
2022-06-22 18:17:21 configure libselinux1:amd64 3.3-1+b2 <none>
2022-06-22 18:17:21 status unpacked libselinux1:amd64 3.3-1+b2
2022-06-22 18:17:21 status half-configured libselinux1:amd64 3.3-1+b2
2022-06-22 18:17:21 status installed libselinux1:amd64 3.3-1+b2
2022-06-22 18:17:21 configure libgnutls30:amd64 3.7.4-2 <none>
2022-06-22 18:17:21 status unpacked libgnutls30:amd64 3.7.4-2
2022-06-22 18:17:21 status half-configured libgnutls30:amd64 3.7.4-2
2022-06-22 18:17:21 status installed libgnutls30:amd64 3.7.4-2
2022-06-22 18:17:21 configure libapt-pkg6.0:amd64 2.5.0 <none>
2022-06-22 18:17:21 status unpacked libapt-pkg6.0:amd64 2.5.0
2022-06-22 18:17:21 status half-configured libapt-pkg6.0:amd64 2.5.0
2022-06-22 18:17:21 status installed libapt-pkg6.0:amd64 2.5.0
2022-06-22 18:17:21 configure sed:amd64 4.8-1 <none>
2022-06-22 18:17:21 status unpacked sed:amd64 4.8-1
2022-06-22 18:17:22 status half-configured sed:amd64 4.8-1
2022-06-22 18:17:22 status installed sed:amd64 4.8-1
2022-06-22 18:17:22 configure findutils:amd64 4.9.0-3 <none>
2022-06-22 18:17:22 status unpacked findutils:amd64 4.9.0-3
2022-06-22 18:17:22 status half-configured findutils:amd64 4.9.0-3
2022-06-22 18:17:22 status installed findutils:amd64 4.9.0-3
2022-06-22 18:17:22 configure libmount1:amd64 2.38-4 <none>
2022-06-22 18:17:22 status unpacked libmount1:amd64 2.38-4
2022-06-22 18:17:22 status half-configured libmount1:amd64 2.38-4
2022-06-22 18:17:22 status installed libmount1:amd64 2.38-4
2022-06-22 18:17:22 configure libsemanage2:amd64 3.3-1+b2 <none>
2022-06-22 18:17:22 status unpacked libsemanage2:amd64 3.3-1+b2
2022-06-22 18:17:22 status half-configured libsemanage2:amd64 3.3-1+b2
2022-06-22 18:17:22 status installed libsemanage2:amd64 3.3-1+b2
2022-06-22 18:17:22 configure bsdutils:amd64 1:2.38-4 <none>
2022-06-22 18:17:22 status unpacked bsdutils:amd64 1:2.38-4
2022-06-22 18:17:22 status half-configured bsdutils:amd64 1:2.38-4
2022-06-22 18:17:22 status installed bsdutils:amd64 1:2.38-4
2022-06-22 18:17:22 configure tar:amd64 1.34+dfsg-1 <none>
2022-06-22 18:17:22 status unpacked tar:amd64 1.34+dfsg-1
2022-06-22 18:17:22 status half-configured tar:amd64 1.34+dfsg-1
2022-06-22 18:17:22 status installed tar:amd64 1.34+dfsg-1
2022-06-22 18:17:22 configure coreutils:amd64 8.32-4.1 <none>
2022-06-22 18:17:22 status unpacked coreutils:amd64 8.32-4.1
2022-06-22 18:17:22 status half-configured coreutils:amd64 8.32-4.1
2022-06-22 18:17:22 status installed coreutils:amd64 8.32-4.1
2022-06-22 18:17:22 configure dpkg:amd64 1.21.8 <none>
2022-06-22 18:17:22 status unpacked dpkg:amd64 1.21.8
2022-06-22 18:17:22 status half-configured dpkg:amd64 1.21.8
2022-06-22 18:17:22 status installed dpkg:amd64 1.21.8
2022-06-22 18:17:22 configure mount:amd64 2.38-4 <none>
2022-06-22 18:17:22 status unpacked mount:amd64 2.38-4
2022-06-22 18:17:22 status half-configured mount:amd64 2.38-4
2022-06-22 18:17:22 status installed mount:amd64 2.38-4
2022-06-22 18:17:22 configure dash:amd64 0.5.11+git20210903+057cd650a4ed-8 <none>
2022-06-22 18:17:22 status unpacked dash:amd64 0.5.11+git20210903+057cd650a4ed-8
2022-06-22 18:17:22 status half-configured dash:amd64 0.5.11+git20210903+057cd650a4ed-8
2022-06-22 18:17:22 status installed dash:amd64 0.5.11+git20210903+057cd650a4ed-8
2022-06-22 18:17:22 configure grep:amd64 3.7-1 <none>
2022-06-22 18:17:22 status unpacked grep:amd64 3.7-1
2022-06-22 18:17:22 status half-configured grep:amd64 3.7-1
2022-06-22 18:17:22 status installed grep:amd64 3.7-1
2022-06-22 18:17:22 configure perl-base:amd64 5.34.0-4 <none>
2022-06-22 18:17:22 status unpacked perl-base:amd64 5.34.0-4
2022-06-22 18:17:22 status half-configured perl-base:amd64 5.34.0-4
2022-06-22 18:17:22 status installed perl-base:amd64 5.34.0-4
2022-06-22 18:17:22 configure gzip:amd64 1.12-1 <none>
2022-06-22 18:17:22 status unpacked gzip:amd64 1.12-1
2022-06-22 18:17:22 status half-configured gzip:amd64 1.12-1
2022-06-22 18:17:22 status installed gzip:amd64 1.12-1
2022-06-22 18:17:22 configure debconf:all 1.5.79 <none>
2022-06-22 18:17:22 status unpacked debconf:all 1.5.79
2022-06-22 18:17:22 status half-configured debconf:all 1.5.79
2022-06-22 18:17:22 status installed debconf:all 1.5.79
2022-06-22 18:17:22 configure tzdata:all 2022a-1 <none>
2022-06-22 18:17:22 status unpacked tzdata:all 2022a-1
2022-06-22 18:17:22 status half-configured tzdata:all 2022a-1
2022-06-22 18:17:22 status installed tzdata:all 2022a-1
2022-06-22 18:17:22 configure libpam0g:amd64 1.4.0-13 <none>
2022-06-22 18:17:22 status unpacked libpam0g:amd64 1.4.0-13
2022-06-22 18:17:22 status half-configured libpam0g:amd64 1.4.0-13
2022-06-22 18:17:22 status installed libpam0g:amd64 1.4.0-13
2022-06-22 18:17:22 configure util-linux:amd64 2.38-4 <none>
2022-06-22 18:17:22 status unpacked util-linux:amd64 2.38-4
2022-06-22 18:17:22 status half-configured util-linux:amd64 2.38-4
2022-06-22 18:17:23 status installed util-linux:amd64 2.38-4
2022-06-22 18:17:23 configure libpam-modules-bin:amd64 1.4.0-13 <none>
2022-06-22 18:17:23 status unpacked libpam-modules-bin:amd64 1.4.0-13
2022-06-22 18:17:23 status half-configured libpam-modules-bin:amd64 1.4.0-13
2022-06-22 18:17:23 status installed libpam-modules-bin:amd64 1.4.0-13
2022-06-22 18:17:23 configure libpam-modules:amd64 1.4.0-13 <none>
2022-06-22 18:17:23 status unpacked libpam-modules:amd64 1.4.0-13
2022-06-22 18:17:23 status half-configured libpam-modules:amd64 1.4.0-13
2022-06-22 18:17:23 status installed libpam-modules:amd64 1.4.0-13
2022-06-22 18:17:23 configure passwd:amd64 1:4.11.1+dfsg1-2 <none>
2022-06-22 18:17:23 status unpacked passwd:amd64 1:4.11.1+dfsg1-2
2022-06-22 18:17:23 status half-configured passwd:amd64 1:4.11.1+dfsg1-2
2022-06-22 18:17:23 status installed passwd:amd64 1:4.11.1+dfsg1-2
2022-06-22 18:17:23 configure libpam-runtime:all 1.4.0-13 <none>
2022-06-22 18:17:23 status unpacked libpam-runtime:all 1.4.0-13
2022-06-22 18:17:23 status half-configured libpam-runtime:all 1.4.0-13
2022-06-22 18:17:23 status installed libpam-runtime:all 1.4.0-13
2022-06-22 18:17:23 configure login:amd64 1:4.11.1+dfsg1-2 <none>
2022-06-22 18:17:23 status unpacked login:amd64 1:4.11.1+dfsg1-2
2022-06-22 18:17:23 status half-configured login:amd64 1:4.11.1+dfsg1-2
2022-06-22 18:17:23 status installed login:amd64 1:4.11.1+dfsg1-2
2022-06-22 18:17:23 configure adduser:all 3.121 <none>
2022-06-22 18:17:23 status unpacked adduser:all 3.121
2022-06-22 18:17:23 status half-configured adduser:all 3.121
2022-06-22 18:17:23 status installed adduser:all 3.121
2022-06-22 18:17:23 configure apt:amd64 2.5.0 <none>
2022-06-22 18:17:23 status unpacked apt:amd64 2.5.0
2022-06-22 18:17:23 status half-configured apt:amd64 2.5.0
2022-06-22 18:17:24 status installed apt:amd64 2.5.0
2022-06-22 18:17:24 trigproc libc-bin:amd64 2.33-7 <none>
2022-06-22 18:17:24 status half-configured libc-bin:amd64 2.33-7
2022-06-22 18:17:24 status installed libc-bin:amd64 2.33-7
2022-06-22 18:17:35 startup archives install
2022-06-22 18:17:35 install dmsetup:amd64 <none> 2:1.02.175-2.1
2022-06-22 18:17:35 status half-installed dmsetup:amd64 2:1.02.175-2.1
2022-06-22 18:17:35 status unpacked dmsetup:amd64 2:1.02.175-2.1
2022-06-22 18:17:35 install libapparmor1:amd64 <none> 3.0.4-2
2022-06-22 18:17:35 status triggers-pending libc-bin:amd64 2.33-7
2022-06-22 18:17:35 status half-installed libapparmor1:amd64 3.0.4-2
2022-06-22 18:17:35 status unpacked libapparmor1:amd64 3.0.4-2
2022-06-22 18:17:35 install libargon2-1:amd64 <none> 0~20171227-0.3
2022-06-22 18:17:35 status half-installed libargon2-1:amd64 0~20171227-0.3
2022-06-22 18:17:35 status unpacked libargon2-1:amd64 0~20171227-0.3
2022-06-22 18:17:35 install libcryptsetup12:amd64 <none> 2:2.4.3-1+b1
2022-06-22 18:17:35 status half-installed libcryptsetup12:amd64 2:2.4.3-1+b1
2022-06-22 18:17:35 status unpacked libcryptsetup12:amd64 2:2.4.3-1+b1
2022-06-22 18:17:35 install libdevmapper1.02.1:amd64 <none> 2:1.02.175-2.1
2022-06-22 18:17:35 status half-installed libdevmapper1.02.1:amd64 2:1.02.175-2.1
2022-06-22 18:17:35 status unpacked libdevmapper1.02.1:amd64 2:1.02.175-2.1
2022-06-22 18:17:35 install libfdisk1:amd64 <none> 2.38-4
2022-06-22 18:17:35 status half-installed libfdisk1:amd64 2.38-4
2022-06-22 18:17:35 status unpacked libfdisk1:amd64 2.38-4
2022-06-22 18:17:35 install libip4tc2:amd64 <none> 1.8.8-1
2022-06-22 18:17:35 status half-installed libip4tc2:amd64 1.8.8-1
2022-06-22 18:17:35 status unpacked libip4tc2:amd64 1.8.8-1
2022-06-22 18:17:35 install libjson-c5:amd64 <none> 0.16-1
2022-06-22 18:17:35 status half-installed libjson-c5:amd64 0.16-1
2022-06-22 18:17:35 status unpacked libjson-c5:amd64 0.16-1
2022-06-22 18:17:35 install libkmod2:amd64 <none> 29-1+b1
2022-06-22 18:17:35 status half-installed libkmod2:amd64 29-1+b1
2022-06-22 18:17:35 status unpacked libkmod2:amd64 29-1+b1
2022-06-22 18:17:36 install libssl3:amd64 <none> 3.0.3-7
2022-06-22 18:17:36 status half-installed libssl3:amd64 3.0.3-7
2022-06-22 18:17:36 status unpacked libssl3:amd64 3.0.3-7
2022-06-22 18:17:36 install systemd:amd64 <none> 250.4-1
2022-06-22 18:17:36 status half-installed systemd:amd64 250.4-1
2022-06-22 18:17:37 status unpacked systemd:amd64 250.4-1
2022-06-22 18:17:37 configure libapparmor1:amd64 3.0.4-2 3.0.4-2
2022-06-22 18:17:37 status half-configured libapparmor1:amd64 3.0.4-2
2022-06-22 18:17:37 status installed libapparmor1:amd64 3.0.4-2
2022-06-22 18:17:37 configure libargon2-1:amd64 0~20171227-0.3 0~20171227-0.3
2022-06-22 18:17:37 status half-configured libargon2-1:amd64 0~20171227-0.3
2022-06-22 18:17:37 status installed libargon2-1:amd64 0~20171227-0.3
2022-06-22 18:17:37 configure libfdisk1:amd64 2.38-4 2.38-4
2022-06-22 18:17:37 status half-configured libfdisk1:amd64 2.38-4
2022-06-22 18:17:37 status installed libfdisk1:amd64 2.38-4
2022-06-22 18:17:37 configure libip4tc2:amd64 1.8.8-1 1.8.8-1
2022-06-22 18:17:37 status half-configured libip4tc2:amd64 1.8.8-1
2022-06-22 18:17:37 status installed libip4tc2:amd64 1.8.8-1
2022-06-22 18:17:37 configure libjson-c5:amd64 0.16-1 0.16-1
2022-06-22 18:17:37 status half-configured libjson-c5:amd64 0.16-1
2022-06-22 18:17:37 status installed libjson-c5:amd64 0.16-1
2022-06-22 18:17:37 configure libssl3:amd64 3.0.3-7 3.0.3-7
2022-06-22 18:17:37 status half-configured libssl3:amd64 3.0.3-7
2022-06-22 18:17:37 status installed libssl3:amd64 3.0.3-7
2022-06-22 18:17:37 configure libkmod2:amd64 29-1+b1 29-1+b1
2022-06-22 18:17:37 status half-configured libkmod2:amd64 29-1+b1
2022-06-22 18:17:37 status installed libkmod2:amd64 29-1+b1
2022-06-22 18:17:37 configure libdevmapper1.02.1:amd64 2:1.02.175-2.1 2:1.02.175-2.1
2022-06-22 18:17:37 status half-configured libdevmapper1.02.1:amd64 2:1.02.175-2.1
2022-06-22 18:17:37 status installed libdevmapper1.02.1:amd64 2:1.02.175-2.1
2022-06-22 18:17:37 configure dmsetup:amd64 2:1.02.175-2.1 2:1.02.175-2.1
2022-06-22 18:17:37 status half-configured dmsetup:amd64 2:1.02.175-2.1
2022-06-22 18:17:37 status installed dmsetup:amd64 2:1.02.175-2.1
2022-06-22 18:17:37 configure libcryptsetup12:amd64 2:2.4.3-1+b1 2:2.4.3-1+b1
2022-06-22 18:17:37 status half-configured libcryptsetup12:amd64 2:2.4.3-1+b1
2022-06-22 18:17:37 status installed libcryptsetup12:amd64 2:2.4.3-1+b1
2022-06-22 18:17:37 configure systemd:amd64 250.4-1 250.4-1
2022-06-22 18:17:37 status half-configured systemd:amd64 250.4-1
2022-06-22 18:17:37 status installed systemd:amd64 250.4-1
2022-06-22 18:17:37 trigproc libc-bin:amd64 2.33-7 <none>
2022-06-22 18:17:37 status half-configured libc-bin:amd64 2.33-7
2022-06-22 18:17:37 status installed libc-bin:amd64 2.33-7
2022-06-22 18:17:48 startup archives install
2022-06-22 18:17:48 install systemd-sysv:amd64 <none> 250.4-1
2022-06-22 18:17:48 status half-installed systemd-sysv:amd64 250.4-1
2022-06-22 18:17:48 status unpacked systemd-sysv:amd64 250.4-1
2022-06-22 18:17:48 configure systemd-sysv:amd64 250.4-1 250.4-1
2022-06-22 18:17:48 status half-configured systemd-sysv:amd64 250.4-1
2022-06-22 18:17:48 status installed systemd-sysv:amd64 250.4-1
2022-06-22 18:17:48 startup archives unpack
2022-06-22 18:17:48 install apt-utils:amd64 <none> 2.5.0
2022-06-22 18:17:48 status half-installed apt-utils:amd64 2.5.0
2022-06-22 18:17:48 status unpacked apt-utils:amd64 2.5.0
2022-06-22 18:17:48 install cpio:amd64 <none> 2.13+dfsg-7
2022-06-22 18:17:48 status half-installed cpio:amd64 2.13+dfsg-7
2022-06-22 18:17:48 status unpacked cpio:amd64 2.13+dfsg-7
2022-06-22 18:17:48 install cron:amd64 <none> 3.0pl1-139
2022-06-22 18:17:48 status half-installed cron:amd64 3.0pl1-139
2022-06-22 18:17:48 status unpacked cron:amd64 3.0pl1-139
2022-06-22 18:17:48 install cybint-archive-keyring:all <none> 1.0
2022-06-22 18:17:48 status half-installed cybint-archive-keyring:all 1.0
2022-06-22 18:17:48 status unpacked cybint-archive-keyring:all 1.0
2022-06-22 18:17:48 install debconf-i18n:all <none> 1.5.79
2022-06-22 18:17:48 status half-installed debconf-i18n:all 1.5.79
2022-06-22 18:17:48 status unpacked debconf-i18n:all 1.5.79
2022-06-22 18:17:48 install dmidecode:amd64 <none> 3.3-3
2022-06-22 18:17:48 status half-installed dmidecode:amd64 3.3-3
2022-06-22 18:17:48 status unpacked dmidecode:amd64 3.3-3
2022-06-22 18:17:48 install fdisk:amd64 <none> 2.38-4
2022-06-22 18:17:48 status half-installed fdisk:amd64 2.38-4
2022-06-22 18:17:48 status unpacked fdisk:amd64 2.38-4
2022-06-22 18:17:48 install ifupdown:amd64 <none> 0.8.37
2022-06-22 18:17:48 status half-installed ifupdown:amd64 0.8.37
2022-06-22 18:17:49 status unpacked ifupdown:amd64 0.8.37
2022-06-22 18:17:49 install init:amd64 <none> 1.63
2022-06-22 18:17:49 status half-installed init:amd64 1.63
2022-06-22 18:17:49 status unpacked init:amd64 1.63
2022-06-22 18:17:49 install iproute2:amd64 <none> 5.18.0-1
2022-06-22 18:17:49 status half-installed iproute2:amd64 5.18.0-1
2022-06-22 18:17:49 status unpacked iproute2:amd64 5.18.0-1
2022-06-22 18:17:49 install iputils-ping:amd64 <none> 3:20211215-1
2022-06-22 18:17:49 status half-installed iputils-ping:amd64 3:20211215-1
2022-06-22 18:17:49 status unpacked iputils-ping:amd64 3:20211215-1
2022-06-22 18:17:49 install isc-dhcp-client:amd64 <none> 4.4.3-2
2022-06-22 18:17:49 status half-installed isc-dhcp-client:amd64 4.4.3-2
2022-06-22 18:17:49 status unpacked isc-dhcp-client:amd64 4.4.3-2
2022-06-22 18:17:49 install isc-dhcp-common:amd64 <none> 4.4.3-2
2022-06-22 18:17:49 status half-installed isc-dhcp-common:amd64 4.4.3-2
2022-06-22 18:17:50 status unpacked isc-dhcp-common:amd64 4.4.3-2
2022-06-22 18:17:50 install kmod:amd64 <none> 29-1+b1
2022-06-22 18:17:50 status half-installed kmod:amd64 29-1+b1
2022-06-22 18:17:50 status unpacked kmod:amd64 29-1+b1
2022-06-22 18:17:50 install less:amd64 <none> 590-1
2022-06-22 18:17:50 status half-installed less:amd64 590-1
2022-06-22 18:17:51 status unpacked less:amd64 590-1
2022-06-22 18:17:51 install libbpf0:amd64 <none> 1:0.8.0-1
2022-06-22 18:17:51 status triggers-pending libc-bin:amd64 2.33-7
2022-06-22 18:17:51 status half-installed libbpf0:amd64 1:0.8.0-1
2022-06-22 18:17:51 status unpacked libbpf0:amd64 1:0.8.0-1
2022-06-22 18:17:51 install libbsd0:amd64 <none> 0.11.6-1
2022-06-22 18:17:51 status half-installed libbsd0:amd64 0.11.6-1
2022-06-22 18:17:51 status unpacked libbsd0:amd64 0.11.6-1
2022-06-22 18:17:52 install libcap2-bin:amd64 <none> 1:2.44-1
2022-06-22 18:17:52 status half-installed libcap2-bin:amd64 1:2.44-1
2022-06-22 18:17:52 status unpacked libcap2-bin:amd64 1:2.44-1
2022-06-22 18:17:52 install libedit2:amd64 <none> 3.1-20210910-1
2022-06-22 18:17:52 status half-installed libedit2:amd64 3.1-20210910-1
2022-06-22 18:17:52 status unpacked libedit2:amd64 3.1-20210910-1
2022-06-22 18:17:52 install libelf1:amd64 <none> 0.187-1
2022-06-22 18:17:52 status half-installed libelf1:amd64 0.187-1
2022-06-22 18:17:52 status unpacked libelf1:amd64 0.187-1
2022-06-22 18:17:53 install libestr0:amd64 <none> 0.1.10-2.1+b1
2022-06-22 18:17:53 status half-installed libestr0:amd64 0.1.10-2.1+b1
2022-06-22 18:17:53 status unpacked libestr0:amd64 0.1.10-2.1+b1
2022-06-22 18:17:53 install libfastjson4:amd64 <none> 0.99.9-1
2022-06-22 18:17:53 status half-installed libfastjson4:amd64 0.99.9-1
2022-06-22 18:17:53 status unpacked libfastjson4:amd64 0.99.9-1
2022-06-22 18:17:53 install libgssapi-krb5-2:amd64 <none> 1.19.2-2+b2
2022-06-22 18:17:53 status half-installed libgssapi-krb5-2:amd64 1.19.2-2+b2
2022-06-22 18:17:53 status unpacked libgssapi-krb5-2:amd64 1.19.2-2+b2
2022-06-22 18:17:53 install libjansson4:amd64 <none> 2.14-2
2022-06-22 18:17:53 status half-installed libjansson4:amd64 2.14-2
2022-06-22 18:17:53 status unpacked libjansson4:amd64 2.14-2
2022-06-22 18:17:54 install libk5crypto3:amd64 <none> 1.19.2-2+b2
2022-06-22 18:17:54 status half-installed libk5crypto3:amd64 1.19.2-2+b2
2022-06-22 18:17:54 status unpacked libk5crypto3:amd64 1.19.2-2+b2
2022-06-22 18:17:54 install libkeyutils1:amd64 <none> 1.6.1-3
2022-06-22 18:17:54 status half-installed libkeyutils1:amd64 1.6.1-3
2022-06-22 18:17:54 status unpacked libkeyutils1:amd64 1.6.1-3
2022-06-22 18:17:54 install libkrb5-3:amd64 <none> 1.19.2-2+b2
2022-06-22 18:17:54 status half-installed libkrb5-3:amd64 1.19.2-2+b2
2022-06-22 18:17:54 status unpacked libkrb5-3:amd64 1.19.2-2+b2
2022-06-22 18:17:54 install libkrb5support0:amd64 <none> 1.19.2-2+b2
2022-06-22 18:17:54 status half-installed libkrb5support0:amd64 1.19.2-2+b2
2022-06-22 18:17:54 status unpacked libkrb5support0:amd64 1.19.2-2+b2
2022-06-22 18:17:54 install liblocale-gettext-perl:amd64 <none> 1.07-4+b2
2022-06-22 18:17:54 status half-installed liblocale-gettext-perl:amd64 1.07-4+b2
2022-06-22 18:17:54 status unpacked liblocale-gettext-perl:amd64 1.07-4+b2
2022-06-22 18:17:54 install liblognorm5:amd64 <none> 2.0.5-1.1
2022-06-22 18:17:54 status half-installed liblognorm5:amd64 2.0.5-1.1
2022-06-22 18:17:54 status unpacked liblognorm5:amd64 2.0.5-1.1
2022-06-22 18:17:54 install libmd0:amd64 <none> 1.0.4-1
2022-06-22 18:17:54 status half-installed libmd0:amd64 1.0.4-1
2022-06-22 18:17:54 status unpacked libmd0:amd64 1.0.4-1
2022-06-22 18:17:54 install libmnl0:amd64 <none> 1.0.4-3
2022-06-22 18:17:54 status half-installed libmnl0:amd64 1.0.4-3
2022-06-22 18:17:54 status unpacked libmnl0:amd64 1.0.4-3
2022-06-22 18:17:54 install libncurses6:amd64 <none> 6.3+20220423-2
2022-06-22 18:17:54 status half-installed libncurses6:amd64 6.3+20220423-2
2022-06-22 18:17:54 status unpacked libncurses6:amd64 6.3+20220423-2
2022-06-22 18:17:54 install libncursesw6:amd64 <none> 6.3+20220423-2
2022-06-22 18:17:54 status half-installed libncursesw6:amd64 6.3+20220423-2
2022-06-22 18:17:54 status unpacked libncursesw6:amd64 6.3+20220423-2
2022-06-22 18:17:54 install libnewt0.52:amd64 <none> 0.52.21-5+b1
2022-06-22 18:17:54 status half-installed libnewt0.52:amd64 0.52.21-5+b1
2022-06-22 18:17:54 status unpacked libnewt0.52:amd64 0.52.21-5+b1
2022-06-22 18:17:54 install libnftables1:amd64 <none> 1.0.2-1
2022-06-22 18:17:54 status half-installed libnftables1:amd64 1.0.2-1
2022-06-22 18:17:54 status unpacked libnftables1:amd64 1.0.2-1
2022-06-22 18:17:54 install libnftnl11:amd64 <none> 1.2.2-1
2022-06-22 18:17:54 status half-installed libnftnl11:amd64 1.2.2-1
2022-06-22 18:17:54 status unpacked libnftnl11:amd64 1.2.2-1
2022-06-22 18:17:54 install libpopt0:amd64 <none> 1.18-3
2022-06-22 18:17:54 status half-installed libpopt0:amd64 1.18-3
2022-06-22 18:17:54 status unpacked libpopt0:amd64 1.18-3
2022-06-22 18:17:54 install libprocps8:amd64 <none> 2:3.3.17-7+b1
2022-06-22 18:17:54 status half-installed libprocps8:amd64 2:3.3.17-7+b1
2022-06-22 18:17:54 status unpacked libprocps8:amd64 2:3.3.17-7+b1
2022-06-22 18:17:54 install libreadline8:amd64 <none> 8.1.2-1.2
2022-06-22 18:17:54 status half-installed libreadline8:amd64 8.1.2-1.2
2022-06-22 18:17:54 status unpacked libreadline8:amd64 8.1.2-1.2
2022-06-22 18:17:54 install libslang2:amd64 <none> 2.3.2-5+b1
2022-06-22 18:17:54 status half-installed libslang2:amd64 2.3.2-5+b1
2022-06-22 18:17:54 status unpacked libslang2:amd64 2.3.2-5+b1
2022-06-22 18:17:54 install libtext-charwidth-perl:amd64 <none> 0.04-10+b2
2022-06-22 18:17:54 status half-installed libtext-charwidth-perl:amd64 0.04-10+b2
2022-06-22 18:17:54 status unpacked libtext-charwidth-perl:amd64 0.04-10+b2
2022-06-22 18:17:54 install libtext-iconv-perl:amd64 <none> 1.7-7+b2
2022-06-22 18:17:54 status half-installed libtext-iconv-perl:amd64 1.7-7+b2
2022-06-22 18:17:54 status unpacked libtext-iconv-perl:amd64 1.7-7+b2
2022-06-22 18:17:54 install libtext-wrapi18n-perl:all <none> 0.06-9
2022-06-22 18:17:54 status half-installed libtext-wrapi18n-perl:all 0.06-9
2022-06-22 18:17:54 status unpacked libtext-wrapi18n-perl:all 0.06-9
2022-06-22 18:17:55 install libtirpc-common:all <none> 1.3.2-2
2022-06-22 18:17:55 status half-installed libtirpc-common:all 1.3.2-2
2022-06-22 18:17:55 status unpacked libtirpc-common:all 1.3.2-2
2022-06-22 18:17:55 install libtirpc3:amd64 <none> 1.3.2-2
2022-06-22 18:17:55 status half-installed libtirpc3:amd64 1.3.2-2
2022-06-22 18:17:55 status unpacked libtirpc3:amd64 1.3.2-2
2022-06-22 18:17:55 install libxtables12:amd64 <none> 1.8.8-1
2022-06-22 18:17:55 status half-installed libxtables12:amd64 1.8.8-1
2022-06-22 18:17:55 status unpacked libxtables12:amd64 1.8.8-1
2022-06-22 18:17:55 install logrotate:amd64 <none> 3.20.1-1
2022-06-22 18:17:55 status half-installed logrotate:amd64 3.20.1-1
2022-06-22 18:17:55 status unpacked logrotate:amd64 3.20.1-1
2022-06-22 18:17:55 install nano:amd64 <none> 6.3-1
2022-06-22 18:17:55 status half-installed nano:amd64 6.3-1
2022-06-22 18:17:55 status unpacked nano:amd64 6.3-1
2022-06-22 18:17:55 install netbase:all <none> 6.3
2022-06-22 18:17:55 status half-installed netbase:all 6.3
2022-06-22 18:17:55 status unpacked netbase:all 6.3
2022-06-22 18:17:55 install nftables:amd64 <none> 1.0.2-1
2022-06-22 18:17:55 status half-installed nftables:amd64 1.0.2-1
2022-06-22 18:17:55 status unpacked nftables:amd64 1.0.2-1
2022-06-22 18:17:55 install procps:amd64 <none> 2:3.3.17-7+b1
2022-06-22 18:17:55 status half-installed procps:amd64 2:3.3.17-7+b1
2022-06-22 18:17:55 status unpacked procps:amd64 2:3.3.17-7+b1
2022-06-22 18:17:55 install readline-common:all <none> 8.1.2-1.2
2022-06-22 18:17:55 status half-installed readline-common:all 8.1.2-1.2
2022-06-22 18:17:55 status unpacked readline-common:all 8.1.2-1.2
2022-06-22 18:17:55 install rsyslog:amd64 <none> 8.2204.1-1+b1
2022-06-22 18:17:55 status half-installed rsyslog:amd64 8.2204.1-1+b1
2022-06-22 18:17:55 status unpacked rsyslog:amd64 8.2204.1-1+b1
2022-06-22 18:17:55 install sensible-utils:all <none> 0.0.17
2022-06-22 18:17:55 status half-installed sensible-utils:all 0.0.17
2022-06-22 18:17:55 status unpacked sensible-utils:all 0.0.17
2022-06-22 18:17:55 install tasksel:all <none> 3.69+rebuild
2022-06-22 18:17:55 status half-installed tasksel:all 3.69+rebuild
2022-06-22 18:17:55 status unpacked tasksel:all 3.69+rebuild
2022-06-22 18:17:55 install tasksel-data:all <none> 3.69+rebuild
2022-06-22 18:17:55 status half-installed tasksel-data:all 3.69+rebuild
2022-06-22 18:17:56 status unpacked tasksel-data:all 3.69+rebuild
2022-06-22 18:17:56 install udev:amd64 <none> 250.4-1
2022-06-22 18:17:56 status half-installed udev:amd64 250.4-1
2022-06-22 18:17:57 status unpacked udev:amd64 250.4-1
2022-06-22 18:17:57 install vim-common:all <none> 2:8.2.4793-1
2022-06-22 18:17:57 status half-installed vim-common:all 2:8.2.4793-1
2022-06-22 18:17:57 status unpacked vim-common:all 2:8.2.4793-1
2022-06-22 18:17:57 install vim-tiny:amd64 <none> 2:8.2.4793-1
2022-06-22 18:17:57 status half-installed vim-tiny:amd64 2:8.2.4793-1
2022-06-22 18:17:58 status unpacked vim-tiny:amd64 2:8.2.4793-1
2022-06-22 18:17:58 install whiptail:amd64 <none> 0.52.21-5+b1
2022-06-22 18:17:58 status half-installed whiptail:amd64 0.52.21-5+b1
2022-06-22 18:17:58 status unpacked whiptail:amd64 0.52.21-5+b1
2022-06-22 18:17:58 install xxd:amd64 <none> 2:8.2.4793-1
2022-06-22 18:17:58 status half-installed xxd:amd64 2:8.2.4793-1
2022-06-22 18:17:58 status unpacked xxd:amd64 2:8.2.4793-1
2022-06-22 18:17:59 trigproc libc-bin:amd64 2.33-7 <none>
2022-06-22 18:17:59 status half-configured libc-bin:amd64 2.33-7
2022-06-22 18:17:59 status installed libc-bin:amd64 2.33-7
2022-06-22 18:17:59 startup packages configure
2022-06-22 18:17:59 configure cpio:amd64 2.13+dfsg-7 <none>
2022-06-22 18:17:59 status unpacked cpio:amd64 2.13+dfsg-7
2022-06-22 18:17:59 status half-configured cpio:amd64 2.13+dfsg-7
2022-06-22 18:17:59 status installed cpio:amd64 2.13+dfsg-7
2022-06-22 18:17:59 configure libtext-iconv-perl:amd64 1.7-7+b2 <none>
2022-06-22 18:17:59 status unpacked libtext-iconv-perl:amd64 1.7-7+b2
2022-06-22 18:17:59 status half-configured libtext-iconv-perl:amd64 1.7-7+b2
2022-06-22 18:17:59 status installed libtext-iconv-perl:amd64 1.7-7+b2
2022-06-22 18:17:59 configure cybint-archive-keyring:all 1.0 <none>
2022-06-22 18:17:59 status unpacked cybint-archive-keyring:all 1.0
2022-06-22 18:17:59 status half-configured cybint-archive-keyring:all 1.0
2022-06-22 18:17:59 status installed cybint-archive-keyring:all 1.0
2022-06-22 18:17:59 configure libtext-charwidth-perl:amd64 0.04-10+b2 <none>
2022-06-22 18:17:59 status unpacked libtext-charwidth-perl:amd64 0.04-10+b2
2022-06-22 18:17:59 status half-configured libtext-charwidth-perl:amd64 0.04-10+b2
2022-06-22 18:17:59 status installed libtext-charwidth-perl:amd64 0.04-10+b2
2022-06-22 18:17:59 configure libkeyutils1:amd64 1.6.1-3 <none>
2022-06-22 18:17:59 status triggers-pending libc-bin:amd64 2.33-7
2022-06-22 18:17:59 status unpacked libkeyutils1:amd64 1.6.1-3
2022-06-22 18:17:59 status half-configured libkeyutils1:amd64 1.6.1-3
2022-06-22 18:17:59 status installed libkeyutils1:amd64 1.6.1-3
2022-06-22 18:17:59 configure apt-utils:amd64 2.5.0 <none>
2022-06-22 18:17:59 status unpacked apt-utils:amd64 2.5.0
2022-06-22 18:18:00 status half-configured apt-utils:amd64 2.5.0
2022-06-22 18:18:00 status installed apt-utils:amd64 2.5.0
2022-06-22 18:18:00 configure init:amd64 1.63 <none>
2022-06-22 18:18:00 status unpacked init:amd64 1.63
2022-06-22 18:18:00 status half-configured init:amd64 1.63
2022-06-22 18:18:00 status installed init:amd64 1.63
2022-06-22 18:18:00 configure libestr0:amd64 0.1.10-2.1+b1 <none>
2022-06-22 18:18:00 status unpacked libestr0:amd64 0.1.10-2.1+b1
2022-06-22 18:18:00 status half-configured libestr0:amd64 0.1.10-2.1+b1
2022-06-22 18:18:00 status installed libestr0:amd64 0.1.10-2.1+b1
2022-06-22 18:18:00 configure libfastjson4:amd64 0.99.9-1 <none>
2022-06-22 18:18:00 status unpacked libfastjson4:amd64 0.99.9-1
2022-06-22 18:18:00 status half-configured libfastjson4:amd64 0.99.9-1
2022-06-22 18:18:00 status installed libfastjson4:amd64 0.99.9-1
2022-06-22 18:18:00 configure libtirpc-common:all 1.3.2-2 <none>
2022-06-22 18:18:00 status unpacked libtirpc-common:all 1.3.2-2
2022-06-22 18:18:00 status half-configured libtirpc-common:all 1.3.2-2
2022-06-22 18:18:00 status installed libtirpc-common:all 1.3.2-2
2022-06-22 18:18:00 configure less:amd64 590-1 <none>
2022-06-22 18:18:00 status unpacked less:amd64 590-1
2022-06-22 18:18:00 status half-configured less:amd64 590-1
2022-06-22 18:18:00 status installed less:amd64 590-1
2022-06-22 18:18:00 configure kmod:amd64 29-1+b1 <none>
2022-06-22 18:18:00 status unpacked kmod:amd64 29-1+b1
2022-06-22 18:18:00 status half-configured kmod:amd64 29-1+b1
2022-06-22 18:18:00 status installed kmod:amd64 29-1+b1
2022-06-22 18:18:00 configure libtext-wrapi18n-perl:all 0.06-9 <none>
2022-06-22 18:18:00 status unpacked libtext-wrapi18n-perl:all 0.06-9
2022-06-22 18:18:00 status half-configured libtext-wrapi18n-perl:all 0.06-9
2022-06-22 18:18:00 status installed libtext-wrapi18n-perl:all 0.06-9
2022-06-22 18:18:00 configure xxd:amd64 2:8.2.4793-1 <none>
2022-06-22 18:18:00 status unpacked xxd:amd64 2:8.2.4793-1
2022-06-22 18:18:00 status half-configured xxd:amd64 2:8.2.4793-1
2022-06-22 18:18:00 status installed xxd:amd64 2:8.2.4793-1
2022-06-22 18:18:00 configure libjansson4:amd64 2.14-2 <none>
2022-06-22 18:18:00 status unpacked libjansson4:amd64 2.14-2
2022-06-22 18:18:00 status half-configured libjansson4:amd64 2.14-2
2022-06-22 18:18:00 status installed libjansson4:amd64 2.14-2
2022-06-22 18:18:00 configure libkrb5support0:amd64 1.19.2-2+b2 <none>
2022-06-22 18:18:00 status unpacked libkrb5support0:amd64 1.19.2-2+b2
2022-06-22 18:18:00 status half-configured libkrb5support0:amd64 1.19.2-2+b2
2022-06-22 18:18:00 status installed libkrb5support0:amd64 1.19.2-2+b2
2022-06-22 18:18:00 configure libcap2-bin:amd64 1:2.44-1 <none>
2022-06-22 18:18:00 status unpacked libcap2-bin:amd64 1:2.44-1
2022-06-22 18:18:00 status half-configured libcap2-bin:amd64 1:2.44-1
2022-06-22 18:18:00 status installed libcap2-bin:amd64 1:2.44-1
2022-06-22 18:18:00 configure vim-common:all 2:8.2.4793-1 <none>
2022-06-22 18:18:00 status unpacked vim-common:all 2:8.2.4793-1
2022-06-22 18:18:00 status half-configured vim-common:all 2:8.2.4793-1
2022-06-22 18:18:00 status installed vim-common:all 2:8.2.4793-1
2022-06-22 18:18:00 configure libslang2:amd64 2.3.2-5+b1 <none>
2022-06-22 18:18:00 status unpacked libslang2:amd64 2.3.2-5+b1
2022-06-22 18:18:00 status half-configured libslang2:amd64 2.3.2-5+b1
2022-06-22 18:18:00 status installed libslang2:amd64 2.3.2-5+b1
2022-06-22 18:18:00 configure libncurses6:amd64 6.3+20220423-2 <none>
2022-06-22 18:18:00 status unpacked libncurses6:amd64 6.3+20220423-2
2022-06-22 18:18:00 status half-configured libncurses6:amd64 6.3+20220423-2
2022-06-22 18:18:00 status installed libncurses6:amd64 6.3+20220423-2
2022-06-22 18:18:00 configure libmnl0:amd64 1.0.4-3 <none>
2022-06-22 18:18:00 status unpacked libmnl0:amd64 1.0.4-3
2022-06-22 18:18:00 status half-configured libmnl0:amd64 1.0.4-3
2022-06-22 18:18:00 status installed libmnl0:amd64 1.0.4-3
2022-06-22 18:18:00 configure udev:amd64 250.4-1 <none>
2022-06-22 18:18:00 status unpacked udev:amd64 250.4-1
2022-06-22 18:18:00 status half-configured udev:amd64 250.4-1
2022-06-22 18:18:05 status installed udev:amd64 250.4-1
2022-06-22 18:18:05 configure libncursesw6:amd64 6.3+20220423-2 <none>
2022-06-22 18:18:05 status unpacked libncursesw6:amd64 6.3+20220423-2
2022-06-22 18:18:05 status half-configured libncursesw6:amd64 6.3+20220423-2
2022-06-22 18:18:05 status installed libncursesw6:amd64 6.3+20220423-2
2022-06-22 18:18:05 configure libk5crypto3:amd64 1.19.2-2+b2 <none>
2022-06-22 18:18:05 status unpacked libk5crypto3:amd64 1.19.2-2+b2
2022-06-22 18:18:05 status half-configured libk5crypto3:amd64 1.19.2-2+b2
2022-06-22 18:18:05 status installed libk5crypto3:amd64 1.19.2-2+b2
2022-06-22 18:18:05 configure libxtables12:amd64 1.8.8-1 <none>
2022-06-22 18:18:05 status unpacked libxtables12:amd64 1.8.8-1
2022-06-22 18:18:05 status half-configured libxtables12:amd64 1.8.8-1
2022-06-22 18:18:05 status installed libxtables12:amd64 1.8.8-1
2022-06-22 18:18:05 configure liblognorm5:amd64 2.0.5-1.1 <none>
2022-06-22 18:18:05 status unpacked liblognorm5:amd64 2.0.5-1.1
2022-06-22 18:18:05 status half-configured liblognorm5:amd64 2.0.5-1.1
2022-06-22 18:18:05 status installed liblognorm5:amd64 2.0.5-1.1
2022-06-22 18:18:05 configure nano:amd64 6.3-1 <none>
2022-06-22 18:18:05 status unpacked nano:amd64 6.3-1
2022-06-22 18:18:05 status half-configured nano:amd64 6.3-1
2022-06-22 18:18:05 status installed nano:amd64 6.3-1
2022-06-22 18:18:05 configure libmd0:amd64 1.0.4-1 <none>
2022-06-22 18:18:05 status unpacked libmd0:amd64 1.0.4-1
2022-06-22 18:18:05 status half-configured libmd0:amd64 1.0.4-1
2022-06-22 18:18:05 status installed libmd0:amd64 1.0.4-1
2022-06-22 18:18:05 configure sensible-utils:all 0.0.17 <none>
2022-06-22 18:18:05 status unpacked sensible-utils:all 0.0.17
2022-06-22 18:18:05 status half-configured sensible-utils:all 0.0.17
2022-06-22 18:18:05 status installed sensible-utils:all 0.0.17
2022-06-22 18:18:05 configure netbase:all 6.3 <none>
2022-06-22 18:18:05 status unpacked netbase:all 6.3
2022-06-22 18:18:05 status half-configured netbase:all 6.3
2022-06-22 18:18:05 status installed netbase:all 6.3
2022-06-22 18:18:05 configure isc-dhcp-common:amd64 4.4.3-2 <none>
2022-06-22 18:18:05 status unpacked isc-dhcp-common:amd64 4.4.3-2
2022-06-22 18:18:05 status half-configured isc-dhcp-common:amd64 4.4.3-2
2022-06-22 18:18:05 status installed isc-dhcp-common:amd64 4.4.3-2
2022-06-22 18:18:05 configure libkrb5-3:amd64 1.19.2-2+b2 <none>
2022-06-22 18:18:05 status unpacked libkrb5-3:amd64 1.19.2-2+b2
2022-06-22 18:18:05 status half-configured libkrb5-3:amd64 1.19.2-2+b2
2022-06-22 18:18:05 status installed libkrb5-3:amd64 1.19.2-2+b2
2022-06-22 18:18:05 configure dmidecode:amd64 3.3-3 <none>
2022-06-22 18:18:05 status unpacked dmidecode:amd64 3.3-3
2022-06-22 18:18:05 status half-configured dmidecode:amd64 3.3-3
2022-06-22 18:18:05 status installed dmidecode:amd64 3.3-3
2022-06-22 18:18:05 configure libbsd0:amd64 0.11.6-1 <none>
2022-06-22 18:18:05 status unpacked libbsd0:amd64 0.11.6-1
2022-06-22 18:18:05 status half-configured libbsd0:amd64 0.11.6-1
2022-06-22 18:18:05 status installed libbsd0:amd64 0.11.6-1
2022-06-22 18:18:05 configure libelf1:amd64 0.187-1 <none>
2022-06-22 18:18:05 status unpacked libelf1:amd64 0.187-1
2022-06-22 18:18:05 status half-configured libelf1:amd64 0.187-1
2022-06-22 18:18:05 status installed libelf1:amd64 0.187-1
2022-06-22 18:18:05 configure iputils-ping:amd64 3:20211215-1 <none>
2022-06-22 18:18:05 status unpacked iputils-ping:amd64 3:20211215-1
2022-06-22 18:18:05 status half-configured iputils-ping:amd64 3:20211215-1
2022-06-22 18:18:05 status installed iputils-ping:amd64 3:20211215-1
2022-06-22 18:18:05 configure readline-common:all 8.1.2-1.2 <none>
2022-06-22 18:18:05 status unpacked readline-common:all 8.1.2-1.2
2022-06-22 18:18:05 status half-configured readline-common:all 8.1.2-1.2
2022-06-22 18:18:05 status installed readline-common:all 8.1.2-1.2
2022-06-22 18:18:05 configure liblocale-gettext-perl:amd64 1.07-4+b2 <none>
2022-06-22 18:18:05 status unpacked liblocale-gettext-perl:amd64 1.07-4+b2
2022-06-22 18:18:05 status half-configured liblocale-gettext-perl:amd64 1.07-4+b2
2022-06-22 18:18:05 status installed liblocale-gettext-perl:amd64 1.07-4+b2
2022-06-22 18:18:05 configure libprocps8:amd64 2:3.3.17-7+b1 <none>
2022-06-22 18:18:05 status unpacked libprocps8:amd64 2:3.3.17-7+b1
2022-06-22 18:18:05 status half-configured libprocps8:amd64 2:3.3.17-7+b1
2022-06-22 18:18:05 status installed libprocps8:amd64 2:3.3.17-7+b1
2022-06-22 18:18:05 configure libpopt0:amd64 1.18-3 <none>
2022-06-22 18:18:05 status unpacked libpopt0:amd64 1.18-3
2022-06-22 18:18:05 status half-configured libpopt0:amd64 1.18-3
2022-06-22 18:18:05 status installed libpopt0:amd64 1.18-3
2022-06-22 18:18:05 configure logrotate:amd64 3.20.1-1 <none>
2022-06-22 18:18:05 status unpacked logrotate:amd64 3.20.1-1
2022-06-22 18:18:05 status half-configured logrotate:amd64 3.20.1-1
2022-06-22 18:18:05 status installed logrotate:amd64 3.20.1-1
2022-06-22 18:18:05 configure libnewt0.52:amd64 0.52.21-5+b1 <none>
2022-06-22 18:18:05 status unpacked libnewt0.52:amd64 0.52.21-5+b1
2022-06-22 18:18:05 status half-configured libnewt0.52:amd64 0.52.21-5+b1
2022-06-22 18:18:05 status installed libnewt0.52:amd64 0.52.21-5+b1
2022-06-22 18:18:05 configure libedit2:amd64 3.1-20210910-1 <none>
2022-06-22 18:18:05 status unpacked libedit2:amd64 3.1-20210910-1
2022-06-22 18:18:05 status half-configured libedit2:amd64 3.1-20210910-1
2022-06-22 18:18:06 status installed libedit2:amd64 3.1-20210910-1
2022-06-22 18:18:06 configure libreadline8:amd64 8.1.2-1.2 <none>
2022-06-22 18:18:06 status unpacked libreadline8:amd64 8.1.2-1.2
2022-06-22 18:18:06 status half-configured libreadline8:amd64 8.1.2-1.2
2022-06-22 18:18:06 status installed libreadline8:amd64 8.1.2-1.2
2022-06-22 18:18:06 configure cron:amd64 3.0pl1-139 <none>
2022-06-22 18:18:06 status unpacked cron:amd64 3.0pl1-139
2022-06-22 18:18:06 status half-configured cron:amd64 3.0pl1-139
2022-06-22 18:18:07 status installed cron:amd64 3.0pl1-139
2022-06-22 18:18:07 configure rsyslog:amd64 8.2204.1-1+b1 <none>
2022-06-22 18:18:07 status unpacked rsyslog:amd64 8.2204.1-1+b1
2022-06-22 18:18:07 status half-configured rsyslog:amd64 8.2204.1-1+b1
2022-06-22 18:18:07 status installed rsyslog:amd64 8.2204.1-1+b1
2022-06-22 18:18:07 configure debconf-i18n:all 1.5.79 <none>
2022-06-22 18:18:07 status unpacked debconf-i18n:all 1.5.79
2022-06-22 18:18:07 status half-configured debconf-i18n:all 1.5.79
2022-06-22 18:18:07 status installed debconf-i18n:all 1.5.79
2022-06-22 18:18:07 configure libnftnl11:amd64 1.2.2-1 <none>
2022-06-22 18:18:07 status unpacked libnftnl11:amd64 1.2.2-1
2022-06-22 18:18:07 status half-configured libnftnl11:amd64 1.2.2-1
2022-06-22 18:18:08 status installed libnftnl11:amd64 1.2.2-1
2022-06-22 18:18:08 configure vim-tiny:amd64 2:8.2.4793-1 <none>
2022-06-22 18:18:08 status unpacked vim-tiny:amd64 2:8.2.4793-1
2022-06-22 18:18:08 status half-configured vim-tiny:amd64 2:8.2.4793-1
2022-06-22 18:18:08 status installed vim-tiny:amd64 2:8.2.4793-1
2022-06-22 18:18:08 configure fdisk:amd64 2.38-4 <none>
2022-06-22 18:18:08 status unpacked fdisk:amd64 2.38-4
2022-06-22 18:18:08 status half-configured fdisk:amd64 2.38-4
2022-06-22 18:18:08 status installed fdisk:amd64 2.38-4
2022-06-22 18:18:08 configure libgssapi-krb5-2:amd64 1.19.2-2+b2 <none>
2022-06-22 18:18:08 status unpacked libgssapi-krb5-2:amd64 1.19.2-2+b2
2022-06-22 18:18:08 status half-configured libgssapi-krb5-2:amd64 1.19.2-2+b2
2022-06-22 18:18:08 status installed libgssapi-krb5-2:amd64 1.19.2-2+b2
2022-06-22 18:18:08 configure whiptail:amd64 0.52.21-5+b1 <none>
2022-06-22 18:18:08 status unpacked whiptail:amd64 0.52.21-5+b1
2022-06-22 18:18:08 status half-configured whiptail:amd64 0.52.21-5+b1
2022-06-22 18:18:08 status installed whiptail:amd64 0.52.21-5+b1
2022-06-22 18:18:08 configure procps:amd64 2:3.3.17-7+b1 <none>
2022-06-22 18:18:08 status unpacked procps:amd64 2:3.3.17-7+b1
2022-06-22 18:18:08 status half-configured procps:amd64 2:3.3.17-7+b1
2022-06-22 18:18:08 status installed procps:amd64 2:3.3.17-7+b1
2022-06-22 18:18:08 configure libbpf0:amd64 1:0.8.0-1 <none>
2022-06-22 18:18:08 status unpacked libbpf0:amd64 1:0.8.0-1
2022-06-22 18:18:09 status half-configured libbpf0:amd64 1:0.8.0-1
2022-06-22 18:18:09 status installed libbpf0:amd64 1:0.8.0-1
2022-06-22 18:18:09 configure libtirpc3:amd64 1.3.2-2 <none>
2022-06-22 18:18:09 status unpacked libtirpc3:amd64 1.3.2-2
2022-06-22 18:18:09 status half-configured libtirpc3:amd64 1.3.2-2
2022-06-22 18:18:09 status installed libtirpc3:amd64 1.3.2-2
2022-06-22 18:18:09 configure libnftables1:amd64 1.0.2-1 <none>
2022-06-22 18:18:09 status unpacked libnftables1:amd64 1.0.2-1
2022-06-22 18:18:09 status half-configured libnftables1:amd64 1.0.2-1
2022-06-22 18:18:09 status installed libnftables1:amd64 1.0.2-1
2022-06-22 18:18:09 configure nftables:amd64 1.0.2-1 <none>
2022-06-22 18:18:09 status unpacked nftables:amd64 1.0.2-1
2022-06-22 18:18:09 status half-configured nftables:amd64 1.0.2-1
2022-06-22 18:18:09 status installed nftables:amd64 1.0.2-1
2022-06-22 18:18:09 configure iproute2:amd64 5.18.0-1 <none>
2022-06-22 18:18:09 status unpacked iproute2:amd64 5.18.0-1
2022-06-22 18:18:09 status half-configured iproute2:amd64 5.18.0-1
2022-06-22 18:18:09 status installed iproute2:amd64 5.18.0-1
2022-06-22 18:18:09 configure isc-dhcp-client:amd64 4.4.3-2 <none>
2022-06-22 18:18:09 status unpacked isc-dhcp-client:amd64 4.4.3-2
2022-06-22 18:18:09 status half-configured isc-dhcp-client:amd64 4.4.3-2
2022-06-22 18:18:09 status installed isc-dhcp-client:amd64 4.4.3-2
2022-06-22 18:18:09 configure ifupdown:amd64 0.8.37 <none>
2022-06-22 18:18:09 status unpacked ifupdown:amd64 0.8.37
2022-06-22 18:18:09 status half-configured ifupdown:amd64 0.8.37
2022-06-22 18:18:10 status installed ifupdown:amd64 0.8.37
2022-06-22 18:18:10 configure tasksel:all 3.69+rebuild <none>
2022-06-22 18:18:10 status unpacked tasksel:all 3.69+rebuild
2022-06-22 18:18:10 status half-configured tasksel:all 3.69+rebuild
2022-06-22 18:18:10 status installed tasksel:all 3.69+rebuild
2022-06-22 18:18:10 configure tasksel-data:all 3.69+rebuild <none>
2022-06-22 18:18:10 status unpacked tasksel-data:all 3.69+rebuild
2022-06-22 18:18:10 status half-configured tasksel-data:all 3.69+rebuild
2022-06-22 18:18:10 status installed tasksel-data:all 3.69+rebuild
2022-06-22 18:18:10 trigproc libc-bin:amd64 2.33-7 <none>
2022-06-22 18:18:10 status half-configured libc-bin:amd64 2.33-7
2022-06-22 18:18:10 status installed libc-bin:amd64 2.33-7
